[2025-06-30T07:09:52.301+0000] {taskinstance.py:1979} INFO - Dependencies all met for dep_context=non-requeueable deps ti=<TaskInstance: django_etl_monitor.run_etl_from_django manual__2025-06-30T07:09:50.125172+00:00 [queued]>
[2025-06-30T07:09:52.310+0000] {taskinstance.py:1979} INFO - Dependencies all met for dep_context=requeueable deps ti=<TaskInstance: django_etl_monitor.run_etl_from_django manual__2025-06-30T07:09:50.125172+00:00 [queued]>
[2025-06-30T07:09:52.311+0000] {taskinstance.py:2193} INFO - Starting attempt 1 of 1
[2025-06-30T07:09:52.330+0000] {taskinstance.py:2214} INFO - Executing <Task(PythonOperator): run_etl_from_django> on 2025-06-30 07:09:50.125172+00:00
[2025-06-30T07:09:52.334+0000] {standard_task_runner.py:60} INFO - Started process 57 to run task
[2025-06-30T07:09:52.338+0000] {standard_task_runner.py:87} INFO - Running: ['***', 'tasks', 'run', 'django_etl_monitor', 'run_etl_from_django', 'manual__2025-06-30T07:09:50.125172+00:00', '--job-id', '194', '--raw', '--subdir', 'DAGS_FOLDER/django_etl_monitor.py', '--cfg-path', '/tmp/tmp7poj1b48']
[2025-06-30T07:09:52.341+0000] {standard_task_runner.py:88} INFO - Job 194: Subtask run_etl_from_django
[2025-06-30T07:09:52.389+0000] {task_command.py:423} INFO - Running <TaskInstance: django_etl_monitor.run_etl_from_django manual__2025-06-30T07:09:50.125172+00:00 [running]> on host 9ba4a1733f24
[2025-06-30T07:09:52.459+0000] {taskinstance.py:2510} INFO - Exporting env vars: AIRFLOW_CTX_DAG_OWNER='***' AIRFLOW_CTX_DAG_ID='django_etl_monitor' AIRFLOW_CTX_TASK_ID='run_etl_from_django' AIRFLOW_CTX_EXECUTION_DATE='2025-06-30T07:09:50.125172+00:00' AIRFLOW_CTX_TRY_NUMBER='1' AIRFLOW_CTX_DAG_RUN_ID='manual__2025-06-30T07:09:50.125172+00:00'
[2025-06-30T07:09:52.461+0000] {logging_mixin.py:188} INFO - [Airflow DAG] Received conf: {'job_id': 112, 'name': 'Filter Load', 'source_table': 'source_data', 'target_table': 'xyz1', 'transformation_rule': '{"nodes": [{"id": "1", "type": "custom", "data": {"label": "source_data", "type": "input"}, "position": {"x": -0.427775029658477, "y": 106.42777502965848}, "width": 201, "height": 42, "selected": true, "positionAbsolute": {"x": -0.427775029658477, "y": 106.42777502965848}, "dragging": false}, {"id": "2", "type": "custom", "data": {"label": "xyz1", "type": "output"}, "position": {"x": 500, "y": 100}, "width": 201, "height": 42, "selected": false, "dragging": false}, {"id": "3", "type": "custom", "data": {"label": "Filter", "type": "filter", "condition": "age>=40"}, "position": {"x": 251.6999505338527, "y": 94.03852888526146}, "width": 201, "height": 70, "selected": false, "positionAbsolute": {"x": 251.6999505338527, "y": 94.03852888526146}, "dragging": false}], "edges": [{"source": "1", "sourceHandle": null, "target": "3", "targetHandle": null, "id": "1-3"}, {"source": "3", "sourceHandle": null, "target": "2", "targetHandle": null, "id": "3-2"}]}'}
[2025-06-30T07:09:52.593+0000] {logging_mixin.py:188} INFO - --- DataFrame to be written to target table ---
[2025-06-30T07:09:52.598+0000] {logging_mixin.py:188} INFO - Empty DataFrame
Columns: [id, name, age]
Index: []
[2025-06-30T07:09:52.600+0000] {logging_mixin.py:188} INFO - id       int64
name    object
age      int64
dtype: object
[2025-06-30T07:09:52.601+0000] {logging_mixin.py:188} INFO - Rows to write: 0
[2025-06-30T07:09:52.691+0000] {logging_mixin.py:188} INFO - ✅ ETL complete: 0 rows written to xyz1
[2025-06-30T07:09:52.693+0000] {python.py:202} INFO - Done. Returned value was: None
[2025-06-30T07:09:52.702+0000] {taskinstance.py:1149} INFO - Marking task as SUCCESS. dag_id=django_etl_monitor, task_id=run_etl_from_django, execution_date=20250630T070950, start_date=20250630T070952, end_date=20250630T070952
[2025-06-30T07:09:52.752+0000] {local_task_job_runner.py:234} INFO - Task exited with return code 0
[2025-06-30T07:09:52.766+0000] {taskinstance.py:3309} INFO - 0 downstream tasks scheduled from follow-on schedule check
