[2025-05-28T05:19:17.848+0000] {processor.py:161} INFO - Started process (PID=37) to work on /opt/airflow/dags/django_etl_monitor.py
[2025-05-28T05:19:17.849+0000] {processor.py:830} INFO - Processing file /opt/airflow/dags/django_etl_monitor.py for tasks to queue
[2025-05-28T05:19:17.854+0000] {logging_mixin.py:188} INFO - [2025-05-28T05:19:17.853+0000] {dagbag.py:540} INFO - Filling up the DagBag from /opt/airflow/dags/django_etl_monitor.py
[2025-05-28T05:19:17.914+0000] {processor.py:840} INFO - DAG(s) 'django_etl_monitor' retrieved from /opt/airflow/dags/django_etl_monitor.py
[2025-05-28T05:19:17.968+0000] {logging_mixin.py:188} INFO - [2025-05-28T05:19:17.968+0000] {dag.py:3047} INFO - Sync 1 DAGs
[2025-05-28T05:19:17.995+0000] {logging_mixin.py:188} INFO - [2025-05-28T05:19:17.994+0000] {dag.py:3834} INFO - Setting next_dagrun for django_etl_monitor to None, run_after=None
[2025-05-28T05:19:18.046+0000] {processor.py:183} INFO - Processing /opt/airflow/dags/django_etl_monitor.py took 0.204 seconds
[2025-05-28T05:19:48.350+0000] {processor.py:161} INFO - Started process (PID=38) to work on /opt/airflow/dags/django_etl_monitor.py
[2025-05-28T05:19:48.361+0000] {processor.py:830} INFO - Processing file /opt/airflow/dags/django_etl_monitor.py for tasks to queue
[2025-05-28T05:19:48.365+0000] {logging_mixin.py:188} INFO - [2025-05-28T05:19:48.365+0000] {dagbag.py:540} INFO - Filling up the DagBag from /opt/airflow/dags/django_etl_monitor.py
[2025-05-28T05:19:48.441+0000] {processor.py:840} INFO - DAG(s) 'django_etl_monitor' retrieved from /opt/airflow/dags/django_etl_monitor.py
[2025-05-28T05:19:49.483+0000] {logging_mixin.py:188} INFO - [2025-05-28T05:19:49.482+0000] {dag.py:3047} INFO - Sync 1 DAGs
[2025-05-28T05:19:49.513+0000] {logging_mixin.py:188} INFO - [2025-05-28T05:19:49.513+0000] {dag.py:3834} INFO - Setting next_dagrun for django_etl_monitor to None, run_after=None
[2025-05-28T05:19:49.608+0000] {processor.py:183} INFO - Processing /opt/airflow/dags/django_etl_monitor.py took 1.263 seconds
[2025-05-28T05:20:19.911+0000] {processor.py:161} INFO - Started process (PID=39) to work on /opt/airflow/dags/django_etl_monitor.py
[2025-05-28T05:20:19.914+0000] {processor.py:830} INFO - Processing file /opt/airflow/dags/django_etl_monitor.py for tasks to queue
[2025-05-28T05:20:19.921+0000] {logging_mixin.py:188} INFO - [2025-05-28T05:20:19.920+0000] {dagbag.py:540} INFO - Filling up the DagBag from /opt/airflow/dags/django_etl_monitor.py
[2025-05-28T05:20:20.007+0000] {processor.py:840} INFO - DAG(s) 'django_etl_monitor' retrieved from /opt/airflow/dags/django_etl_monitor.py
[2025-05-28T05:20:20.096+0000] {logging_mixin.py:188} INFO - [2025-05-28T05:20:20.095+0000] {dag.py:3047} INFO - Sync 1 DAGs
[2025-05-28T05:20:20.137+0000] {logging_mixin.py:188} INFO - [2025-05-28T05:20:20.136+0000] {dag.py:3834} INFO - Setting next_dagrun for django_etl_monitor to None, run_after=None
[2025-05-28T05:20:20.221+0000] {processor.py:183} INFO - Processing /opt/airflow/dags/django_etl_monitor.py took 0.318 seconds
[2025-05-28T05:20:50.431+0000] {processor.py:161} INFO - Started process (PID=40) to work on /opt/airflow/dags/django_etl_monitor.py
[2025-05-28T05:20:50.435+0000] {processor.py:830} INFO - Processing file /opt/airflow/dags/django_etl_monitor.py for tasks to queue
[2025-05-28T05:20:50.441+0000] {logging_mixin.py:188} INFO - [2025-05-28T05:20:50.439+0000] {dagbag.py:540} INFO - Filling up the DagBag from /opt/airflow/dags/django_etl_monitor.py
[2025-05-28T05:20:50.517+0000] {processor.py:840} INFO - DAG(s) 'django_etl_monitor' retrieved from /opt/airflow/dags/django_etl_monitor.py
[2025-05-28T05:20:50.590+0000] {logging_mixin.py:188} INFO - [2025-05-28T05:20:50.589+0000] {dag.py:3047} INFO - Sync 1 DAGs
[2025-05-28T05:20:50.621+0000] {logging_mixin.py:188} INFO - [2025-05-28T05:20:50.621+0000] {dag.py:3834} INFO - Setting next_dagrun for django_etl_monitor to None, run_after=None
[2025-05-28T05:20:50.687+0000] {processor.py:183} INFO - Processing /opt/airflow/dags/django_etl_monitor.py took 0.268 seconds
[2025-05-28T05:21:21.099+0000] {processor.py:161} INFO - Started process (PID=41) to work on /opt/airflow/dags/django_etl_monitor.py
[2025-05-28T05:21:21.103+0000] {processor.py:830} INFO - Processing file /opt/airflow/dags/django_etl_monitor.py for tasks to queue
[2025-05-28T05:21:21.111+0000] {logging_mixin.py:188} INFO - [2025-05-28T05:21:21.109+0000] {dagbag.py:540} INFO - Filling up the DagBag from /opt/airflow/dags/django_etl_monitor.py
[2025-05-28T05:21:21.185+0000] {processor.py:840} INFO - DAG(s) 'django_etl_monitor' retrieved from /opt/airflow/dags/django_etl_monitor.py
[2025-05-28T05:21:21.265+0000] {logging_mixin.py:188} INFO - [2025-05-28T05:21:21.265+0000] {dag.py:3047} INFO - Sync 1 DAGs
[2025-05-28T05:21:21.303+0000] {logging_mixin.py:188} INFO - [2025-05-28T05:21:21.302+0000] {dag.py:3834} INFO - Setting next_dagrun for django_etl_monitor to None, run_after=None
[2025-05-28T05:21:21.366+0000] {processor.py:183} INFO - Processing /opt/airflow/dags/django_etl_monitor.py took 0.275 seconds
[2025-05-28T05:21:51.691+0000] {processor.py:161} INFO - Started process (PID=42) to work on /opt/airflow/dags/django_etl_monitor.py
[2025-05-28T05:21:51.694+0000] {processor.py:830} INFO - Processing file /opt/airflow/dags/django_etl_monitor.py for tasks to queue
[2025-05-28T05:21:51.701+0000] {logging_mixin.py:188} INFO - [2025-05-28T05:21:51.700+0000] {dagbag.py:540} INFO - Filling up the DagBag from /opt/airflow/dags/django_etl_monitor.py
[2025-05-28T05:21:51.771+0000] {processor.py:840} INFO - DAG(s) 'django_etl_monitor' retrieved from /opt/airflow/dags/django_etl_monitor.py
[2025-05-28T05:21:51.849+0000] {logging_mixin.py:188} INFO - [2025-05-28T05:21:51.849+0000] {dag.py:3047} INFO - Sync 1 DAGs
[2025-05-28T05:21:51.876+0000] {logging_mixin.py:188} INFO - [2025-05-28T05:21:51.875+0000] {dag.py:3834} INFO - Setting next_dagrun for django_etl_monitor to None, run_after=None
[2025-05-28T05:21:51.962+0000] {processor.py:183} INFO - Processing /opt/airflow/dags/django_etl_monitor.py took 0.279 seconds
[2025-05-28T05:22:22.498+0000] {processor.py:161} INFO - Started process (PID=43) to work on /opt/airflow/dags/django_etl_monitor.py
[2025-05-28T05:22:22.502+0000] {processor.py:830} INFO - Processing file /opt/airflow/dags/django_etl_monitor.py for tasks to queue
[2025-05-28T05:22:22.510+0000] {logging_mixin.py:188} INFO - [2025-05-28T05:22:22.508+0000] {dagbag.py:540} INFO - Filling up the DagBag from /opt/airflow/dags/django_etl_monitor.py
[2025-05-28T05:22:22.601+0000] {processor.py:840} INFO - DAG(s) 'django_etl_monitor' retrieved from /opt/airflow/dags/django_etl_monitor.py
[2025-05-28T05:22:22.681+0000] {logging_mixin.py:188} INFO - [2025-05-28T05:22:22.680+0000] {dag.py:3047} INFO - Sync 1 DAGs
[2025-05-28T05:22:22.717+0000] {logging_mixin.py:188} INFO - [2025-05-28T05:22:22.717+0000] {dag.py:3834} INFO - Setting next_dagrun for django_etl_monitor to None, run_after=None
[2025-05-28T05:22:22.785+0000] {processor.py:183} INFO - Processing /opt/airflow/dags/django_etl_monitor.py took 0.296 seconds
[2025-05-28T05:22:53.278+0000] {processor.py:161} INFO - Started process (PID=44) to work on /opt/airflow/dags/django_etl_monitor.py
[2025-05-28T05:22:53.282+0000] {processor.py:830} INFO - Processing file /opt/airflow/dags/django_etl_monitor.py for tasks to queue
[2025-05-28T05:22:53.290+0000] {logging_mixin.py:188} INFO - [2025-05-28T05:22:53.289+0000] {dagbag.py:540} INFO - Filling up the DagBag from /opt/airflow/dags/django_etl_monitor.py
[2025-05-28T05:22:53.361+0000] {processor.py:840} INFO - DAG(s) 'django_etl_monitor' retrieved from /opt/airflow/dags/django_etl_monitor.py
[2025-05-28T05:22:53.448+0000] {logging_mixin.py:188} INFO - [2025-05-28T05:22:53.447+0000] {dag.py:3047} INFO - Sync 1 DAGs
[2025-05-28T05:22:53.528+0000] {logging_mixin.py:188} INFO - [2025-05-28T05:22:53.527+0000] {dag.py:3834} INFO - Setting next_dagrun for django_etl_monitor to None, run_after=None
[2025-05-28T05:22:53.621+0000] {processor.py:183} INFO - Processing /opt/airflow/dags/django_etl_monitor.py took 0.354 seconds
[2025-05-28T05:23:24.126+0000] {processor.py:161} INFO - Started process (PID=45) to work on /opt/airflow/dags/django_etl_monitor.py
[2025-05-28T05:23:24.132+0000] {processor.py:830} INFO - Processing file /opt/airflow/dags/django_etl_monitor.py for tasks to queue
[2025-05-28T05:23:24.142+0000] {logging_mixin.py:188} INFO - [2025-05-28T05:23:24.140+0000] {dagbag.py:540} INFO - Filling up the DagBag from /opt/airflow/dags/django_etl_monitor.py
[2025-05-28T05:23:24.239+0000] {processor.py:840} INFO - DAG(s) 'django_etl_monitor' retrieved from /opt/airflow/dags/django_etl_monitor.py
[2025-05-28T05:23:24.318+0000] {logging_mixin.py:188} INFO - [2025-05-28T05:23:24.318+0000] {dag.py:3047} INFO - Sync 1 DAGs
[2025-05-28T05:23:24.358+0000] {logging_mixin.py:188} INFO - [2025-05-28T05:23:24.357+0000] {dag.py:3834} INFO - Setting next_dagrun for django_etl_monitor to None, run_after=None
[2025-05-28T05:23:24.470+0000] {processor.py:183} INFO - Processing /opt/airflow/dags/django_etl_monitor.py took 0.361 seconds
[2025-05-28T05:23:54.937+0000] {processor.py:161} INFO - Started process (PID=46) to work on /opt/airflow/dags/django_etl_monitor.py
[2025-05-28T05:23:54.940+0000] {processor.py:830} INFO - Processing file /opt/airflow/dags/django_etl_monitor.py for tasks to queue
[2025-05-28T05:23:54.946+0000] {logging_mixin.py:188} INFO - [2025-05-28T05:23:54.945+0000] {dagbag.py:540} INFO - Filling up the DagBag from /opt/airflow/dags/django_etl_monitor.py
[2025-05-28T05:23:55.019+0000] {processor.py:840} INFO - DAG(s) 'django_etl_monitor' retrieved from /opt/airflow/dags/django_etl_monitor.py
[2025-05-28T05:23:55.114+0000] {logging_mixin.py:188} INFO - [2025-05-28T05:23:55.114+0000] {dag.py:3047} INFO - Sync 1 DAGs
[2025-05-28T05:23:55.155+0000] {logging_mixin.py:188} INFO - [2025-05-28T05:23:55.154+0000] {dag.py:3834} INFO - Setting next_dagrun for django_etl_monitor to None, run_after=None
[2025-05-28T05:23:55.222+0000] {processor.py:183} INFO - Processing /opt/airflow/dags/django_etl_monitor.py took 0.296 seconds
[2025-05-28T05:24:25.585+0000] {processor.py:161} INFO - Started process (PID=47) to work on /opt/airflow/dags/django_etl_monitor.py
[2025-05-28T05:24:25.588+0000] {processor.py:830} INFO - Processing file /opt/airflow/dags/django_etl_monitor.py for tasks to queue
[2025-05-28T05:24:25.591+0000] {logging_mixin.py:188} INFO - [2025-05-28T05:24:25.590+0000] {dagbag.py:540} INFO - Filling up the DagBag from /opt/airflow/dags/django_etl_monitor.py
[2025-05-28T05:24:25.662+0000] {processor.py:840} INFO - DAG(s) 'django_etl_monitor' retrieved from /opt/airflow/dags/django_etl_monitor.py
[2025-05-28T05:24:25.733+0000] {logging_mixin.py:188} INFO - [2025-05-28T05:24:25.732+0000] {dag.py:3047} INFO - Sync 1 DAGs
[2025-05-28T05:24:25.775+0000] {logging_mixin.py:188} INFO - [2025-05-28T05:24:25.774+0000] {dag.py:3834} INFO - Setting next_dagrun for django_etl_monitor to None, run_after=None
[2025-05-28T05:24:25.880+0000] {processor.py:183} INFO - Processing /opt/airflow/dags/django_etl_monitor.py took 0.299 seconds
[2025-05-28T05:24:56.164+0000] {processor.py:161} INFO - Started process (PID=48) to work on /opt/airflow/dags/django_etl_monitor.py
[2025-05-28T05:24:56.167+0000] {processor.py:830} INFO - Processing file /opt/airflow/dags/django_etl_monitor.py for tasks to queue
[2025-05-28T05:24:56.173+0000] {logging_mixin.py:188} INFO - [2025-05-28T05:24:56.172+0000] {dagbag.py:540} INFO - Filling up the DagBag from /opt/airflow/dags/django_etl_monitor.py
[2025-05-28T05:24:56.239+0000] {processor.py:840} INFO - DAG(s) 'django_etl_monitor' retrieved from /opt/airflow/dags/django_etl_monitor.py
[2025-05-28T05:24:56.315+0000] {logging_mixin.py:188} INFO - [2025-05-28T05:24:56.314+0000] {dag.py:3047} INFO - Sync 1 DAGs
[2025-05-28T05:24:56.355+0000] {logging_mixin.py:188} INFO - [2025-05-28T05:24:56.354+0000] {dag.py:3834} INFO - Setting next_dagrun for django_etl_monitor to None, run_after=None
[2025-05-28T05:24:56.427+0000] {processor.py:183} INFO - Processing /opt/airflow/dags/django_etl_monitor.py took 0.269 seconds
[2025-05-28T05:25:26.742+0000] {processor.py:161} INFO - Started process (PID=49) to work on /opt/airflow/dags/django_etl_monitor.py
[2025-05-28T05:25:26.744+0000] {processor.py:830} INFO - Processing file /opt/airflow/dags/django_etl_monitor.py for tasks to queue
[2025-05-28T05:25:26.749+0000] {logging_mixin.py:188} INFO - [2025-05-28T05:25:26.748+0000] {dagbag.py:540} INFO - Filling up the DagBag from /opt/airflow/dags/django_etl_monitor.py
[2025-05-28T05:25:26.832+0000] {processor.py:840} INFO - DAG(s) 'django_etl_monitor' retrieved from /opt/airflow/dags/django_etl_monitor.py
[2025-05-28T05:25:26.921+0000] {logging_mixin.py:188} INFO - [2025-05-28T05:25:26.920+0000] {dag.py:3047} INFO - Sync 1 DAGs
[2025-05-28T05:25:26.964+0000] {logging_mixin.py:188} INFO - [2025-05-28T05:25:26.963+0000] {dag.py:3834} INFO - Setting next_dagrun for django_etl_monitor to None, run_after=None
[2025-05-28T05:25:27.088+0000] {processor.py:183} INFO - Processing /opt/airflow/dags/django_etl_monitor.py took 0.353 seconds
[2025-05-28T05:25:57.241+0000] {processor.py:161} INFO - Started process (PID=50) to work on /opt/airflow/dags/django_etl_monitor.py
[2025-05-28T05:25:57.244+0000] {processor.py:830} INFO - Processing file /opt/airflow/dags/django_etl_monitor.py for tasks to queue
[2025-05-28T05:25:57.248+0000] {logging_mixin.py:188} INFO - [2025-05-28T05:25:57.247+0000] {dagbag.py:540} INFO - Filling up the DagBag from /opt/airflow/dags/django_etl_monitor.py
[2025-05-28T05:25:57.334+0000] {processor.py:840} INFO - DAG(s) 'django_etl_monitor' retrieved from /opt/airflow/dags/django_etl_monitor.py
[2025-05-28T05:25:57.439+0000] {logging_mixin.py:188} INFO - [2025-05-28T05:25:57.438+0000] {dag.py:3047} INFO - Sync 1 DAGs
[2025-05-28T05:25:57.488+0000] {logging_mixin.py:188} INFO - [2025-05-28T05:25:57.486+0000] {dag.py:3834} INFO - Setting next_dagrun for django_etl_monitor to None, run_after=None
[2025-05-28T05:25:57.568+0000] {processor.py:183} INFO - Processing /opt/airflow/dags/django_etl_monitor.py took 0.333 seconds
[2025-05-28T05:26:27.930+0000] {processor.py:161} INFO - Started process (PID=51) to work on /opt/airflow/dags/django_etl_monitor.py
[2025-05-28T05:26:27.933+0000] {processor.py:830} INFO - Processing file /opt/airflow/dags/django_etl_monitor.py for tasks to queue
[2025-05-28T05:26:27.938+0000] {logging_mixin.py:188} INFO - [2025-05-28T05:26:27.937+0000] {dagbag.py:540} INFO - Filling up the DagBag from /opt/airflow/dags/django_etl_monitor.py
[2025-05-28T05:26:27.994+0000] {processor.py:840} INFO - DAG(s) 'django_etl_monitor' retrieved from /opt/airflow/dags/django_etl_monitor.py
[2025-05-28T05:26:28.048+0000] {logging_mixin.py:188} INFO - [2025-05-28T05:26:28.048+0000] {dag.py:3047} INFO - Sync 1 DAGs
[2025-05-28T05:26:28.077+0000] {logging_mixin.py:188} INFO - [2025-05-28T05:26:28.077+0000] {dag.py:3834} INFO - Setting next_dagrun for django_etl_monitor to None, run_after=None
[2025-05-28T05:26:28.142+0000] {processor.py:183} INFO - Processing /opt/airflow/dags/django_etl_monitor.py took 0.217 seconds
[2025-05-28T05:26:58.300+0000] {processor.py:161} INFO - Started process (PID=52) to work on /opt/airflow/dags/django_etl_monitor.py
[2025-05-28T05:26:58.303+0000] {processor.py:830} INFO - Processing file /opt/airflow/dags/django_etl_monitor.py for tasks to queue
[2025-05-28T05:26:58.309+0000] {logging_mixin.py:188} INFO - [2025-05-28T05:26:58.307+0000] {dagbag.py:540} INFO - Filling up the DagBag from /opt/airflow/dags/django_etl_monitor.py
[2025-05-28T05:26:58.363+0000] {processor.py:840} INFO - DAG(s) 'django_etl_monitor' retrieved from /opt/airflow/dags/django_etl_monitor.py
[2025-05-28T05:26:58.406+0000] {logging_mixin.py:188} INFO - [2025-05-28T05:26:58.405+0000] {dag.py:3047} INFO - Sync 1 DAGs
[2025-05-28T05:26:58.431+0000] {logging_mixin.py:188} INFO - [2025-05-28T05:26:58.430+0000] {dag.py:3834} INFO - Setting next_dagrun for django_etl_monitor to None, run_after=None
[2025-05-28T05:26:58.474+0000] {processor.py:183} INFO - Processing /opt/airflow/dags/django_etl_monitor.py took 0.183 seconds
[2025-05-28T05:27:28.857+0000] {processor.py:161} INFO - Started process (PID=53) to work on /opt/airflow/dags/django_etl_monitor.py
[2025-05-28T05:27:28.859+0000] {processor.py:830} INFO - Processing file /opt/airflow/dags/django_etl_monitor.py for tasks to queue
[2025-05-28T05:27:28.863+0000] {logging_mixin.py:188} INFO - [2025-05-28T05:27:28.862+0000] {dagbag.py:540} INFO - Filling up the DagBag from /opt/airflow/dags/django_etl_monitor.py
[2025-05-28T05:27:28.903+0000] {processor.py:840} INFO - DAG(s) 'django_etl_monitor' retrieved from /opt/airflow/dags/django_etl_monitor.py
[2025-05-28T05:27:28.943+0000] {logging_mixin.py:188} INFO - [2025-05-28T05:27:28.943+0000] {dag.py:3047} INFO - Sync 1 DAGs
[2025-05-28T05:27:28.963+0000] {logging_mixin.py:188} INFO - [2025-05-28T05:27:28.963+0000] {dag.py:3834} INFO - Setting next_dagrun for django_etl_monitor to None, run_after=None
[2025-05-28T05:27:29.006+0000] {processor.py:183} INFO - Processing /opt/airflow/dags/django_etl_monitor.py took 0.153 seconds
[2025-05-28T05:27:59.225+0000] {processor.py:161} INFO - Started process (PID=54) to work on /opt/airflow/dags/django_etl_monitor.py
[2025-05-28T05:27:59.228+0000] {processor.py:830} INFO - Processing file /opt/airflow/dags/django_etl_monitor.py for tasks to queue
[2025-05-28T05:27:59.232+0000] {logging_mixin.py:188} INFO - [2025-05-28T05:27:59.231+0000] {dagbag.py:540} INFO - Filling up the DagBag from /opt/airflow/dags/django_etl_monitor.py
[2025-05-28T05:27:59.304+0000] {processor.py:840} INFO - DAG(s) 'django_etl_monitor' retrieved from /opt/airflow/dags/django_etl_monitor.py
[2025-05-28T05:27:59.385+0000] {logging_mixin.py:188} INFO - [2025-05-28T05:27:59.384+0000] {dag.py:3047} INFO - Sync 1 DAGs
[2025-05-28T05:27:59.441+0000] {logging_mixin.py:188} INFO - [2025-05-28T05:27:59.439+0000] {dag.py:3834} INFO - Setting next_dagrun for django_etl_monitor to None, run_after=None
[2025-05-28T05:27:59.516+0000] {processor.py:183} INFO - Processing /opt/airflow/dags/django_etl_monitor.py took 0.303 seconds
[2025-05-28T05:28:29.776+0000] {processor.py:161} INFO - Started process (PID=55) to work on /opt/airflow/dags/django_etl_monitor.py
[2025-05-28T05:28:29.779+0000] {processor.py:830} INFO - Processing file /opt/airflow/dags/django_etl_monitor.py for tasks to queue
[2025-05-28T05:28:29.786+0000] {logging_mixin.py:188} INFO - [2025-05-28T05:28:29.785+0000] {dagbag.py:540} INFO - Filling up the DagBag from /opt/airflow/dags/django_etl_monitor.py
[2025-05-28T05:28:29.852+0000] {processor.py:840} INFO - DAG(s) 'django_etl_monitor' retrieved from /opt/airflow/dags/django_etl_monitor.py
[2025-05-28T05:28:29.922+0000] {logging_mixin.py:188} INFO - [2025-05-28T05:28:29.921+0000] {dag.py:3047} INFO - Sync 1 DAGs
[2025-05-28T05:28:29.958+0000] {logging_mixin.py:188} INFO - [2025-05-28T05:28:29.957+0000] {dag.py:3834} INFO - Setting next_dagrun for django_etl_monitor to None, run_after=None
[2025-05-28T05:28:30.027+0000] {processor.py:183} INFO - Processing /opt/airflow/dags/django_etl_monitor.py took 0.263 seconds
[2025-05-28T05:29:00.309+0000] {processor.py:161} INFO - Started process (PID=56) to work on /opt/airflow/dags/django_etl_monitor.py
[2025-05-28T05:29:00.312+0000] {processor.py:830} INFO - Processing file /opt/airflow/dags/django_etl_monitor.py for tasks to queue
[2025-05-28T05:29:00.318+0000] {logging_mixin.py:188} INFO - [2025-05-28T05:29:00.317+0000] {dagbag.py:540} INFO - Filling up the DagBag from /opt/airflow/dags/django_etl_monitor.py
[2025-05-28T05:29:00.402+0000] {processor.py:840} INFO - DAG(s) 'django_etl_monitor' retrieved from /opt/airflow/dags/django_etl_monitor.py
[2025-05-28T05:29:00.482+0000] {logging_mixin.py:188} INFO - [2025-05-28T05:29:00.482+0000] {dag.py:3047} INFO - Sync 1 DAGs
[2025-05-28T05:29:00.523+0000] {logging_mixin.py:188} INFO - [2025-05-28T05:29:00.523+0000] {dag.py:3834} INFO - Setting next_dagrun for django_etl_monitor to None, run_after=None
[2025-05-28T05:29:00.639+0000] {processor.py:183} INFO - Processing /opt/airflow/dags/django_etl_monitor.py took 0.340 seconds
[2025-05-28T05:29:30.956+0000] {processor.py:161} INFO - Started process (PID=57) to work on /opt/airflow/dags/django_etl_monitor.py
[2025-05-28T05:29:30.959+0000] {processor.py:830} INFO - Processing file /opt/airflow/dags/django_etl_monitor.py for tasks to queue
[2025-05-28T05:29:30.963+0000] {logging_mixin.py:188} INFO - [2025-05-28T05:29:30.963+0000] {dagbag.py:540} INFO - Filling up the DagBag from /opt/airflow/dags/django_etl_monitor.py
[2025-05-28T05:29:31.028+0000] {processor.py:840} INFO - DAG(s) 'django_etl_monitor' retrieved from /opt/airflow/dags/django_etl_monitor.py
[2025-05-28T05:29:31.092+0000] {logging_mixin.py:188} INFO - [2025-05-28T05:29:31.091+0000] {dag.py:3047} INFO - Sync 1 DAGs
[2025-05-28T05:29:31.126+0000] {logging_mixin.py:188} INFO - [2025-05-28T05:29:31.125+0000] {dag.py:3834} INFO - Setting next_dagrun for django_etl_monitor to None, run_after=None
[2025-05-28T05:29:31.184+0000] {processor.py:183} INFO - Processing /opt/airflow/dags/django_etl_monitor.py took 0.237 seconds
[2025-05-28T05:30:01.405+0000] {processor.py:161} INFO - Started process (PID=58) to work on /opt/airflow/dags/django_etl_monitor.py
[2025-05-28T05:30:01.408+0000] {processor.py:830} INFO - Processing file /opt/airflow/dags/django_etl_monitor.py for tasks to queue
[2025-05-28T05:30:01.413+0000] {logging_mixin.py:188} INFO - [2025-05-28T05:30:01.413+0000] {dagbag.py:540} INFO - Filling up the DagBag from /opt/airflow/dags/django_etl_monitor.py
[2025-05-28T05:30:01.456+0000] {processor.py:840} INFO - DAG(s) 'django_etl_monitor' retrieved from /opt/airflow/dags/django_etl_monitor.py
[2025-05-28T05:30:01.507+0000] {logging_mixin.py:188} INFO - [2025-05-28T05:30:01.507+0000] {dag.py:3047} INFO - Sync 1 DAGs
[2025-05-28T05:30:01.540+0000] {logging_mixin.py:188} INFO - [2025-05-28T05:30:01.539+0000] {dag.py:3834} INFO - Setting next_dagrun for django_etl_monitor to None, run_after=None
[2025-05-28T05:30:01.603+0000] {processor.py:183} INFO - Processing /opt/airflow/dags/django_etl_monitor.py took 0.208 seconds
[2025-05-28T05:30:31.963+0000] {processor.py:161} INFO - Started process (PID=59) to work on /opt/airflow/dags/django_etl_monitor.py
[2025-05-28T05:30:31.965+0000] {processor.py:830} INFO - Processing file /opt/airflow/dags/django_etl_monitor.py for tasks to queue
[2025-05-28T05:30:31.968+0000] {logging_mixin.py:188} INFO - [2025-05-28T05:30:31.968+0000] {dagbag.py:540} INFO - Filling up the DagBag from /opt/airflow/dags/django_etl_monitor.py
[2025-05-28T05:30:32.024+0000] {processor.py:840} INFO - DAG(s) 'django_etl_monitor' retrieved from /opt/airflow/dags/django_etl_monitor.py
[2025-05-28T05:30:32.070+0000] {logging_mixin.py:188} INFO - [2025-05-28T05:30:32.070+0000] {dag.py:3047} INFO - Sync 1 DAGs
[2025-05-28T05:30:32.101+0000] {logging_mixin.py:188} INFO - [2025-05-28T05:30:32.100+0000] {dag.py:3834} INFO - Setting next_dagrun for django_etl_monitor to None, run_after=None
[2025-05-28T05:30:32.154+0000] {processor.py:183} INFO - Processing /opt/airflow/dags/django_etl_monitor.py took 0.197 seconds
[2025-05-28T05:31:02.389+0000] {processor.py:161} INFO - Started process (PID=60) to work on /opt/airflow/dags/django_etl_monitor.py
[2025-05-28T05:31:02.392+0000] {processor.py:830} INFO - Processing file /opt/airflow/dags/django_etl_monitor.py for tasks to queue
[2025-05-28T05:31:02.397+0000] {logging_mixin.py:188} INFO - [2025-05-28T05:31:02.397+0000] {dagbag.py:540} INFO - Filling up the DagBag from /opt/airflow/dags/django_etl_monitor.py
[2025-05-28T05:31:02.498+0000] {processor.py:840} INFO - DAG(s) 'django_etl_monitor' retrieved from /opt/airflow/dags/django_etl_monitor.py
[2025-05-28T05:31:02.570+0000] {logging_mixin.py:188} INFO - [2025-05-28T05:31:02.570+0000] {dag.py:3047} INFO - Sync 1 DAGs
[2025-05-28T05:31:02.601+0000] {logging_mixin.py:188} INFO - [2025-05-28T05:31:02.601+0000] {dag.py:3834} INFO - Setting next_dagrun for django_etl_monitor to None, run_after=None
[2025-05-28T05:31:02.664+0000] {processor.py:183} INFO - Processing /opt/airflow/dags/django_etl_monitor.py took 0.281 seconds
[2025-05-28T05:33:34.455+0000] {processor.py:161} INFO - Started process (PID=61) to work on /opt/airflow/dags/django_etl_monitor.py
[2025-05-28T05:33:34.463+0000] {processor.py:830} INFO - Processing file /opt/airflow/dags/django_etl_monitor.py for tasks to queue
[2025-05-28T05:33:34.473+0000] {logging_mixin.py:188} INFO - [2025-05-28T05:33:34.471+0000] {dagbag.py:540} INFO - Filling up the DagBag from /opt/airflow/dags/django_etl_monitor.py
[2025-05-28T05:33:34.577+0000] {processor.py:840} INFO - DAG(s) 'django_etl_monitor' retrieved from /opt/airflow/dags/django_etl_monitor.py
[2025-05-28T05:33:34.703+0000] {logging_mixin.py:188} INFO - [2025-05-28T05:33:34.702+0000] {dag.py:3047} INFO - Sync 1 DAGs
[2025-05-28T05:33:34.754+0000] {logging_mixin.py:188} INFO - [2025-05-28T05:33:34.753+0000] {dag.py:3834} INFO - Setting next_dagrun for django_etl_monitor to None, run_after=None
[2025-05-28T05:33:34.862+0000] {processor.py:183} INFO - Processing /opt/airflow/dags/django_etl_monitor.py took 0.421 seconds
[2025-05-28T05:34:05.328+0000] {processor.py:161} INFO - Started process (PID=62) to work on /opt/airflow/dags/django_etl_monitor.py
[2025-05-28T05:34:05.332+0000] {processor.py:830} INFO - Processing file /opt/airflow/dags/django_etl_monitor.py for tasks to queue
[2025-05-28T05:34:05.339+0000] {logging_mixin.py:188} INFO - [2025-05-28T05:34:05.339+0000] {dagbag.py:540} INFO - Filling up the DagBag from /opt/airflow/dags/django_etl_monitor.py
[2025-05-28T05:34:05.413+0000] {processor.py:840} INFO - DAG(s) 'django_etl_monitor' retrieved from /opt/airflow/dags/django_etl_monitor.py
[2025-05-28T05:34:05.526+0000] {logging_mixin.py:188} INFO - [2025-05-28T05:34:05.525+0000] {dag.py:3047} INFO - Sync 1 DAGs
[2025-05-28T05:34:05.579+0000] {logging_mixin.py:188} INFO - [2025-05-28T05:34:05.578+0000] {dag.py:3834} INFO - Setting next_dagrun for django_etl_monitor to None, run_after=None
[2025-05-28T05:34:05.700+0000] {processor.py:183} INFO - Processing /opt/airflow/dags/django_etl_monitor.py took 0.380 seconds
[2025-05-28T05:34:36.118+0000] {processor.py:161} INFO - Started process (PID=63) to work on /opt/airflow/dags/django_etl_monitor.py
[2025-05-28T05:34:36.122+0000] {processor.py:830} INFO - Processing file /opt/airflow/dags/django_etl_monitor.py for tasks to queue
[2025-05-28T05:34:36.126+0000] {logging_mixin.py:188} INFO - [2025-05-28T05:34:36.125+0000] {dagbag.py:540} INFO - Filling up the DagBag from /opt/airflow/dags/django_etl_monitor.py
[2025-05-28T05:34:36.190+0000] {processor.py:840} INFO - DAG(s) 'django_etl_monitor' retrieved from /opt/airflow/dags/django_etl_monitor.py
[2025-05-28T05:34:36.233+0000] {logging_mixin.py:188} INFO - [2025-05-28T05:34:36.233+0000] {dag.py:3047} INFO - Sync 1 DAGs
[2025-05-28T05:34:36.255+0000] {logging_mixin.py:188} INFO - [2025-05-28T05:34:36.254+0000] {dag.py:3834} INFO - Setting next_dagrun for django_etl_monitor to None, run_after=None
[2025-05-28T05:34:36.322+0000] {processor.py:183} INFO - Processing /opt/airflow/dags/django_etl_monitor.py took 0.210 seconds
[2025-05-28T05:35:06.438+0000] {processor.py:161} INFO - Started process (PID=64) to work on /opt/airflow/dags/django_etl_monitor.py
[2025-05-28T05:35:06.441+0000] {processor.py:830} INFO - Processing file /opt/airflow/dags/django_etl_monitor.py for tasks to queue
[2025-05-28T05:35:06.445+0000] {logging_mixin.py:188} INFO - [2025-05-28T05:35:06.444+0000] {dagbag.py:540} INFO - Filling up the DagBag from /opt/airflow/dags/django_etl_monitor.py
[2025-05-28T05:35:06.517+0000] {processor.py:840} INFO - DAG(s) 'django_etl_monitor' retrieved from /opt/airflow/dags/django_etl_monitor.py
[2025-05-28T05:35:06.582+0000] {logging_mixin.py:188} INFO - [2025-05-28T05:35:06.581+0000] {dag.py:3047} INFO - Sync 1 DAGs
[2025-05-28T05:35:06.621+0000] {logging_mixin.py:188} INFO - [2025-05-28T05:35:06.620+0000] {dag.py:3834} INFO - Setting next_dagrun for django_etl_monitor to None, run_after=None
[2025-05-28T05:35:06.692+0000] {processor.py:183} INFO - Processing /opt/airflow/dags/django_etl_monitor.py took 0.262 seconds
[2025-05-28T05:35:37.131+0000] {processor.py:161} INFO - Started process (PID=65) to work on /opt/airflow/dags/django_etl_monitor.py
[2025-05-28T05:35:37.137+0000] {processor.py:830} INFO - Processing file /opt/airflow/dags/django_etl_monitor.py for tasks to queue
[2025-05-28T05:35:37.147+0000] {logging_mixin.py:188} INFO - [2025-05-28T05:35:37.145+0000] {dagbag.py:540} INFO - Filling up the DagBag from /opt/airflow/dags/django_etl_monitor.py
[2025-05-28T05:35:37.213+0000] {processor.py:840} INFO - DAG(s) 'django_etl_monitor' retrieved from /opt/airflow/dags/django_etl_monitor.py
[2025-05-28T05:35:37.245+0000] {logging_mixin.py:188} INFO - [2025-05-28T05:35:37.245+0000] {dag.py:3047} INFO - Sync 1 DAGs
[2025-05-28T05:35:37.260+0000] {logging_mixin.py:188} INFO - [2025-05-28T05:35:37.260+0000] {dag.py:3834} INFO - Setting next_dagrun for django_etl_monitor to None, run_after=None
[2025-05-28T05:35:37.305+0000] {processor.py:183} INFO - Processing /opt/airflow/dags/django_etl_monitor.py took 0.187 seconds
[2025-05-28T05:36:07.640+0000] {processor.py:161} INFO - Started process (PID=66) to work on /opt/airflow/dags/django_etl_monitor.py
[2025-05-28T05:36:07.645+0000] {processor.py:830} INFO - Processing file /opt/airflow/dags/django_etl_monitor.py for tasks to queue
[2025-05-28T05:36:07.653+0000] {logging_mixin.py:188} INFO - [2025-05-28T05:36:07.651+0000] {dagbag.py:540} INFO - Filling up the DagBag from /opt/airflow/dags/django_etl_monitor.py
[2025-05-28T05:36:07.732+0000] {processor.py:840} INFO - DAG(s) 'django_etl_monitor' retrieved from /opt/airflow/dags/django_etl_monitor.py
[2025-05-28T05:36:07.797+0000] {logging_mixin.py:188} INFO - [2025-05-28T05:36:07.796+0000] {dag.py:3047} INFO - Sync 1 DAGs
[2025-05-28T05:36:07.835+0000] {logging_mixin.py:188} INFO - [2025-05-28T05:36:07.834+0000] {dag.py:3834} INFO - Setting next_dagrun for django_etl_monitor to None, run_after=None
[2025-05-28T05:36:07.942+0000] {processor.py:183} INFO - Processing /opt/airflow/dags/django_etl_monitor.py took 0.318 seconds
[2025-05-28T05:36:38.197+0000] {processor.py:161} INFO - Started process (PID=67) to work on /opt/airflow/dags/django_etl_monitor.py
[2025-05-28T05:36:38.198+0000] {processor.py:830} INFO - Processing file /opt/airflow/dags/django_etl_monitor.py for tasks to queue
[2025-05-28T05:36:38.201+0000] {logging_mixin.py:188} INFO - [2025-05-28T05:36:38.201+0000] {dagbag.py:540} INFO - Filling up the DagBag from /opt/airflow/dags/django_etl_monitor.py
[2025-05-28T05:36:38.329+0000] {processor.py:840} INFO - DAG(s) 'django_etl_monitor' retrieved from /opt/airflow/dags/django_etl_monitor.py
[2025-05-28T05:36:38.404+0000] {logging_mixin.py:188} INFO - [2025-05-28T05:36:38.403+0000] {dag.py:3047} INFO - Sync 1 DAGs
[2025-05-28T05:36:38.438+0000] {logging_mixin.py:188} INFO - [2025-05-28T05:36:38.438+0000] {dag.py:3834} INFO - Setting next_dagrun for django_etl_monitor to None, run_after=None
[2025-05-28T05:36:38.537+0000] {processor.py:183} INFO - Processing /opt/airflow/dags/django_etl_monitor.py took 0.347 seconds
[2025-05-28T05:37:08.767+0000] {processor.py:161} INFO - Started process (PID=68) to work on /opt/airflow/dags/django_etl_monitor.py
[2025-05-28T05:37:08.769+0000] {processor.py:830} INFO - Processing file /opt/airflow/dags/django_etl_monitor.py for tasks to queue
[2025-05-28T05:37:08.773+0000] {logging_mixin.py:188} INFO - [2025-05-28T05:37:08.772+0000] {dagbag.py:540} INFO - Filling up the DagBag from /opt/airflow/dags/django_etl_monitor.py
[2025-05-28T05:37:08.820+0000] {processor.py:840} INFO - DAG(s) 'django_etl_monitor' retrieved from /opt/airflow/dags/django_etl_monitor.py
[2025-05-28T05:37:08.858+0000] {logging_mixin.py:188} INFO - [2025-05-28T05:37:08.857+0000] {dag.py:3047} INFO - Sync 1 DAGs
[2025-05-28T05:37:08.872+0000] {logging_mixin.py:188} INFO - [2025-05-28T05:37:08.872+0000] {dag.py:3834} INFO - Setting next_dagrun for django_etl_monitor to None, run_after=None
[2025-05-28T05:37:08.906+0000] {processor.py:183} INFO - Processing /opt/airflow/dags/django_etl_monitor.py took 0.146 seconds
[2025-05-28T05:37:39.290+0000] {processor.py:161} INFO - Started process (PID=69) to work on /opt/airflow/dags/django_etl_monitor.py
[2025-05-28T05:37:39.296+0000] {processor.py:830} INFO - Processing file /opt/airflow/dags/django_etl_monitor.py for tasks to queue
[2025-05-28T05:37:39.299+0000] {logging_mixin.py:188} INFO - [2025-05-28T05:37:39.298+0000] {dagbag.py:540} INFO - Filling up the DagBag from /opt/airflow/dags/django_etl_monitor.py
[2025-05-28T05:37:39.347+0000] {processor.py:840} INFO - DAG(s) 'django_etl_monitor' retrieved from /opt/airflow/dags/django_etl_monitor.py
[2025-05-28T05:37:39.387+0000] {logging_mixin.py:188} INFO - [2025-05-28T05:37:39.387+0000] {dag.py:3047} INFO - Sync 1 DAGs
[2025-05-28T05:37:39.414+0000] {logging_mixin.py:188} INFO - [2025-05-28T05:37:39.413+0000] {dag.py:3834} INFO - Setting next_dagrun for django_etl_monitor to None, run_after=None
[2025-05-28T05:37:39.532+0000] {processor.py:183} INFO - Processing /opt/airflow/dags/django_etl_monitor.py took 0.248 seconds
[2025-05-28T05:38:09.929+0000] {processor.py:161} INFO - Started process (PID=70) to work on /opt/airflow/dags/django_etl_monitor.py
[2025-05-28T05:38:09.931+0000] {processor.py:830} INFO - Processing file /opt/airflow/dags/django_etl_monitor.py for tasks to queue
[2025-05-28T05:38:09.934+0000] {logging_mixin.py:188} INFO - [2025-05-28T05:38:09.934+0000] {dagbag.py:540} INFO - Filling up the DagBag from /opt/airflow/dags/django_etl_monitor.py
[2025-05-28T05:38:09.984+0000] {processor.py:840} INFO - DAG(s) 'django_etl_monitor' retrieved from /opt/airflow/dags/django_etl_monitor.py
[2025-05-28T05:38:10.042+0000] {logging_mixin.py:188} INFO - [2025-05-28T05:38:10.041+0000] {dag.py:3047} INFO - Sync 1 DAGs
[2025-05-28T05:38:10.069+0000] {logging_mixin.py:188} INFO - [2025-05-28T05:38:10.069+0000] {dag.py:3834} INFO - Setting next_dagrun for django_etl_monitor to None, run_after=None
[2025-05-28T05:38:10.151+0000] {processor.py:183} INFO - Processing /opt/airflow/dags/django_etl_monitor.py took 0.225 seconds
[2025-05-28T05:38:40.208+0000] {processor.py:161} INFO - Started process (PID=71) to work on /opt/airflow/dags/django_etl_monitor.py
[2025-05-28T05:38:40.209+0000] {processor.py:830} INFO - Processing file /opt/airflow/dags/django_etl_monitor.py for tasks to queue
[2025-05-28T05:38:40.211+0000] {logging_mixin.py:188} INFO - [2025-05-28T05:38:40.211+0000] {dagbag.py:540} INFO - Filling up the DagBag from /opt/airflow/dags/django_etl_monitor.py
[2025-05-28T05:38:40.236+0000] {processor.py:840} INFO - DAG(s) 'django_etl_monitor' retrieved from /opt/airflow/dags/django_etl_monitor.py
[2025-05-28T05:38:40.266+0000] {logging_mixin.py:188} INFO - [2025-05-28T05:38:40.265+0000] {dag.py:3047} INFO - Sync 1 DAGs
[2025-05-28T05:38:40.279+0000] {logging_mixin.py:188} INFO - [2025-05-28T05:38:40.279+0000] {dag.py:3834} INFO - Setting next_dagrun for django_etl_monitor to None, run_after=None
[2025-05-28T05:38:40.342+0000] {processor.py:183} INFO - Processing /opt/airflow/dags/django_etl_monitor.py took 0.138 seconds
[2025-05-28T05:39:10.471+0000] {processor.py:161} INFO - Started process (PID=72) to work on /opt/airflow/dags/django_etl_monitor.py
[2025-05-28T05:39:10.472+0000] {processor.py:830} INFO - Processing file /opt/airflow/dags/django_etl_monitor.py for tasks to queue
[2025-05-28T05:39:10.474+0000] {logging_mixin.py:188} INFO - [2025-05-28T05:39:10.474+0000] {dagbag.py:540} INFO - Filling up the DagBag from /opt/airflow/dags/django_etl_monitor.py
[2025-05-28T05:39:10.497+0000] {processor.py:840} INFO - DAG(s) 'django_etl_monitor' retrieved from /opt/airflow/dags/django_etl_monitor.py
[2025-05-28T05:39:10.536+0000] {logging_mixin.py:188} INFO - [2025-05-28T05:39:10.536+0000] {dag.py:3047} INFO - Sync 1 DAGs
[2025-05-28T05:39:10.558+0000] {logging_mixin.py:188} INFO - [2025-05-28T05:39:10.557+0000] {dag.py:3834} INFO - Setting next_dagrun for django_etl_monitor to None, run_after=None
[2025-05-28T05:39:10.668+0000] {processor.py:183} INFO - Processing /opt/airflow/dags/django_etl_monitor.py took 0.200 seconds
[2025-05-28T05:39:41.090+0000] {processor.py:161} INFO - Started process (PID=73) to work on /opt/airflow/dags/django_etl_monitor.py
[2025-05-28T05:39:41.095+0000] {processor.py:830} INFO - Processing file /opt/airflow/dags/django_etl_monitor.py for tasks to queue
[2025-05-28T05:39:41.104+0000] {logging_mixin.py:188} INFO - [2025-05-28T05:39:41.102+0000] {dagbag.py:540} INFO - Filling up the DagBag from /opt/airflow/dags/django_etl_monitor.py
[2025-05-28T05:39:41.171+0000] {processor.py:840} INFO - DAG(s) 'django_etl_monitor' retrieved from /opt/airflow/dags/django_etl_monitor.py
[2025-05-28T05:39:41.229+0000] {logging_mixin.py:188} INFO - [2025-05-28T05:39:41.229+0000] {dag.py:3047} INFO - Sync 1 DAGs
[2025-05-28T05:39:41.247+0000] {logging_mixin.py:188} INFO - [2025-05-28T05:39:41.246+0000] {dag.py:3834} INFO - Setting next_dagrun for django_etl_monitor to None, run_after=None
[2025-05-28T05:39:41.281+0000] {processor.py:183} INFO - Processing /opt/airflow/dags/django_etl_monitor.py took 0.200 seconds
[2025-05-28T05:40:13.476+0000] {processor.py:161} INFO - Started process (PID=74) to work on /opt/airflow/dags/django_etl_monitor.py
[2025-05-28T05:40:13.481+0000] {processor.py:830} INFO - Processing file /opt/airflow/dags/django_etl_monitor.py for tasks to queue
[2025-05-28T05:40:13.486+0000] {logging_mixin.py:188} INFO - [2025-05-28T05:40:13.485+0000] {dagbag.py:540} INFO - Filling up the DagBag from /opt/airflow/dags/django_etl_monitor.py
[2025-05-28T05:40:13.592+0000] {processor.py:840} INFO - DAG(s) 'django_etl_monitor' retrieved from /opt/airflow/dags/django_etl_monitor.py
[2025-05-28T05:40:13.707+0000] {logging_mixin.py:188} INFO - [2025-05-28T05:40:13.706+0000] {dag.py:3047} INFO - Sync 1 DAGs
[2025-05-28T05:40:13.792+0000] {logging_mixin.py:188} INFO - [2025-05-28T05:40:13.791+0000] {dag.py:3834} INFO - Setting next_dagrun for django_etl_monitor to None, run_after=None
[2025-05-28T05:40:13.931+0000] {processor.py:183} INFO - Processing /opt/airflow/dags/django_etl_monitor.py took 0.465 seconds
[2025-05-28T05:43:44.510+0000] {processor.py:161} INFO - Started process (PID=75) to work on /opt/airflow/dags/django_etl_monitor.py
[2025-05-28T05:43:44.514+0000] {processor.py:830} INFO - Processing file /opt/airflow/dags/django_etl_monitor.py for tasks to queue
[2025-05-28T05:43:44.524+0000] {logging_mixin.py:188} INFO - [2025-05-28T05:43:44.521+0000] {dagbag.py:540} INFO - Filling up the DagBag from /opt/airflow/dags/django_etl_monitor.py
[2025-05-28T05:43:44.639+0000] {processor.py:840} INFO - DAG(s) 'django_etl_monitor' retrieved from /opt/airflow/dags/django_etl_monitor.py
[2025-05-28T05:43:44.746+0000] {logging_mixin.py:188} INFO - [2025-05-28T05:43:44.745+0000] {dag.py:3047} INFO - Sync 1 DAGs
[2025-05-28T05:43:44.832+0000] {logging_mixin.py:188} INFO - [2025-05-28T05:43:44.831+0000] {dag.py:3834} INFO - Setting next_dagrun for django_etl_monitor to None, run_after=None
[2025-05-28T05:43:44.995+0000] {processor.py:183} INFO - Processing /opt/airflow/dags/django_etl_monitor.py took 0.500 seconds
[2025-05-28T05:44:15.705+0000] {processor.py:161} INFO - Started process (PID=76) to work on /opt/airflow/dags/django_etl_monitor.py
[2025-05-28T05:44:15.708+0000] {processor.py:830} INFO - Processing file /opt/airflow/dags/django_etl_monitor.py for tasks to queue
[2025-05-28T05:44:15.713+0000] {logging_mixin.py:188} INFO - [2025-05-28T05:44:15.713+0000] {dagbag.py:540} INFO - Filling up the DagBag from /opt/airflow/dags/django_etl_monitor.py
[2025-05-28T05:44:15.852+0000] {processor.py:840} INFO - DAG(s) 'django_etl_monitor' retrieved from /opt/airflow/dags/django_etl_monitor.py
[2025-05-28T05:44:15.955+0000] {logging_mixin.py:188} INFO - [2025-05-28T05:44:15.954+0000] {dag.py:3047} INFO - Sync 1 DAGs
[2025-05-28T05:44:15.988+0000] {logging_mixin.py:188} INFO - [2025-05-28T05:44:15.988+0000] {dag.py:3834} INFO - Setting next_dagrun for django_etl_monitor to None, run_after=None
[2025-05-28T05:44:16.063+0000] {processor.py:183} INFO - Processing /opt/airflow/dags/django_etl_monitor.py took 0.364 seconds
[2025-05-28T05:44:46.552+0000] {processor.py:161} INFO - Started process (PID=77) to work on /opt/airflow/dags/django_etl_monitor.py
[2025-05-28T05:44:46.556+0000] {processor.py:830} INFO - Processing file /opt/airflow/dags/django_etl_monitor.py for tasks to queue
[2025-05-28T05:44:46.565+0000] {logging_mixin.py:188} INFO - [2025-05-28T05:44:46.563+0000] {dagbag.py:540} INFO - Filling up the DagBag from /opt/airflow/dags/django_etl_monitor.py
[2025-05-28T05:44:46.648+0000] {processor.py:840} INFO - DAG(s) 'django_etl_monitor' retrieved from /opt/airflow/dags/django_etl_monitor.py
[2025-05-28T05:44:46.724+0000] {logging_mixin.py:188} INFO - [2025-05-28T05:44:46.723+0000] {dag.py:3047} INFO - Sync 1 DAGs
[2025-05-28T05:44:46.762+0000] {logging_mixin.py:188} INFO - [2025-05-28T05:44:46.761+0000] {dag.py:3834} INFO - Setting next_dagrun for django_etl_monitor to None, run_after=None
[2025-05-28T05:44:46.826+0000] {processor.py:183} INFO - Processing /opt/airflow/dags/django_etl_monitor.py took 0.282 seconds
[2025-05-28T05:45:17.285+0000] {processor.py:161} INFO - Started process (PID=78) to work on /opt/airflow/dags/django_etl_monitor.py
[2025-05-28T05:45:17.287+0000] {processor.py:830} INFO - Processing file /opt/airflow/dags/django_etl_monitor.py for tasks to queue
[2025-05-28T05:45:17.291+0000] {logging_mixin.py:188} INFO - [2025-05-28T05:45:17.290+0000] {dagbag.py:540} INFO - Filling up the DagBag from /opt/airflow/dags/django_etl_monitor.py
[2025-05-28T05:45:17.342+0000] {processor.py:840} INFO - DAG(s) 'django_etl_monitor' retrieved from /opt/airflow/dags/django_etl_monitor.py
[2025-05-28T05:45:17.387+0000] {logging_mixin.py:188} INFO - [2025-05-28T05:45:17.386+0000] {dag.py:3047} INFO - Sync 1 DAGs
[2025-05-28T05:45:17.421+0000] {logging_mixin.py:188} INFO - [2025-05-28T05:45:17.419+0000] {dag.py:3834} INFO - Setting next_dagrun for django_etl_monitor to None, run_after=None
[2025-05-28T05:45:17.492+0000] {processor.py:183} INFO - Processing /opt/airflow/dags/django_etl_monitor.py took 0.211 seconds
[2025-05-28T05:45:47.651+0000] {processor.py:161} INFO - Started process (PID=79) to work on /opt/airflow/dags/django_etl_monitor.py
[2025-05-28T05:45:47.654+0000] {processor.py:830} INFO - Processing file /opt/airflow/dags/django_etl_monitor.py for tasks to queue
[2025-05-28T05:45:47.662+0000] {logging_mixin.py:188} INFO - [2025-05-28T05:45:47.660+0000] {dagbag.py:540} INFO - Filling up the DagBag from /opt/airflow/dags/django_etl_monitor.py
[2025-05-28T05:45:47.732+0000] {processor.py:840} INFO - DAG(s) 'django_etl_monitor' retrieved from /opt/airflow/dags/django_etl_monitor.py
[2025-05-28T05:45:47.826+0000] {logging_mixin.py:188} INFO - [2025-05-28T05:45:47.825+0000] {dag.py:3047} INFO - Sync 1 DAGs
[2025-05-28T05:45:47.866+0000] {logging_mixin.py:188} INFO - [2025-05-28T05:45:47.865+0000] {dag.py:3834} INFO - Setting next_dagrun for django_etl_monitor to None, run_after=None
[2025-05-28T05:45:47.957+0000] {processor.py:183} INFO - Processing /opt/airflow/dags/django_etl_monitor.py took 0.316 seconds
[2025-05-28T05:46:18.407+0000] {processor.py:161} INFO - Started process (PID=80) to work on /opt/airflow/dags/django_etl_monitor.py
[2025-05-28T05:46:18.409+0000] {processor.py:830} INFO - Processing file /opt/airflow/dags/django_etl_monitor.py for tasks to queue
[2025-05-28T05:46:18.415+0000] {logging_mixin.py:188} INFO - [2025-05-28T05:46:18.414+0000] {dagbag.py:540} INFO - Filling up the DagBag from /opt/airflow/dags/django_etl_monitor.py
[2025-05-28T05:46:18.485+0000] {processor.py:840} INFO - DAG(s) 'django_etl_monitor' retrieved from /opt/airflow/dags/django_etl_monitor.py
[2025-05-28T05:46:18.534+0000] {logging_mixin.py:188} INFO - [2025-05-28T05:46:18.534+0000] {dag.py:3047} INFO - Sync 1 DAGs
[2025-05-28T05:46:18.570+0000] {logging_mixin.py:188} INFO - [2025-05-28T05:46:18.569+0000] {dag.py:3834} INFO - Setting next_dagrun for django_etl_monitor to None, run_after=None
[2025-05-28T05:46:18.621+0000] {processor.py:183} INFO - Processing /opt/airflow/dags/django_etl_monitor.py took 0.221 seconds
[2025-05-28T05:46:48.941+0000] {processor.py:161} INFO - Started process (PID=81) to work on /opt/airflow/dags/django_etl_monitor.py
[2025-05-28T05:46:48.945+0000] {processor.py:830} INFO - Processing file /opt/airflow/dags/django_etl_monitor.py for tasks to queue
[2025-05-28T05:46:48.953+0000] {logging_mixin.py:188} INFO - [2025-05-28T05:46:48.952+0000] {dagbag.py:540} INFO - Filling up the DagBag from /opt/airflow/dags/django_etl_monitor.py
[2025-05-28T05:46:49.045+0000] {processor.py:840} INFO - DAG(s) 'django_etl_monitor' retrieved from /opt/airflow/dags/django_etl_monitor.py
[2025-05-28T05:46:49.125+0000] {logging_mixin.py:188} INFO - [2025-05-28T05:46:49.124+0000] {dag.py:3047} INFO - Sync 1 DAGs
[2025-05-28T05:46:49.161+0000] {logging_mixin.py:188} INFO - [2025-05-28T05:46:49.160+0000] {dag.py:3834} INFO - Setting next_dagrun for django_etl_monitor to None, run_after=None
[2025-05-28T05:46:49.206+0000] {processor.py:183} INFO - Processing /opt/airflow/dags/django_etl_monitor.py took 0.276 seconds
[2025-05-28T05:47:19.539+0000] {processor.py:161} INFO - Started process (PID=82) to work on /opt/airflow/dags/django_etl_monitor.py
[2025-05-28T05:47:19.542+0000] {processor.py:830} INFO - Processing file /opt/airflow/dags/django_etl_monitor.py for tasks to queue
[2025-05-28T05:47:19.547+0000] {logging_mixin.py:188} INFO - [2025-05-28T05:47:19.546+0000] {dagbag.py:540} INFO - Filling up the DagBag from /opt/airflow/dags/django_etl_monitor.py
[2025-05-28T05:47:19.620+0000] {processor.py:840} INFO - DAG(s) 'django_etl_monitor' retrieved from /opt/airflow/dags/django_etl_monitor.py
[2025-05-28T05:47:19.681+0000] {logging_mixin.py:188} INFO - [2025-05-28T05:47:19.680+0000] {dag.py:3047} INFO - Sync 1 DAGs
[2025-05-28T05:47:19.711+0000] {logging_mixin.py:188} INFO - [2025-05-28T05:47:19.711+0000] {dag.py:3834} INFO - Setting next_dagrun for django_etl_monitor to None, run_after=None
[2025-05-28T05:47:19.760+0000] {processor.py:183} INFO - Processing /opt/airflow/dags/django_etl_monitor.py took 0.230 seconds
[2025-05-28T05:47:50.166+0000] {processor.py:161} INFO - Started process (PID=83) to work on /opt/airflow/dags/django_etl_monitor.py
[2025-05-28T05:47:50.180+0000] {processor.py:830} INFO - Processing file /opt/airflow/dags/django_etl_monitor.py for tasks to queue
[2025-05-28T05:47:50.190+0000] {logging_mixin.py:188} INFO - [2025-05-28T05:47:50.189+0000] {dagbag.py:540} INFO - Filling up the DagBag from /opt/airflow/dags/django_etl_monitor.py
[2025-05-28T05:47:50.291+0000] {processor.py:840} INFO - DAG(s) 'django_etl_monitor' retrieved from /opt/airflow/dags/django_etl_monitor.py
[2025-05-28T05:47:50.441+0000] {logging_mixin.py:188} INFO - [2025-05-28T05:47:50.440+0000] {dag.py:3047} INFO - Sync 1 DAGs
[2025-05-28T05:47:50.484+0000] {logging_mixin.py:188} INFO - [2025-05-28T05:47:50.483+0000] {dag.py:3834} INFO - Setting next_dagrun for django_etl_monitor to None, run_after=None
[2025-05-28T05:47:50.571+0000] {processor.py:183} INFO - Processing /opt/airflow/dags/django_etl_monitor.py took 0.420 seconds
[2025-05-28T05:48:20.709+0000] {processor.py:161} INFO - Started process (PID=84) to work on /opt/airflow/dags/django_etl_monitor.py
[2025-05-28T05:48:20.712+0000] {processor.py:830} INFO - Processing file /opt/airflow/dags/django_etl_monitor.py for tasks to queue
[2025-05-28T05:48:20.717+0000] {logging_mixin.py:188} INFO - [2025-05-28T05:48:20.716+0000] {dagbag.py:540} INFO - Filling up the DagBag from /opt/airflow/dags/django_etl_monitor.py
[2025-05-28T05:48:20.768+0000] {processor.py:840} INFO - DAG(s) 'django_etl_monitor' retrieved from /opt/airflow/dags/django_etl_monitor.py
[2025-05-28T05:48:20.807+0000] {logging_mixin.py:188} INFO - [2025-05-28T05:48:20.807+0000] {dag.py:3047} INFO - Sync 1 DAGs
[2025-05-28T05:48:20.824+0000] {logging_mixin.py:188} INFO - [2025-05-28T05:48:20.823+0000] {dag.py:3834} INFO - Setting next_dagrun for django_etl_monitor to None, run_after=None
[2025-05-28T05:48:20.862+0000] {processor.py:183} INFO - Processing /opt/airflow/dags/django_etl_monitor.py took 0.161 seconds
[2025-05-28T05:48:51.005+0000] {processor.py:161} INFO - Started process (PID=85) to work on /opt/airflow/dags/django_etl_monitor.py
[2025-05-28T05:48:51.008+0000] {processor.py:830} INFO - Processing file /opt/airflow/dags/django_etl_monitor.py for tasks to queue
[2025-05-28T05:48:51.013+0000] {logging_mixin.py:188} INFO - [2025-05-28T05:48:51.013+0000] {dagbag.py:540} INFO - Filling up the DagBag from /opt/airflow/dags/django_etl_monitor.py
[2025-05-28T05:48:51.080+0000] {processor.py:840} INFO - DAG(s) 'django_etl_monitor' retrieved from /opt/airflow/dags/django_etl_monitor.py
[2025-05-28T05:48:51.127+0000] {logging_mixin.py:188} INFO - [2025-05-28T05:48:51.127+0000] {dag.py:3047} INFO - Sync 1 DAGs
[2025-05-28T05:48:51.153+0000] {logging_mixin.py:188} INFO - [2025-05-28T05:48:51.153+0000] {dag.py:3834} INFO - Setting next_dagrun for django_etl_monitor to None, run_after=None
[2025-05-28T05:48:51.194+0000] {processor.py:183} INFO - Processing /opt/airflow/dags/django_etl_monitor.py took 0.196 seconds
[2025-05-28T05:49:21.677+0000] {processor.py:161} INFO - Started process (PID=86) to work on /opt/airflow/dags/django_etl_monitor.py
[2025-05-28T05:49:21.680+0000] {processor.py:830} INFO - Processing file /opt/airflow/dags/django_etl_monitor.py for tasks to queue
[2025-05-28T05:49:21.684+0000] {logging_mixin.py:188} INFO - [2025-05-28T05:49:21.683+0000] {dagbag.py:540} INFO - Filling up the DagBag from /opt/airflow/dags/django_etl_monitor.py
[2025-05-28T05:49:21.743+0000] {processor.py:840} INFO - DAG(s) 'django_etl_monitor' retrieved from /opt/airflow/dags/django_etl_monitor.py
[2025-05-28T05:49:21.797+0000] {logging_mixin.py:188} INFO - [2025-05-28T05:49:21.796+0000] {dag.py:3047} INFO - Sync 1 DAGs
[2025-05-28T05:49:21.827+0000] {logging_mixin.py:188} INFO - [2025-05-28T05:49:21.826+0000] {dag.py:3834} INFO - Setting next_dagrun for django_etl_monitor to None, run_after=None
[2025-05-28T05:49:21.875+0000] {processor.py:183} INFO - Processing /opt/airflow/dags/django_etl_monitor.py took 0.203 seconds
[2025-05-28T05:49:51.989+0000] {processor.py:161} INFO - Started process (PID=87) to work on /opt/airflow/dags/django_etl_monitor.py
[2025-05-28T05:49:51.991+0000] {processor.py:830} INFO - Processing file /opt/airflow/dags/django_etl_monitor.py for tasks to queue
[2025-05-28T05:49:51.996+0000] {logging_mixin.py:188} INFO - [2025-05-28T05:49:51.995+0000] {dagbag.py:540} INFO - Filling up the DagBag from /opt/airflow/dags/django_etl_monitor.py
[2025-05-28T05:49:52.042+0000] {processor.py:840} INFO - DAG(s) 'django_etl_monitor' retrieved from /opt/airflow/dags/django_etl_monitor.py
[2025-05-28T05:49:52.095+0000] {logging_mixin.py:188} INFO - [2025-05-28T05:49:52.095+0000] {dag.py:3047} INFO - Sync 1 DAGs
[2025-05-28T05:49:52.119+0000] {logging_mixin.py:188} INFO - [2025-05-28T05:49:52.119+0000] {dag.py:3834} INFO - Setting next_dagrun for django_etl_monitor to None, run_after=None
[2025-05-28T05:49:52.196+0000] {processor.py:183} INFO - Processing /opt/airflow/dags/django_etl_monitor.py took 0.213 seconds
[2025-05-28T05:50:22.542+0000] {processor.py:161} INFO - Started process (PID=88) to work on /opt/airflow/dags/django_etl_monitor.py
[2025-05-28T05:50:22.543+0000] {processor.py:830} INFO - Processing file /opt/airflow/dags/django_etl_monitor.py for tasks to queue
[2025-05-28T05:50:22.546+0000] {logging_mixin.py:188} INFO - [2025-05-28T05:50:22.545+0000] {dagbag.py:540} INFO - Filling up the DagBag from /opt/airflow/dags/django_etl_monitor.py
[2025-05-28T05:50:22.591+0000] {processor.py:840} INFO - DAG(s) 'django_etl_monitor' retrieved from /opt/airflow/dags/django_etl_monitor.py
[2025-05-28T05:50:22.620+0000] {logging_mixin.py:188} INFO - [2025-05-28T05:50:22.620+0000] {dag.py:3047} INFO - Sync 1 DAGs
[2025-05-28T05:50:22.648+0000] {logging_mixin.py:188} INFO - [2025-05-28T05:50:22.648+0000] {dag.py:3834} INFO - Setting next_dagrun for django_etl_monitor to None, run_after=None
[2025-05-28T05:50:22.698+0000] {processor.py:183} INFO - Processing /opt/airflow/dags/django_etl_monitor.py took 0.160 seconds
[2025-05-28T05:50:52.971+0000] {processor.py:161} INFO - Started process (PID=89) to work on /opt/airflow/dags/django_etl_monitor.py
[2025-05-28T05:50:52.974+0000] {processor.py:830} INFO - Processing file /opt/airflow/dags/django_etl_monitor.py for tasks to queue
[2025-05-28T05:50:52.979+0000] {logging_mixin.py:188} INFO - [2025-05-28T05:50:52.978+0000] {dagbag.py:540} INFO - Filling up the DagBag from /opt/airflow/dags/django_etl_monitor.py
[2025-05-28T05:50:53.044+0000] {processor.py:840} INFO - DAG(s) 'django_etl_monitor' retrieved from /opt/airflow/dags/django_etl_monitor.py
[2025-05-28T05:50:53.091+0000] {logging_mixin.py:188} INFO - [2025-05-28T05:50:53.090+0000] {dag.py:3047} INFO - Sync 1 DAGs
[2025-05-28T05:50:53.119+0000] {logging_mixin.py:188} INFO - [2025-05-28T05:50:53.119+0000] {dag.py:3834} INFO - Setting next_dagrun for django_etl_monitor to None, run_after=None
[2025-05-28T05:50:53.179+0000] {processor.py:183} INFO - Processing /opt/airflow/dags/django_etl_monitor.py took 0.214 seconds
[2025-05-28T05:51:23.496+0000] {processor.py:161} INFO - Started process (PID=90) to work on /opt/airflow/dags/django_etl_monitor.py
[2025-05-28T05:51:23.499+0000] {processor.py:830} INFO - Processing file /opt/airflow/dags/django_etl_monitor.py for tasks to queue
[2025-05-28T05:51:23.507+0000] {logging_mixin.py:188} INFO - [2025-05-28T05:51:23.505+0000] {dagbag.py:540} INFO - Filling up the DagBag from /opt/airflow/dags/django_etl_monitor.py
[2025-05-28T05:51:23.577+0000] {processor.py:840} INFO - DAG(s) 'django_etl_monitor' retrieved from /opt/airflow/dags/django_etl_monitor.py
[2025-05-28T05:51:23.650+0000] {logging_mixin.py:188} INFO - [2025-05-28T05:51:23.649+0000] {dag.py:3047} INFO - Sync 1 DAGs
[2025-05-28T05:51:23.681+0000] {logging_mixin.py:188} INFO - [2025-05-28T05:51:23.680+0000] {dag.py:3834} INFO - Setting next_dagrun for django_etl_monitor to None, run_after=None
[2025-05-28T05:51:23.787+0000] {processor.py:183} INFO - Processing /opt/airflow/dags/django_etl_monitor.py took 0.297 seconds
[2025-05-28T05:51:54.004+0000] {processor.py:161} INFO - Started process (PID=91) to work on /opt/airflow/dags/django_etl_monitor.py
[2025-05-28T05:51:54.006+0000] {processor.py:830} INFO - Processing file /opt/airflow/dags/django_etl_monitor.py for tasks to queue
[2025-05-28T05:51:54.012+0000] {logging_mixin.py:188} INFO - [2025-05-28T05:51:54.011+0000] {dagbag.py:540} INFO - Filling up the DagBag from /opt/airflow/dags/django_etl_monitor.py
[2025-05-28T05:51:54.059+0000] {processor.py:840} INFO - DAG(s) 'django_etl_monitor' retrieved from /opt/airflow/dags/django_etl_monitor.py
[2025-05-28T05:51:54.097+0000] {logging_mixin.py:188} INFO - [2025-05-28T05:51:54.097+0000] {dag.py:3047} INFO - Sync 1 DAGs
[2025-05-28T05:51:54.112+0000] {logging_mixin.py:188} INFO - [2025-05-28T05:51:54.111+0000] {dag.py:3834} INFO - Setting next_dagrun for django_etl_monitor to None, run_after=None
[2025-05-28T05:51:54.182+0000] {processor.py:183} INFO - Processing /opt/airflow/dags/django_etl_monitor.py took 0.183 seconds
[2025-05-28T05:52:24.537+0000] {processor.py:161} INFO - Started process (PID=92) to work on /opt/airflow/dags/django_etl_monitor.py
[2025-05-28T05:52:24.540+0000] {processor.py:830} INFO - Processing file /opt/airflow/dags/django_etl_monitor.py for tasks to queue
[2025-05-28T05:52:24.546+0000] {logging_mixin.py:188} INFO - [2025-05-28T05:52:24.545+0000] {dagbag.py:540} INFO - Filling up the DagBag from /opt/airflow/dags/django_etl_monitor.py
[2025-05-28T05:52:24.612+0000] {processor.py:840} INFO - DAG(s) 'django_etl_monitor' retrieved from /opt/airflow/dags/django_etl_monitor.py
[2025-05-28T05:52:24.668+0000] {logging_mixin.py:188} INFO - [2025-05-28T05:52:24.667+0000] {dag.py:3047} INFO - Sync 1 DAGs
[2025-05-28T05:52:24.690+0000] {logging_mixin.py:188} INFO - [2025-05-28T05:52:24.689+0000] {dag.py:3834} INFO - Setting next_dagrun for django_etl_monitor to None, run_after=None
[2025-05-28T05:52:24.747+0000] {processor.py:183} INFO - Processing /opt/airflow/dags/django_etl_monitor.py took 0.218 seconds
[2025-05-28T05:52:55.111+0000] {processor.py:161} INFO - Started process (PID=93) to work on /opt/airflow/dags/django_etl_monitor.py
[2025-05-28T05:52:55.114+0000] {processor.py:830} INFO - Processing file /opt/airflow/dags/django_etl_monitor.py for tasks to queue
[2025-05-28T05:52:55.119+0000] {logging_mixin.py:188} INFO - [2025-05-28T05:52:55.118+0000] {dagbag.py:540} INFO - Filling up the DagBag from /opt/airflow/dags/django_etl_monitor.py
[2025-05-28T05:52:55.177+0000] {processor.py:840} INFO - DAG(s) 'django_etl_monitor' retrieved from /opt/airflow/dags/django_etl_monitor.py
[2025-05-28T05:52:55.246+0000] {logging_mixin.py:188} INFO - [2025-05-28T05:52:55.245+0000] {dag.py:3047} INFO - Sync 1 DAGs
[2025-05-28T05:52:55.270+0000] {logging_mixin.py:188} INFO - [2025-05-28T05:52:55.269+0000] {dag.py:3834} INFO - Setting next_dagrun for django_etl_monitor to None, run_after=None
[2025-05-28T05:52:55.322+0000] {processor.py:183} INFO - Processing /opt/airflow/dags/django_etl_monitor.py took 0.219 seconds
[2025-05-28T05:53:25.563+0000] {processor.py:161} INFO - Started process (PID=94) to work on /opt/airflow/dags/django_etl_monitor.py
[2025-05-28T05:53:25.566+0000] {processor.py:830} INFO - Processing file /opt/airflow/dags/django_etl_monitor.py for tasks to queue
[2025-05-28T05:53:25.571+0000] {logging_mixin.py:188} INFO - [2025-05-28T05:53:25.570+0000] {dagbag.py:540} INFO - Filling up the DagBag from /opt/airflow/dags/django_etl_monitor.py
[2025-05-28T05:53:25.620+0000] {processor.py:840} INFO - DAG(s) 'django_etl_monitor' retrieved from /opt/airflow/dags/django_etl_monitor.py
[2025-05-28T05:53:25.670+0000] {logging_mixin.py:188} INFO - [2025-05-28T05:53:25.670+0000] {dag.py:3047} INFO - Sync 1 DAGs
[2025-05-28T05:53:25.698+0000] {logging_mixin.py:188} INFO - [2025-05-28T05:53:25.698+0000] {dag.py:3834} INFO - Setting next_dagrun for django_etl_monitor to None, run_after=None
[2025-05-28T05:53:25.743+0000] {processor.py:183} INFO - Processing /opt/airflow/dags/django_etl_monitor.py took 0.186 seconds
[2025-05-28T05:53:56.210+0000] {processor.py:161} INFO - Started process (PID=95) to work on /opt/airflow/dags/django_etl_monitor.py
[2025-05-28T05:53:56.216+0000] {processor.py:830} INFO - Processing file /opt/airflow/dags/django_etl_monitor.py for tasks to queue
[2025-05-28T05:53:56.226+0000] {logging_mixin.py:188} INFO - [2025-05-28T05:53:56.225+0000] {dagbag.py:540} INFO - Filling up the DagBag from /opt/airflow/dags/django_etl_monitor.py
[2025-05-28T05:53:56.313+0000] {processor.py:840} INFO - DAG(s) 'django_etl_monitor' retrieved from /opt/airflow/dags/django_etl_monitor.py
[2025-05-28T05:53:56.411+0000] {logging_mixin.py:188} INFO - [2025-05-28T05:53:56.410+0000] {dag.py:3047} INFO - Sync 1 DAGs
[2025-05-28T05:53:56.468+0000] {logging_mixin.py:188} INFO - [2025-05-28T05:53:56.467+0000] {dag.py:3834} INFO - Setting next_dagrun for django_etl_monitor to None, run_after=None
[2025-05-28T05:53:56.569+0000] {processor.py:183} INFO - Processing /opt/airflow/dags/django_etl_monitor.py took 0.367 seconds
[2025-05-28T05:54:27.232+0000] {processor.py:161} INFO - Started process (PID=96) to work on /opt/airflow/dags/django_etl_monitor.py
[2025-05-28T05:54:27.234+0000] {processor.py:830} INFO - Processing file /opt/airflow/dags/django_etl_monitor.py for tasks to queue
[2025-05-28T05:54:27.238+0000] {logging_mixin.py:188} INFO - [2025-05-28T05:54:27.237+0000] {dagbag.py:540} INFO - Filling up the DagBag from /opt/airflow/dags/django_etl_monitor.py
[2025-05-28T05:54:27.285+0000] {processor.py:840} INFO - DAG(s) 'django_etl_monitor' retrieved from /opt/airflow/dags/django_etl_monitor.py
[2025-05-28T05:54:27.330+0000] {logging_mixin.py:188} INFO - [2025-05-28T05:54:27.330+0000] {dag.py:3047} INFO - Sync 1 DAGs
[2025-05-28T05:54:27.350+0000] {logging_mixin.py:188} INFO - [2025-05-28T05:54:27.349+0000] {dag.py:3834} INFO - Setting next_dagrun for django_etl_monitor to None, run_after=None
[2025-05-28T05:54:27.399+0000] {processor.py:183} INFO - Processing /opt/airflow/dags/django_etl_monitor.py took 0.173 seconds
[2025-05-28T05:56:06.733+0000] {processor.py:161} INFO - Started process (PID=38) to work on /opt/airflow/dags/django_etl_monitor.py
[2025-05-28T05:56:06.743+0000] {processor.py:830} INFO - Processing file /opt/airflow/dags/django_etl_monitor.py for tasks to queue
[2025-05-28T05:56:06.754+0000] {logging_mixin.py:188} INFO - [2025-05-28T05:56:06.752+0000] {dagbag.py:540} INFO - Filling up the DagBag from /opt/airflow/dags/django_etl_monitor.py
[2025-05-28T05:56:06.906+0000] {processor.py:840} INFO - DAG(s) 'django_etl_monitor' retrieved from /opt/airflow/dags/django_etl_monitor.py
[2025-05-28T05:56:07.022+0000] {logging_mixin.py:188} INFO - [2025-05-28T05:56:07.021+0000] {dag.py:3047} INFO - Sync 1 DAGs
[2025-05-28T05:56:07.104+0000] {logging_mixin.py:188} INFO - [2025-05-28T05:56:07.101+0000] {dag.py:3834} INFO - Setting next_dagrun for django_etl_monitor to None, run_after=None
[2025-05-28T05:56:07.187+0000] {processor.py:183} INFO - Processing /opt/airflow/dags/django_etl_monitor.py took 0.463 seconds
[2025-05-28T05:56:37.439+0000] {processor.py:161} INFO - Started process (PID=39) to work on /opt/airflow/dags/django_etl_monitor.py
[2025-05-28T05:56:37.442+0000] {processor.py:830} INFO - Processing file /opt/airflow/dags/django_etl_monitor.py for tasks to queue
[2025-05-28T05:56:37.446+0000] {logging_mixin.py:188} INFO - [2025-05-28T05:56:37.445+0000] {dagbag.py:540} INFO - Filling up the DagBag from /opt/airflow/dags/django_etl_monitor.py
[2025-05-28T05:56:37.532+0000] {processor.py:840} INFO - DAG(s) 'django_etl_monitor' retrieved from /opt/airflow/dags/django_etl_monitor.py
[2025-05-28T05:56:38.339+0000] {logging_mixin.py:188} INFO - [2025-05-28T05:56:38.339+0000] {dag.py:3047} INFO - Sync 1 DAGs
[2025-05-28T05:56:38.388+0000] {logging_mixin.py:188} INFO - [2025-05-28T05:56:38.387+0000] {dag.py:3834} INFO - Setting next_dagrun for django_etl_monitor to None, run_after=None
[2025-05-28T05:56:38.524+0000] {processor.py:183} INFO - Processing /opt/airflow/dags/django_etl_monitor.py took 1.094 seconds
[2025-05-28T05:57:08.844+0000] {processor.py:161} INFO - Started process (PID=40) to work on /opt/airflow/dags/django_etl_monitor.py
[2025-05-28T05:57:08.848+0000] {processor.py:830} INFO - Processing file /opt/airflow/dags/django_etl_monitor.py for tasks to queue
[2025-05-28T05:57:08.857+0000] {logging_mixin.py:188} INFO - [2025-05-28T05:57:08.856+0000] {dagbag.py:540} INFO - Filling up the DagBag from /opt/airflow/dags/django_etl_monitor.py
[2025-05-28T05:57:08.942+0000] {processor.py:840} INFO - DAG(s) 'django_etl_monitor' retrieved from /opt/airflow/dags/django_etl_monitor.py
[2025-05-28T05:57:09.046+0000] {logging_mixin.py:188} INFO - [2025-05-28T05:57:09.045+0000] {dag.py:3047} INFO - Sync 1 DAGs
[2025-05-28T05:57:09.099+0000] {logging_mixin.py:188} INFO - [2025-05-28T05:57:09.099+0000] {dag.py:3834} INFO - Setting next_dagrun for django_etl_monitor to None, run_after=None
[2025-05-28T05:57:09.176+0000] {processor.py:183} INFO - Processing /opt/airflow/dags/django_etl_monitor.py took 0.339 seconds
[2025-05-28T05:57:39.438+0000] {processor.py:161} INFO - Started process (PID=41) to work on /opt/airflow/dags/django_etl_monitor.py
[2025-05-28T05:57:39.441+0000] {processor.py:830} INFO - Processing file /opt/airflow/dags/django_etl_monitor.py for tasks to queue
[2025-05-28T05:57:39.448+0000] {logging_mixin.py:188} INFO - [2025-05-28T05:57:39.447+0000] {dagbag.py:540} INFO - Filling up the DagBag from /opt/airflow/dags/django_etl_monitor.py
[2025-05-28T05:57:39.517+0000] {processor.py:840} INFO - DAG(s) 'django_etl_monitor' retrieved from /opt/airflow/dags/django_etl_monitor.py
[2025-05-28T05:57:39.613+0000] {logging_mixin.py:188} INFO - [2025-05-28T05:57:39.613+0000] {dag.py:3047} INFO - Sync 1 DAGs
[2025-05-28T05:57:39.659+0000] {logging_mixin.py:188} INFO - [2025-05-28T05:57:39.658+0000] {dag.py:3834} INFO - Setting next_dagrun for django_etl_monitor to None, run_after=None
[2025-05-28T05:57:39.758+0000] {processor.py:183} INFO - Processing /opt/airflow/dags/django_etl_monitor.py took 0.330 seconds
[2025-05-28T05:58:10.042+0000] {processor.py:161} INFO - Started process (PID=42) to work on /opt/airflow/dags/django_etl_monitor.py
[2025-05-28T05:58:10.046+0000] {processor.py:830} INFO - Processing file /opt/airflow/dags/django_etl_monitor.py for tasks to queue
[2025-05-28T05:58:10.056+0000] {logging_mixin.py:188} INFO - [2025-05-28T05:58:10.055+0000] {dagbag.py:540} INFO - Filling up the DagBag from /opt/airflow/dags/django_etl_monitor.py
[2025-05-28T05:58:10.131+0000] {processor.py:840} INFO - DAG(s) 'django_etl_monitor' retrieved from /opt/airflow/dags/django_etl_monitor.py
[2025-05-28T05:58:10.219+0000] {logging_mixin.py:188} INFO - [2025-05-28T05:58:10.218+0000] {dag.py:3047} INFO - Sync 1 DAGs
[2025-05-28T05:58:10.251+0000] {logging_mixin.py:188} INFO - [2025-05-28T05:58:10.251+0000] {dag.py:3834} INFO - Setting next_dagrun for django_etl_monitor to None, run_after=None
[2025-05-28T05:58:10.374+0000] {processor.py:183} INFO - Processing /opt/airflow/dags/django_etl_monitor.py took 0.340 seconds
[2025-05-28T05:58:40.714+0000] {processor.py:161} INFO - Started process (PID=43) to work on /opt/airflow/dags/django_etl_monitor.py
[2025-05-28T05:58:40.719+0000] {processor.py:830} INFO - Processing file /opt/airflow/dags/django_etl_monitor.py for tasks to queue
[2025-05-28T05:58:40.729+0000] {logging_mixin.py:188} INFO - [2025-05-28T05:58:40.727+0000] {dagbag.py:540} INFO - Filling up the DagBag from /opt/airflow/dags/django_etl_monitor.py
[2025-05-28T05:58:40.838+0000] {processor.py:840} INFO - DAG(s) 'django_etl_monitor' retrieved from /opt/airflow/dags/django_etl_monitor.py
[2025-05-28T05:58:40.960+0000] {logging_mixin.py:188} INFO - [2025-05-28T05:58:40.959+0000] {dag.py:3047} INFO - Sync 1 DAGs
[2025-05-28T05:58:41.033+0000] {logging_mixin.py:188} INFO - [2025-05-28T05:58:41.033+0000] {dag.py:3834} INFO - Setting next_dagrun for django_etl_monitor to None, run_after=None
[2025-05-28T05:58:41.133+0000] {processor.py:183} INFO - Processing /opt/airflow/dags/django_etl_monitor.py took 0.436 seconds
[2025-05-28T05:59:11.595+0000] {processor.py:161} INFO - Started process (PID=44) to work on /opt/airflow/dags/django_etl_monitor.py
[2025-05-28T05:59:11.598+0000] {processor.py:830} INFO - Processing file /opt/airflow/dags/django_etl_monitor.py for tasks to queue
[2025-05-28T05:59:11.603+0000] {logging_mixin.py:188} INFO - [2025-05-28T05:59:11.602+0000] {dagbag.py:540} INFO - Filling up the DagBag from /opt/airflow/dags/django_etl_monitor.py
[2025-05-28T05:59:11.687+0000] {processor.py:840} INFO - DAG(s) 'django_etl_monitor' retrieved from /opt/airflow/dags/django_etl_monitor.py
[2025-05-28T05:59:11.756+0000] {logging_mixin.py:188} INFO - [2025-05-28T05:59:11.755+0000] {dag.py:3047} INFO - Sync 1 DAGs
[2025-05-28T05:59:11.795+0000] {logging_mixin.py:188} INFO - [2025-05-28T05:59:11.794+0000] {dag.py:3834} INFO - Setting next_dagrun for django_etl_monitor to None, run_after=None
[2025-05-28T05:59:11.912+0000] {processor.py:183} INFO - Processing /opt/airflow/dags/django_etl_monitor.py took 0.326 seconds
[2025-05-28T05:59:42.340+0000] {processor.py:161} INFO - Started process (PID=45) to work on /opt/airflow/dags/django_etl_monitor.py
[2025-05-28T05:59:42.342+0000] {processor.py:830} INFO - Processing file /opt/airflow/dags/django_etl_monitor.py for tasks to queue
[2025-05-28T05:59:42.345+0000] {logging_mixin.py:188} INFO - [2025-05-28T05:59:42.344+0000] {dagbag.py:540} INFO - Filling up the DagBag from /opt/airflow/dags/django_etl_monitor.py
[2025-05-28T05:59:42.396+0000] {processor.py:840} INFO - DAG(s) 'django_etl_monitor' retrieved from /opt/airflow/dags/django_etl_monitor.py
[2025-05-28T05:59:42.435+0000] {logging_mixin.py:188} INFO - [2025-05-28T05:59:42.434+0000] {dag.py:3047} INFO - Sync 1 DAGs
[2025-05-28T05:59:42.449+0000] {logging_mixin.py:188} INFO - [2025-05-28T05:59:42.449+0000] {dag.py:3834} INFO - Setting next_dagrun for django_etl_monitor to None, run_after=None
[2025-05-28T05:59:42.495+0000] {processor.py:183} INFO - Processing /opt/airflow/dags/django_etl_monitor.py took 0.158 seconds
[2025-05-28T06:00:12.716+0000] {processor.py:161} INFO - Started process (PID=46) to work on /opt/airflow/dags/django_etl_monitor.py
[2025-05-28T06:00:12.719+0000] {processor.py:830} INFO - Processing file /opt/airflow/dags/django_etl_monitor.py for tasks to queue
[2025-05-28T06:00:12.726+0000] {logging_mixin.py:188} INFO - [2025-05-28T06:00:12.725+0000] {dagbag.py:540} INFO - Filling up the DagBag from /opt/airflow/dags/django_etl_monitor.py
[2025-05-28T06:00:12.799+0000] {processor.py:840} INFO - DAG(s) 'django_etl_monitor' retrieved from /opt/airflow/dags/django_etl_monitor.py
[2025-05-28T06:00:12.918+0000] {logging_mixin.py:188} INFO - [2025-05-28T06:00:12.916+0000] {dag.py:3047} INFO - Sync 1 DAGs
[2025-05-28T06:00:12.967+0000] {logging_mixin.py:188} INFO - [2025-05-28T06:00:12.967+0000] {dag.py:3834} INFO - Setting next_dagrun for django_etl_monitor to None, run_after=None
[2025-05-28T06:00:13.040+0000] {processor.py:183} INFO - Processing /opt/airflow/dags/django_etl_monitor.py took 0.339 seconds
[2025-05-28T06:00:43.269+0000] {processor.py:161} INFO - Started process (PID=47) to work on /opt/airflow/dags/django_etl_monitor.py
[2025-05-28T06:00:43.271+0000] {processor.py:830} INFO - Processing file /opt/airflow/dags/django_etl_monitor.py for tasks to queue
[2025-05-28T06:00:43.275+0000] {logging_mixin.py:188} INFO - [2025-05-28T06:00:43.273+0000] {dagbag.py:540} INFO - Filling up the DagBag from /opt/airflow/dags/django_etl_monitor.py
[2025-05-28T06:00:43.338+0000] {processor.py:840} INFO - DAG(s) 'django_etl_monitor' retrieved from /opt/airflow/dags/django_etl_monitor.py
[2025-05-28T06:00:43.443+0000] {logging_mixin.py:188} INFO - [2025-05-28T06:00:43.442+0000] {dag.py:3047} INFO - Sync 1 DAGs
[2025-05-28T06:00:43.469+0000] {logging_mixin.py:188} INFO - [2025-05-28T06:00:43.468+0000] {dag.py:3834} INFO - Setting next_dagrun for django_etl_monitor to None, run_after=None
[2025-05-28T06:00:43.513+0000] {processor.py:183} INFO - Processing /opt/airflow/dags/django_etl_monitor.py took 0.251 seconds
[2025-05-28T06:01:14.081+0000] {processor.py:161} INFO - Started process (PID=48) to work on /opt/airflow/dags/django_etl_monitor.py
[2025-05-28T06:01:14.083+0000] {processor.py:830} INFO - Processing file /opt/airflow/dags/django_etl_monitor.py for tasks to queue
[2025-05-28T06:01:14.087+0000] {logging_mixin.py:188} INFO - [2025-05-28T06:01:14.086+0000] {dagbag.py:540} INFO - Filling up the DagBag from /opt/airflow/dags/django_etl_monitor.py
[2025-05-28T06:01:14.153+0000] {processor.py:840} INFO - DAG(s) 'django_etl_monitor' retrieved from /opt/airflow/dags/django_etl_monitor.py
[2025-05-28T06:01:14.215+0000] {logging_mixin.py:188} INFO - [2025-05-28T06:01:14.215+0000] {dag.py:3047} INFO - Sync 1 DAGs
[2025-05-28T06:01:14.244+0000] {logging_mixin.py:188} INFO - [2025-05-28T06:01:14.243+0000] {dag.py:3834} INFO - Setting next_dagrun for django_etl_monitor to None, run_after=None
[2025-05-28T06:01:14.304+0000] {processor.py:183} INFO - Processing /opt/airflow/dags/django_etl_monitor.py took 0.232 seconds
[2025-05-28T06:01:44.484+0000] {processor.py:161} INFO - Started process (PID=49) to work on /opt/airflow/dags/django_etl_monitor.py
[2025-05-28T06:01:44.488+0000] {processor.py:830} INFO - Processing file /opt/airflow/dags/django_etl_monitor.py for tasks to queue
[2025-05-28T06:01:44.497+0000] {logging_mixin.py:188} INFO - [2025-05-28T06:01:44.496+0000] {dagbag.py:540} INFO - Filling up the DagBag from /opt/airflow/dags/django_etl_monitor.py
[2025-05-28T06:01:44.576+0000] {processor.py:840} INFO - DAG(s) 'django_etl_monitor' retrieved from /opt/airflow/dags/django_etl_monitor.py
[2025-05-28T06:01:44.657+0000] {logging_mixin.py:188} INFO - [2025-05-28T06:01:44.656+0000] {dag.py:3047} INFO - Sync 1 DAGs
[2025-05-28T06:01:44.697+0000] {logging_mixin.py:188} INFO - [2025-05-28T06:01:44.696+0000] {dag.py:3834} INFO - Setting next_dagrun for django_etl_monitor to None, run_after=None
[2025-05-28T06:01:44.772+0000] {processor.py:183} INFO - Processing /opt/airflow/dags/django_etl_monitor.py took 0.298 seconds
[2025-05-28T06:02:14.888+0000] {processor.py:161} INFO - Started process (PID=50) to work on /opt/airflow/dags/django_etl_monitor.py
[2025-05-28T06:02:14.890+0000] {processor.py:830} INFO - Processing file /opt/airflow/dags/django_etl_monitor.py for tasks to queue
[2025-05-28T06:02:14.894+0000] {logging_mixin.py:188} INFO - [2025-05-28T06:02:14.893+0000] {dagbag.py:540} INFO - Filling up the DagBag from /opt/airflow/dags/django_etl_monitor.py
[2025-05-28T06:02:14.954+0000] {processor.py:840} INFO - DAG(s) 'django_etl_monitor' retrieved from /opt/airflow/dags/django_etl_monitor.py
[2025-05-28T06:02:15.018+0000] {logging_mixin.py:188} INFO - [2025-05-28T06:02:15.018+0000] {dag.py:3047} INFO - Sync 1 DAGs
[2025-05-28T06:02:15.047+0000] {logging_mixin.py:188} INFO - [2025-05-28T06:02:15.046+0000] {dag.py:3834} INFO - Setting next_dagrun for django_etl_monitor to None, run_after=None
[2025-05-28T06:02:15.103+0000] {processor.py:183} INFO - Processing /opt/airflow/dags/django_etl_monitor.py took 0.220 seconds
[2025-05-28T06:02:45.234+0000] {processor.py:161} INFO - Started process (PID=51) to work on /opt/airflow/dags/django_etl_monitor.py
[2025-05-28T06:02:45.236+0000] {processor.py:830} INFO - Processing file /opt/airflow/dags/django_etl_monitor.py for tasks to queue
[2025-05-28T06:02:45.242+0000] {logging_mixin.py:188} INFO - [2025-05-28T06:02:45.241+0000] {dagbag.py:540} INFO - Filling up the DagBag from /opt/airflow/dags/django_etl_monitor.py
[2025-05-28T06:02:45.311+0000] {processor.py:840} INFO - DAG(s) 'django_etl_monitor' retrieved from /opt/airflow/dags/django_etl_monitor.py
[2025-05-28T06:02:45.386+0000] {logging_mixin.py:188} INFO - [2025-05-28T06:02:45.385+0000] {dag.py:3047} INFO - Sync 1 DAGs
[2025-05-28T06:02:45.422+0000] {logging_mixin.py:188} INFO - [2025-05-28T06:02:45.422+0000] {dag.py:3834} INFO - Setting next_dagrun for django_etl_monitor to None, run_after=None
[2025-05-28T06:02:45.485+0000] {processor.py:183} INFO - Processing /opt/airflow/dags/django_etl_monitor.py took 0.258 seconds
[2025-05-28T06:03:15.943+0000] {processor.py:161} INFO - Started process (PID=52) to work on /opt/airflow/dags/django_etl_monitor.py
[2025-05-28T06:03:15.947+0000] {processor.py:830} INFO - Processing file /opt/airflow/dags/django_etl_monitor.py for tasks to queue
[2025-05-28T06:03:15.957+0000] {logging_mixin.py:188} INFO - [2025-05-28T06:03:15.955+0000] {dagbag.py:540} INFO - Filling up the DagBag from /opt/airflow/dags/django_etl_monitor.py
[2025-05-28T06:03:16.064+0000] {processor.py:840} INFO - DAG(s) 'django_etl_monitor' retrieved from /opt/airflow/dags/django_etl_monitor.py
[2025-05-28T06:03:16.196+0000] {logging_mixin.py:188} INFO - [2025-05-28T06:03:16.195+0000] {dag.py:3047} INFO - Sync 1 DAGs
[2025-05-28T06:03:16.282+0000] {logging_mixin.py:188} INFO - [2025-05-28T06:03:16.281+0000] {dag.py:3834} INFO - Setting next_dagrun for django_etl_monitor to None, run_after=None
[2025-05-28T06:03:16.437+0000] {processor.py:183} INFO - Processing /opt/airflow/dags/django_etl_monitor.py took 0.505 seconds
[2025-05-28T06:03:46.854+0000] {processor.py:161} INFO - Started process (PID=53) to work on /opt/airflow/dags/django_etl_monitor.py
[2025-05-28T06:03:46.856+0000] {processor.py:830} INFO - Processing file /opt/airflow/dags/django_etl_monitor.py for tasks to queue
[2025-05-28T06:03:46.859+0000] {logging_mixin.py:188} INFO - [2025-05-28T06:03:46.859+0000] {dagbag.py:540} INFO - Filling up the DagBag from /opt/airflow/dags/django_etl_monitor.py
[2025-05-28T06:03:46.931+0000] {processor.py:840} INFO - DAG(s) 'django_etl_monitor' retrieved from /opt/airflow/dags/django_etl_monitor.py
[2025-05-28T06:03:47.009+0000] {logging_mixin.py:188} INFO - [2025-05-28T06:03:47.008+0000] {dag.py:3047} INFO - Sync 1 DAGs
[2025-05-28T06:03:47.045+0000] {logging_mixin.py:188} INFO - [2025-05-28T06:03:47.045+0000] {dag.py:3834} INFO - Setting next_dagrun for django_etl_monitor to None, run_after=None
[2025-05-28T06:03:47.126+0000] {processor.py:183} INFO - Processing /opt/airflow/dags/django_etl_monitor.py took 0.279 seconds
[2025-05-28T06:04:17.273+0000] {processor.py:161} INFO - Started process (PID=54) to work on /opt/airflow/dags/django_etl_monitor.py
[2025-05-28T06:04:17.276+0000] {processor.py:830} INFO - Processing file /opt/airflow/dags/django_etl_monitor.py for tasks to queue
[2025-05-28T06:04:17.281+0000] {logging_mixin.py:188} INFO - [2025-05-28T06:04:17.280+0000] {dagbag.py:540} INFO - Filling up the DagBag from /opt/airflow/dags/django_etl_monitor.py
[2025-05-28T06:04:17.370+0000] {processor.py:840} INFO - DAG(s) 'django_etl_monitor' retrieved from /opt/airflow/dags/django_etl_monitor.py
[2025-05-28T06:04:17.445+0000] {logging_mixin.py:188} INFO - [2025-05-28T06:04:17.445+0000] {dag.py:3047} INFO - Sync 1 DAGs
[2025-05-28T06:04:17.493+0000] {logging_mixin.py:188} INFO - [2025-05-28T06:04:17.492+0000] {dag.py:3834} INFO - Setting next_dagrun for django_etl_monitor to None, run_after=None
[2025-05-28T06:04:17.564+0000] {processor.py:183} INFO - Processing /opt/airflow/dags/django_etl_monitor.py took 0.300 seconds
[2025-05-28T06:04:48.048+0000] {processor.py:161} INFO - Started process (PID=55) to work on /opt/airflow/dags/django_etl_monitor.py
[2025-05-28T06:04:48.052+0000] {processor.py:830} INFO - Processing file /opt/airflow/dags/django_etl_monitor.py for tasks to queue
[2025-05-28T06:04:48.060+0000] {logging_mixin.py:188} INFO - [2025-05-28T06:04:48.059+0000] {dagbag.py:540} INFO - Filling up the DagBag from /opt/airflow/dags/django_etl_monitor.py
[2025-05-28T06:04:48.149+0000] {processor.py:840} INFO - DAG(s) 'django_etl_monitor' retrieved from /opt/airflow/dags/django_etl_monitor.py
[2025-05-28T06:04:48.255+0000] {logging_mixin.py:188} INFO - [2025-05-28T06:04:48.254+0000] {dag.py:3047} INFO - Sync 1 DAGs
[2025-05-28T06:04:48.321+0000] {logging_mixin.py:188} INFO - [2025-05-28T06:04:48.320+0000] {dag.py:3834} INFO - Setting next_dagrun for django_etl_monitor to None, run_after=None
[2025-05-28T06:04:48.408+0000] {processor.py:183} INFO - Processing /opt/airflow/dags/django_etl_monitor.py took 0.372 seconds
[2025-05-28T06:05:18.544+0000] {processor.py:161} INFO - Started process (PID=56) to work on /opt/airflow/dags/django_etl_monitor.py
[2025-05-28T06:05:18.546+0000] {processor.py:830} INFO - Processing file /opt/airflow/dags/django_etl_monitor.py for tasks to queue
[2025-05-28T06:05:18.555+0000] {logging_mixin.py:188} INFO - [2025-05-28T06:05:18.554+0000] {dagbag.py:540} INFO - Filling up the DagBag from /opt/airflow/dags/django_etl_monitor.py
[2025-05-28T06:05:18.633+0000] {processor.py:840} INFO - DAG(s) 'django_etl_monitor' retrieved from /opt/airflow/dags/django_etl_monitor.py
[2025-05-28T06:05:18.684+0000] {logging_mixin.py:188} INFO - [2025-05-28T06:05:18.683+0000] {dag.py:3047} INFO - Sync 1 DAGs
[2025-05-28T06:05:18.714+0000] {logging_mixin.py:188} INFO - [2025-05-28T06:05:18.714+0000] {dag.py:3834} INFO - Setting next_dagrun for django_etl_monitor to None, run_after=None
[2025-05-28T06:05:18.769+0000] {processor.py:183} INFO - Processing /opt/airflow/dags/django_etl_monitor.py took 0.230 seconds
[2025-05-28T06:05:48.891+0000] {processor.py:161} INFO - Started process (PID=57) to work on /opt/airflow/dags/django_etl_monitor.py
[2025-05-28T06:05:48.894+0000] {processor.py:830} INFO - Processing file /opt/airflow/dags/django_etl_monitor.py for tasks to queue
[2025-05-28T06:05:48.902+0000] {logging_mixin.py:188} INFO - [2025-05-28T06:05:48.900+0000] {dagbag.py:540} INFO - Filling up the DagBag from /opt/airflow/dags/django_etl_monitor.py
[2025-05-28T06:05:48.964+0000] {processor.py:840} INFO - DAG(s) 'django_etl_monitor' retrieved from /opt/airflow/dags/django_etl_monitor.py
[2025-05-28T06:05:49.026+0000] {logging_mixin.py:188} INFO - [2025-05-28T06:05:49.025+0000] {dag.py:3047} INFO - Sync 1 DAGs
[2025-05-28T06:05:49.059+0000] {logging_mixin.py:188} INFO - [2025-05-28T06:05:49.059+0000] {dag.py:3834} INFO - Setting next_dagrun for django_etl_monitor to None, run_after=None
[2025-05-28T06:05:49.109+0000] {processor.py:183} INFO - Processing /opt/airflow/dags/django_etl_monitor.py took 0.226 seconds
[2025-05-28T06:06:19.381+0000] {processor.py:161} INFO - Started process (PID=58) to work on /opt/airflow/dags/django_etl_monitor.py
[2025-05-28T06:06:19.384+0000] {processor.py:830} INFO - Processing file /opt/airflow/dags/django_etl_monitor.py for tasks to queue
[2025-05-28T06:06:19.388+0000] {logging_mixin.py:188} INFO - [2025-05-28T06:06:19.388+0000] {dagbag.py:540} INFO - Filling up the DagBag from /opt/airflow/dags/django_etl_monitor.py
[2025-05-28T06:06:19.452+0000] {processor.py:840} INFO - DAG(s) 'django_etl_monitor' retrieved from /opt/airflow/dags/django_etl_monitor.py
[2025-05-28T06:06:19.504+0000] {logging_mixin.py:188} INFO - [2025-05-28T06:06:19.504+0000] {dag.py:3047} INFO - Sync 1 DAGs
[2025-05-28T06:06:19.522+0000] {logging_mixin.py:188} INFO - [2025-05-28T06:06:19.521+0000] {dag.py:3834} INFO - Setting next_dagrun for django_etl_monitor to None, run_after=None
[2025-05-28T06:06:19.566+0000] {processor.py:183} INFO - Processing /opt/airflow/dags/django_etl_monitor.py took 0.194 seconds
[2025-05-28T06:06:49.940+0000] {processor.py:161} INFO - Started process (PID=59) to work on /opt/airflow/dags/django_etl_monitor.py
[2025-05-28T06:06:49.943+0000] {processor.py:830} INFO - Processing file /opt/airflow/dags/django_etl_monitor.py for tasks to queue
[2025-05-28T06:06:49.949+0000] {logging_mixin.py:188} INFO - [2025-05-28T06:06:49.948+0000] {dagbag.py:540} INFO - Filling up the DagBag from /opt/airflow/dags/django_etl_monitor.py
[2025-05-28T06:06:50.010+0000] {processor.py:840} INFO - DAG(s) 'django_etl_monitor' retrieved from /opt/airflow/dags/django_etl_monitor.py
[2025-05-28T06:06:50.077+0000] {logging_mixin.py:188} INFO - [2025-05-28T06:06:50.077+0000] {dag.py:3047} INFO - Sync 1 DAGs
[2025-05-28T06:06:50.099+0000] {logging_mixin.py:188} INFO - [2025-05-28T06:06:50.099+0000] {dag.py:3834} INFO - Setting next_dagrun for django_etl_monitor to None, run_after=None
[2025-05-28T06:06:50.165+0000] {processor.py:183} INFO - Processing /opt/airflow/dags/django_etl_monitor.py took 0.229 seconds
[2025-05-28T06:07:20.324+0000] {processor.py:161} INFO - Started process (PID=60) to work on /opt/airflow/dags/django_etl_monitor.py
[2025-05-28T06:07:20.327+0000] {processor.py:830} INFO - Processing file /opt/airflow/dags/django_etl_monitor.py for tasks to queue
[2025-05-28T06:07:20.334+0000] {logging_mixin.py:188} INFO - [2025-05-28T06:07:20.333+0000] {dagbag.py:540} INFO - Filling up the DagBag from /opt/airflow/dags/django_etl_monitor.py
[2025-05-28T06:07:20.410+0000] {processor.py:840} INFO - DAG(s) 'django_etl_monitor' retrieved from /opt/airflow/dags/django_etl_monitor.py
[2025-05-28T06:07:20.506+0000] {logging_mixin.py:188} INFO - [2025-05-28T06:07:20.505+0000] {dag.py:3047} INFO - Sync 1 DAGs
[2025-05-28T06:07:20.544+0000] {logging_mixin.py:188} INFO - [2025-05-28T06:07:20.544+0000] {dag.py:3834} INFO - Setting next_dagrun for django_etl_monitor to None, run_after=None
[2025-05-28T06:07:20.655+0000] {processor.py:183} INFO - Processing /opt/airflow/dags/django_etl_monitor.py took 0.338 seconds
[2025-05-28T06:07:51.085+0000] {processor.py:161} INFO - Started process (PID=61) to work on /opt/airflow/dags/django_etl_monitor.py
[2025-05-28T06:07:51.087+0000] {processor.py:830} INFO - Processing file /opt/airflow/dags/django_etl_monitor.py for tasks to queue
[2025-05-28T06:07:51.092+0000] {logging_mixin.py:188} INFO - [2025-05-28T06:07:51.091+0000] {dagbag.py:540} INFO - Filling up the DagBag from /opt/airflow/dags/django_etl_monitor.py
[2025-05-28T06:07:51.156+0000] {processor.py:840} INFO - DAG(s) 'django_etl_monitor' retrieved from /opt/airflow/dags/django_etl_monitor.py
[2025-05-28T06:07:51.208+0000] {logging_mixin.py:188} INFO - [2025-05-28T06:07:51.207+0000] {dag.py:3047} INFO - Sync 1 DAGs
[2025-05-28T06:07:51.224+0000] {logging_mixin.py:188} INFO - [2025-05-28T06:07:51.224+0000] {dag.py:3834} INFO - Setting next_dagrun for django_etl_monitor to None, run_after=None
[2025-05-28T06:07:51.271+0000] {processor.py:183} INFO - Processing /opt/airflow/dags/django_etl_monitor.py took 0.190 seconds
[2025-05-28T06:08:21.851+0000] {processor.py:161} INFO - Started process (PID=62) to work on /opt/airflow/dags/django_etl_monitor.py
[2025-05-28T06:08:21.855+0000] {processor.py:830} INFO - Processing file /opt/airflow/dags/django_etl_monitor.py for tasks to queue
[2025-05-28T06:08:21.862+0000] {logging_mixin.py:188} INFO - [2025-05-28T06:08:21.861+0000] {dagbag.py:540} INFO - Filling up the DagBag from /opt/airflow/dags/django_etl_monitor.py
[2025-05-28T06:08:21.963+0000] {processor.py:840} INFO - DAG(s) 'django_etl_monitor' retrieved from /opt/airflow/dags/django_etl_monitor.py
[2025-05-28T06:08:22.072+0000] {logging_mixin.py:188} INFO - [2025-05-28T06:08:22.071+0000] {dag.py:3047} INFO - Sync 1 DAGs
[2025-05-28T06:08:22.136+0000] {logging_mixin.py:188} INFO - [2025-05-28T06:08:22.135+0000] {dag.py:3834} INFO - Setting next_dagrun for django_etl_monitor to None, run_after=None
[2025-05-28T06:08:22.236+0000] {processor.py:183} INFO - Processing /opt/airflow/dags/django_etl_monitor.py took 0.405 seconds
[2025-05-28T06:08:53.051+0000] {processor.py:161} INFO - Started process (PID=63) to work on /opt/airflow/dags/django_etl_monitor.py
[2025-05-28T06:08:53.056+0000] {processor.py:830} INFO - Processing file /opt/airflow/dags/django_etl_monitor.py for tasks to queue
[2025-05-28T06:08:53.064+0000] {logging_mixin.py:188} INFO - [2025-05-28T06:08:53.063+0000] {dagbag.py:540} INFO - Filling up the DagBag from /opt/airflow/dags/django_etl_monitor.py
[2025-05-28T06:08:53.153+0000] {processor.py:840} INFO - DAG(s) 'django_etl_monitor' retrieved from /opt/airflow/dags/django_etl_monitor.py
[2025-05-28T06:08:53.227+0000] {logging_mixin.py:188} INFO - [2025-05-28T06:08:53.225+0000] {dag.py:3047} INFO - Sync 1 DAGs
[2025-05-28T06:08:53.262+0000] {logging_mixin.py:188} INFO - [2025-05-28T06:08:53.261+0000] {dag.py:3834} INFO - Setting next_dagrun for django_etl_monitor to None, run_after=None
[2025-05-28T06:08:53.362+0000] {processor.py:183} INFO - Processing /opt/airflow/dags/django_etl_monitor.py took 0.319 seconds
[2025-05-28T06:09:23.675+0000] {processor.py:161} INFO - Started process (PID=64) to work on /opt/airflow/dags/django_etl_monitor.py
[2025-05-28T06:09:23.677+0000] {processor.py:830} INFO - Processing file /opt/airflow/dags/django_etl_monitor.py for tasks to queue
[2025-05-28T06:09:23.682+0000] {logging_mixin.py:188} INFO - [2025-05-28T06:09:23.681+0000] {dagbag.py:540} INFO - Filling up the DagBag from /opt/airflow/dags/django_etl_monitor.py
[2025-05-28T06:09:23.765+0000] {processor.py:840} INFO - DAG(s) 'django_etl_monitor' retrieved from /opt/airflow/dags/django_etl_monitor.py
[2025-05-28T06:09:23.846+0000] {logging_mixin.py:188} INFO - [2025-05-28T06:09:23.845+0000] {dag.py:3047} INFO - Sync 1 DAGs
[2025-05-28T06:09:23.881+0000] {logging_mixin.py:188} INFO - [2025-05-28T06:09:23.880+0000] {dag.py:3834} INFO - Setting next_dagrun for django_etl_monitor to None, run_after=None
[2025-05-28T06:09:23.951+0000] {processor.py:183} INFO - Processing /opt/airflow/dags/django_etl_monitor.py took 0.284 seconds
[2025-05-28T06:09:54.233+0000] {processor.py:161} INFO - Started process (PID=65) to work on /opt/airflow/dags/django_etl_monitor.py
[2025-05-28T06:09:54.236+0000] {processor.py:830} INFO - Processing file /opt/airflow/dags/django_etl_monitor.py for tasks to queue
[2025-05-28T06:09:54.242+0000] {logging_mixin.py:188} INFO - [2025-05-28T06:09:54.241+0000] {dagbag.py:540} INFO - Filling up the DagBag from /opt/airflow/dags/django_etl_monitor.py
[2025-05-28T06:09:54.306+0000] {processor.py:840} INFO - DAG(s) 'django_etl_monitor' retrieved from /opt/airflow/dags/django_etl_monitor.py
[2025-05-28T06:09:54.352+0000] {logging_mixin.py:188} INFO - [2025-05-28T06:09:54.351+0000] {dag.py:3047} INFO - Sync 1 DAGs
[2025-05-28T06:09:54.380+0000] {logging_mixin.py:188} INFO - [2025-05-28T06:09:54.380+0000] {dag.py:3834} INFO - Setting next_dagrun for django_etl_monitor to None, run_after=None
[2025-05-28T06:09:54.434+0000] {processor.py:183} INFO - Processing /opt/airflow/dags/django_etl_monitor.py took 0.209 seconds
[2025-05-28T06:10:24.753+0000] {processor.py:161} INFO - Started process (PID=66) to work on /opt/airflow/dags/django_etl_monitor.py
[2025-05-28T06:10:24.755+0000] {processor.py:830} INFO - Processing file /opt/airflow/dags/django_etl_monitor.py for tasks to queue
[2025-05-28T06:10:24.759+0000] {logging_mixin.py:188} INFO - [2025-05-28T06:10:24.759+0000] {dagbag.py:540} INFO - Filling up the DagBag from /opt/airflow/dags/django_etl_monitor.py
[2025-05-28T06:10:24.868+0000] {processor.py:840} INFO - DAG(s) 'django_etl_monitor' retrieved from /opt/airflow/dags/django_etl_monitor.py
[2025-05-28T06:10:24.949+0000] {logging_mixin.py:188} INFO - [2025-05-28T06:10:24.948+0000] {dag.py:3047} INFO - Sync 1 DAGs
[2025-05-28T06:10:24.986+0000] {logging_mixin.py:188} INFO - [2025-05-28T06:10:24.985+0000] {dag.py:3834} INFO - Setting next_dagrun for django_etl_monitor to None, run_after=None
[2025-05-28T06:10:25.044+0000] {processor.py:183} INFO - Processing /opt/airflow/dags/django_etl_monitor.py took 0.296 seconds
[2025-05-28T06:10:55.247+0000] {processor.py:161} INFO - Started process (PID=67) to work on /opt/airflow/dags/django_etl_monitor.py
[2025-05-28T06:10:55.253+0000] {processor.py:830} INFO - Processing file /opt/airflow/dags/django_etl_monitor.py for tasks to queue
[2025-05-28T06:10:55.259+0000] {logging_mixin.py:188} INFO - [2025-05-28T06:10:55.259+0000] {dagbag.py:540} INFO - Filling up the DagBag from /opt/airflow/dags/django_etl_monitor.py
[2025-05-28T06:10:55.339+0000] {processor.py:840} INFO - DAG(s) 'django_etl_monitor' retrieved from /opt/airflow/dags/django_etl_monitor.py
[2025-05-28T06:10:55.423+0000] {logging_mixin.py:188} INFO - [2025-05-28T06:10:55.423+0000] {dag.py:3047} INFO - Sync 1 DAGs
[2025-05-28T06:10:55.456+0000] {logging_mixin.py:188} INFO - [2025-05-28T06:10:55.455+0000] {dag.py:3834} INFO - Setting next_dagrun for django_etl_monitor to None, run_after=None
[2025-05-28T06:10:55.506+0000] {processor.py:183} INFO - Processing /opt/airflow/dags/django_etl_monitor.py took 0.269 seconds
[2025-05-28T06:11:26.258+0000] {processor.py:161} INFO - Started process (PID=68) to work on /opt/airflow/dags/django_etl_monitor.py
[2025-05-28T06:11:26.263+0000] {processor.py:830} INFO - Processing file /opt/airflow/dags/django_etl_monitor.py for tasks to queue
[2025-05-28T06:11:26.274+0000] {logging_mixin.py:188} INFO - [2025-05-28T06:11:26.272+0000] {dagbag.py:540} INFO - Filling up the DagBag from /opt/airflow/dags/django_etl_monitor.py
[2025-05-28T06:11:26.430+0000] {processor.py:840} INFO - DAG(s) 'django_etl_monitor' retrieved from /opt/airflow/dags/django_etl_monitor.py
[2025-05-28T06:11:26.577+0000] {logging_mixin.py:188} INFO - [2025-05-28T06:11:26.576+0000] {dag.py:3047} INFO - Sync 1 DAGs
[2025-05-28T06:11:26.628+0000] {logging_mixin.py:188} INFO - [2025-05-28T06:11:26.627+0000] {dag.py:3834} INFO - Setting next_dagrun for django_etl_monitor to None, run_after=None
[2025-05-28T06:11:26.734+0000] {processor.py:183} INFO - Processing /opt/airflow/dags/django_etl_monitor.py took 0.489 seconds
[2025-05-28T06:11:57.236+0000] {processor.py:161} INFO - Started process (PID=69) to work on /opt/airflow/dags/django_etl_monitor.py
[2025-05-28T06:11:57.239+0000] {processor.py:830} INFO - Processing file /opt/airflow/dags/django_etl_monitor.py for tasks to queue
[2025-05-28T06:11:57.244+0000] {logging_mixin.py:188} INFO - [2025-05-28T06:11:57.244+0000] {dagbag.py:540} INFO - Filling up the DagBag from /opt/airflow/dags/django_etl_monitor.py
[2025-05-28T06:11:57.329+0000] {processor.py:840} INFO - DAG(s) 'django_etl_monitor' retrieved from /opt/airflow/dags/django_etl_monitor.py
[2025-05-28T06:11:57.407+0000] {logging_mixin.py:188} INFO - [2025-05-28T06:11:57.407+0000] {dag.py:3047} INFO - Sync 1 DAGs
[2025-05-28T06:11:57.442+0000] {logging_mixin.py:188} INFO - [2025-05-28T06:11:57.442+0000] {dag.py:3834} INFO - Setting next_dagrun for django_etl_monitor to None, run_after=None
[2025-05-28T06:11:57.557+0000] {processor.py:183} INFO - Processing /opt/airflow/dags/django_etl_monitor.py took 0.328 seconds
[2025-05-28T06:12:28.047+0000] {processor.py:161} INFO - Started process (PID=70) to work on /opt/airflow/dags/django_etl_monitor.py
[2025-05-28T06:12:28.049+0000] {processor.py:830} INFO - Processing file /opt/airflow/dags/django_etl_monitor.py for tasks to queue
[2025-05-28T06:12:28.053+0000] {logging_mixin.py:188} INFO - [2025-05-28T06:12:28.052+0000] {dagbag.py:540} INFO - Filling up the DagBag from /opt/airflow/dags/django_etl_monitor.py
[2025-05-28T06:12:28.111+0000] {processor.py:840} INFO - DAG(s) 'django_etl_monitor' retrieved from /opt/airflow/dags/django_etl_monitor.py
[2025-05-28T06:12:28.165+0000] {logging_mixin.py:188} INFO - [2025-05-28T06:12:28.164+0000] {dag.py:3047} INFO - Sync 1 DAGs
[2025-05-28T06:12:28.190+0000] {logging_mixin.py:188} INFO - [2025-05-28T06:12:28.190+0000] {dag.py:3834} INFO - Setting next_dagrun for django_etl_monitor to None, run_after=None
[2025-05-28T06:12:28.246+0000] {processor.py:183} INFO - Processing /opt/airflow/dags/django_etl_monitor.py took 0.206 seconds
