[2025-07-02T05:09:11.564+0000] {processor.py:161} INFO - Started process (PID=39) to work on /opt/airflow/dags/etl_pipeline_sample.py
[2025-07-02T05:09:11.567+0000] {processor.py:830} INFO - Processing file /opt/airflow/dags/etl_pipeline_sample.py for tasks to queue
[2025-07-02T05:09:11.573+0000] {logging_mixin.py:188} INFO - [2025-07-02T05:09:11.572+0000] {dagbag.py:540} INFO - Filling up the DagBag from /opt/airflow/dags/etl_pipeline_sample.py
[2025-07-02T05:09:11.642+0000] {processor.py:840} INFO - DAG(s) 'etl_pipeline_sample' retrieved from /opt/airflow/dags/etl_pipeline_sample.py
[2025-07-02T05:09:11.678+0000] {logging_mixin.py:188} INFO - [2025-07-02T05:09:11.677+0000] {dag.py:3047} INFO - Sync 1 DAGs
[2025-07-02T05:09:11.725+0000] {logging_mixin.py:188} INFO - [2025-07-02T05:09:11.724+0000] {dag.py:3834} INFO - Setting next_dagrun for etl_pipeline_sample to None, run_after=None
[2025-07-02T05:09:11.785+0000] {processor.py:183} INFO - Processing /opt/airflow/dags/etl_pipeline_sample.py took 0.227 seconds
[2025-07-02T05:09:42.178+0000] {processor.py:161} INFO - Started process (PID=42) to work on /opt/airflow/dags/etl_pipeline_sample.py
[2025-07-02T05:09:42.180+0000] {processor.py:830} INFO - Processing file /opt/airflow/dags/etl_pipeline_sample.py for tasks to queue
[2025-07-02T05:09:42.183+0000] {logging_mixin.py:188} INFO - [2025-07-02T05:09:42.183+0000] {dagbag.py:540} INFO - Filling up the DagBag from /opt/airflow/dags/etl_pipeline_sample.py
[2025-07-02T05:09:42.245+0000] {processor.py:840} INFO - DAG(s) 'etl_pipeline_sample' retrieved from /opt/airflow/dags/etl_pipeline_sample.py
[2025-07-02T05:09:42.390+0000] {logging_mixin.py:188} INFO - [2025-07-02T05:09:42.389+0000] {dag.py:3047} INFO - Sync 1 DAGs
[2025-07-02T05:09:42.402+0000] {logging_mixin.py:188} INFO - [2025-07-02T05:09:42.402+0000] {dag.py:3834} INFO - Setting next_dagrun for etl_pipeline_sample to None, run_after=None
[2025-07-02T05:09:42.433+0000] {processor.py:183} INFO - Processing /opt/airflow/dags/etl_pipeline_sample.py took 0.261 seconds
[2025-07-02T05:10:13.263+0000] {processor.py:161} INFO - Started process (PID=45) to work on /opt/airflow/dags/etl_pipeline_sample.py
[2025-07-02T05:10:13.265+0000] {processor.py:830} INFO - Processing file /opt/airflow/dags/etl_pipeline_sample.py for tasks to queue
[2025-07-02T05:10:13.268+0000] {logging_mixin.py:188} INFO - [2025-07-02T05:10:13.267+0000] {dagbag.py:540} INFO - Filling up the DagBag from /opt/airflow/dags/etl_pipeline_sample.py
[2025-07-02T05:10:13.331+0000] {processor.py:840} INFO - DAG(s) 'etl_pipeline_sample' retrieved from /opt/airflow/dags/etl_pipeline_sample.py
[2025-07-02T05:10:13.369+0000] {logging_mixin.py:188} INFO - [2025-07-02T05:10:13.368+0000] {dag.py:3047} INFO - Sync 1 DAGs
[2025-07-02T05:10:13.385+0000] {logging_mixin.py:188} INFO - [2025-07-02T05:10:13.385+0000] {dag.py:3834} INFO - Setting next_dagrun for etl_pipeline_sample to None, run_after=None
[2025-07-02T05:10:13.471+0000] {processor.py:183} INFO - Processing /opt/airflow/dags/etl_pipeline_sample.py took 0.213 seconds
[2025-07-02T05:10:44.301+0000] {processor.py:161} INFO - Started process (PID=48) to work on /opt/airflow/dags/etl_pipeline_sample.py
[2025-07-02T05:10:44.302+0000] {processor.py:830} INFO - Processing file /opt/airflow/dags/etl_pipeline_sample.py for tasks to queue
[2025-07-02T05:10:44.304+0000] {logging_mixin.py:188} INFO - [2025-07-02T05:10:44.304+0000] {dagbag.py:540} INFO - Filling up the DagBag from /opt/airflow/dags/etl_pipeline_sample.py
[2025-07-02T05:10:44.338+0000] {processor.py:840} INFO - DAG(s) 'etl_pipeline_sample' retrieved from /opt/airflow/dags/etl_pipeline_sample.py
[2025-07-02T05:10:44.367+0000] {logging_mixin.py:188} INFO - [2025-07-02T05:10:44.367+0000] {dag.py:3047} INFO - Sync 1 DAGs
[2025-07-02T05:10:44.382+0000] {logging_mixin.py:188} INFO - [2025-07-02T05:10:44.382+0000] {dag.py:3834} INFO - Setting next_dagrun for etl_pipeline_sample to None, run_after=None
[2025-07-02T05:10:44.445+0000] {processor.py:183} INFO - Processing /opt/airflow/dags/etl_pipeline_sample.py took 0.148 seconds
[2025-07-02T05:11:14.669+0000] {processor.py:161} INFO - Started process (PID=50) to work on /opt/airflow/dags/etl_pipeline_sample.py
[2025-07-02T05:11:14.671+0000] {processor.py:830} INFO - Processing file /opt/airflow/dags/etl_pipeline_sample.py for tasks to queue
[2025-07-02T05:11:14.673+0000] {logging_mixin.py:188} INFO - [2025-07-02T05:11:14.673+0000] {dagbag.py:540} INFO - Filling up the DagBag from /opt/airflow/dags/etl_pipeline_sample.py
[2025-07-02T05:11:14.715+0000] {processor.py:840} INFO - DAG(s) 'etl_pipeline_sample' retrieved from /opt/airflow/dags/etl_pipeline_sample.py
[2025-07-02T05:11:14.745+0000] {logging_mixin.py:188} INFO - [2025-07-02T05:11:14.745+0000] {dag.py:3047} INFO - Sync 1 DAGs
[2025-07-02T05:11:14.758+0000] {logging_mixin.py:188} INFO - [2025-07-02T05:11:14.757+0000] {dag.py:3834} INFO - Setting next_dagrun for etl_pipeline_sample to None, run_after=None
[2025-07-02T05:11:14.784+0000] {processor.py:183} INFO - Processing /opt/airflow/dags/etl_pipeline_sample.py took 0.119 seconds
[2025-07-02T05:11:45.054+0000] {processor.py:161} INFO - Started process (PID=53) to work on /opt/airflow/dags/etl_pipeline_sample.py
[2025-07-02T05:11:45.057+0000] {processor.py:830} INFO - Processing file /opt/airflow/dags/etl_pipeline_sample.py for tasks to queue
[2025-07-02T05:11:45.068+0000] {logging_mixin.py:188} INFO - [2025-07-02T05:11:45.067+0000] {dagbag.py:540} INFO - Filling up the DagBag from /opt/airflow/dags/etl_pipeline_sample.py
[2025-07-02T05:11:45.155+0000] {processor.py:840} INFO - DAG(s) 'etl_pipeline_sample' retrieved from /opt/airflow/dags/etl_pipeline_sample.py
[2025-07-02T05:11:45.238+0000] {logging_mixin.py:188} INFO - [2025-07-02T05:11:45.237+0000] {dag.py:3047} INFO - Sync 1 DAGs
[2025-07-02T05:11:45.269+0000] {logging_mixin.py:188} INFO - [2025-07-02T05:11:45.269+0000] {dag.py:3834} INFO - Setting next_dagrun for etl_pipeline_sample to None, run_after=None
[2025-07-02T05:11:45.321+0000] {processor.py:183} INFO - Processing /opt/airflow/dags/etl_pipeline_sample.py took 0.278 seconds
[2025-07-02T05:12:15.568+0000] {processor.py:161} INFO - Started process (PID=56) to work on /opt/airflow/dags/etl_pipeline_sample.py
[2025-07-02T05:12:15.572+0000] {processor.py:830} INFO - Processing file /opt/airflow/dags/etl_pipeline_sample.py for tasks to queue
[2025-07-02T05:12:15.577+0000] {logging_mixin.py:188} INFO - [2025-07-02T05:12:15.576+0000] {dagbag.py:540} INFO - Filling up the DagBag from /opt/airflow/dags/etl_pipeline_sample.py
[2025-07-02T05:12:15.666+0000] {processor.py:840} INFO - DAG(s) 'etl_pipeline_sample' retrieved from /opt/airflow/dags/etl_pipeline_sample.py
[2025-07-02T05:12:15.729+0000] {logging_mixin.py:188} INFO - [2025-07-02T05:12:15.728+0000] {dag.py:3047} INFO - Sync 1 DAGs
[2025-07-02T05:12:15.753+0000] {logging_mixin.py:188} INFO - [2025-07-02T05:12:15.753+0000] {dag.py:3834} INFO - Setting next_dagrun for etl_pipeline_sample to None, run_after=None
[2025-07-02T05:12:15.799+0000] {processor.py:183} INFO - Processing /opt/airflow/dags/etl_pipeline_sample.py took 0.240 seconds
[2025-07-02T05:12:46.598+0000] {processor.py:161} INFO - Started process (PID=59) to work on /opt/airflow/dags/etl_pipeline_sample.py
[2025-07-02T05:12:46.600+0000] {processor.py:830} INFO - Processing file /opt/airflow/dags/etl_pipeline_sample.py for tasks to queue
[2025-07-02T05:12:46.604+0000] {logging_mixin.py:188} INFO - [2025-07-02T05:12:46.603+0000] {dagbag.py:540} INFO - Filling up the DagBag from /opt/airflow/dags/etl_pipeline_sample.py
[2025-07-02T05:12:46.670+0000] {processor.py:840} INFO - DAG(s) 'etl_pipeline_sample' retrieved from /opt/airflow/dags/etl_pipeline_sample.py
[2025-07-02T05:12:46.731+0000] {logging_mixin.py:188} INFO - [2025-07-02T05:12:46.730+0000] {dag.py:3047} INFO - Sync 1 DAGs
[2025-07-02T05:12:46.760+0000] {logging_mixin.py:188} INFO - [2025-07-02T05:12:46.759+0000] {dag.py:3834} INFO - Setting next_dagrun for etl_pipeline_sample to None, run_after=None
[2025-07-02T05:12:46.804+0000] {processor.py:183} INFO - Processing /opt/airflow/dags/etl_pipeline_sample.py took 0.211 seconds
[2025-07-02T05:13:17.355+0000] {processor.py:161} INFO - Started process (PID=62) to work on /opt/airflow/dags/etl_pipeline_sample.py
[2025-07-02T05:13:17.358+0000] {processor.py:830} INFO - Processing file /opt/airflow/dags/etl_pipeline_sample.py for tasks to queue
[2025-07-02T05:13:17.363+0000] {logging_mixin.py:188} INFO - [2025-07-02T05:13:17.362+0000] {dagbag.py:540} INFO - Filling up the DagBag from /opt/airflow/dags/etl_pipeline_sample.py
[2025-07-02T05:13:17.425+0000] {processor.py:840} INFO - DAG(s) 'etl_pipeline_sample' retrieved from /opt/airflow/dags/etl_pipeline_sample.py
[2025-07-02T05:13:17.478+0000] {logging_mixin.py:188} INFO - [2025-07-02T05:13:17.478+0000] {dag.py:3047} INFO - Sync 1 DAGs
[2025-07-02T05:13:17.497+0000] {logging_mixin.py:188} INFO - [2025-07-02T05:13:17.497+0000] {dag.py:3834} INFO - Setting next_dagrun for etl_pipeline_sample to None, run_after=None
[2025-07-02T05:13:17.542+0000] {processor.py:183} INFO - Processing /opt/airflow/dags/etl_pipeline_sample.py took 0.197 seconds
[2025-07-02T05:13:48.308+0000] {processor.py:161} INFO - Started process (PID=65) to work on /opt/airflow/dags/etl_pipeline_sample.py
[2025-07-02T05:13:48.310+0000] {processor.py:830} INFO - Processing file /opt/airflow/dags/etl_pipeline_sample.py for tasks to queue
[2025-07-02T05:13:48.313+0000] {logging_mixin.py:188} INFO - [2025-07-02T05:13:48.312+0000] {dagbag.py:540} INFO - Filling up the DagBag from /opt/airflow/dags/etl_pipeline_sample.py
[2025-07-02T05:13:48.371+0000] {processor.py:840} INFO - DAG(s) 'etl_pipeline_sample' retrieved from /opt/airflow/dags/etl_pipeline_sample.py
[2025-07-02T05:13:48.415+0000] {logging_mixin.py:188} INFO - [2025-07-02T05:13:48.415+0000] {dag.py:3047} INFO - Sync 1 DAGs
[2025-07-02T05:13:48.437+0000] {logging_mixin.py:188} INFO - [2025-07-02T05:13:48.437+0000] {dag.py:3834} INFO - Setting next_dagrun for etl_pipeline_sample to None, run_after=None
[2025-07-02T05:13:48.468+0000] {processor.py:183} INFO - Processing /opt/airflow/dags/etl_pipeline_sample.py took 0.164 seconds
[2025-07-02T05:14:18.931+0000] {processor.py:161} INFO - Started process (PID=68) to work on /opt/airflow/dags/etl_pipeline_sample.py
[2025-07-02T05:14:18.934+0000] {processor.py:830} INFO - Processing file /opt/airflow/dags/etl_pipeline_sample.py for tasks to queue
[2025-07-02T05:14:18.941+0000] {logging_mixin.py:188} INFO - [2025-07-02T05:14:18.940+0000] {dagbag.py:540} INFO - Filling up the DagBag from /opt/airflow/dags/etl_pipeline_sample.py
[2025-07-02T05:14:19.029+0000] {processor.py:840} INFO - DAG(s) 'etl_pipeline_sample' retrieved from /opt/airflow/dags/etl_pipeline_sample.py
[2025-07-02T05:14:19.091+0000] {logging_mixin.py:188} INFO - [2025-07-02T05:14:19.090+0000] {dag.py:3047} INFO - Sync 1 DAGs
[2025-07-02T05:14:19.110+0000] {logging_mixin.py:188} INFO - [2025-07-02T05:14:19.109+0000] {dag.py:3834} INFO - Setting next_dagrun for etl_pipeline_sample to None, run_after=None
[2025-07-02T05:14:19.191+0000] {processor.py:183} INFO - Processing /opt/airflow/dags/etl_pipeline_sample.py took 0.268 seconds
[2025-07-02T05:14:49.989+0000] {processor.py:161} INFO - Started process (PID=71) to work on /opt/airflow/dags/etl_pipeline_sample.py
[2025-07-02T05:14:50.004+0000] {processor.py:830} INFO - Processing file /opt/airflow/dags/etl_pipeline_sample.py for tasks to queue
[2025-07-02T05:14:50.009+0000] {logging_mixin.py:188} INFO - [2025-07-02T05:14:50.009+0000] {dagbag.py:540} INFO - Filling up the DagBag from /opt/airflow/dags/etl_pipeline_sample.py
[2025-07-02T05:14:50.094+0000] {processor.py:840} INFO - DAG(s) 'etl_pipeline_sample' retrieved from /opt/airflow/dags/etl_pipeline_sample.py
[2025-07-02T05:14:50.155+0000] {logging_mixin.py:188} INFO - [2025-07-02T05:14:50.155+0000] {dag.py:3047} INFO - Sync 1 DAGs
[2025-07-02T05:14:50.178+0000] {logging_mixin.py:188} INFO - [2025-07-02T05:14:50.178+0000] {dag.py:3834} INFO - Setting next_dagrun for etl_pipeline_sample to None, run_after=None
[2025-07-02T05:14:50.226+0000] {processor.py:183} INFO - Processing /opt/airflow/dags/etl_pipeline_sample.py took 0.240 seconds
[2025-07-02T05:15:20.687+0000] {processor.py:161} INFO - Started process (PID=74) to work on /opt/airflow/dags/etl_pipeline_sample.py
[2025-07-02T05:15:20.690+0000] {processor.py:830} INFO - Processing file /opt/airflow/dags/etl_pipeline_sample.py for tasks to queue
[2025-07-02T05:15:20.695+0000] {logging_mixin.py:188} INFO - [2025-07-02T05:15:20.694+0000] {dagbag.py:540} INFO - Filling up the DagBag from /opt/airflow/dags/etl_pipeline_sample.py
[2025-07-02T05:15:20.749+0000] {processor.py:840} INFO - DAG(s) 'etl_pipeline_sample' retrieved from /opt/airflow/dags/etl_pipeline_sample.py
[2025-07-02T05:15:20.798+0000] {logging_mixin.py:188} INFO - [2025-07-02T05:15:20.798+0000] {dag.py:3047} INFO - Sync 1 DAGs
[2025-07-02T05:15:20.815+0000] {logging_mixin.py:188} INFO - [2025-07-02T05:15:20.815+0000] {dag.py:3834} INFO - Setting next_dagrun for etl_pipeline_sample to None, run_after=None
[2025-07-02T05:15:20.894+0000] {processor.py:183} INFO - Processing /opt/airflow/dags/etl_pipeline_sample.py took 0.214 seconds
[2025-07-02T05:15:51.069+0000] {processor.py:161} INFO - Started process (PID=77) to work on /opt/airflow/dags/etl_pipeline_sample.py
[2025-07-02T05:15:51.071+0000] {processor.py:830} INFO - Processing file /opt/airflow/dags/etl_pipeline_sample.py for tasks to queue
[2025-07-02T05:15:51.074+0000] {logging_mixin.py:188} INFO - [2025-07-02T05:15:51.073+0000] {dagbag.py:540} INFO - Filling up the DagBag from /opt/airflow/dags/etl_pipeline_sample.py
[2025-07-02T05:15:51.106+0000] {processor.py:840} INFO - DAG(s) 'etl_pipeline_sample' retrieved from /opt/airflow/dags/etl_pipeline_sample.py
[2025-07-02T05:15:51.142+0000] {logging_mixin.py:188} INFO - [2025-07-02T05:15:51.142+0000] {dag.py:3047} INFO - Sync 1 DAGs
[2025-07-02T05:15:51.155+0000] {logging_mixin.py:188} INFO - [2025-07-02T05:15:51.155+0000] {dag.py:3834} INFO - Setting next_dagrun for etl_pipeline_sample to None, run_after=None
[2025-07-02T05:15:51.224+0000] {processor.py:183} INFO - Processing /opt/airflow/dags/etl_pipeline_sample.py took 0.159 seconds
[2025-07-02T05:16:22.079+0000] {processor.py:161} INFO - Started process (PID=80) to work on /opt/airflow/dags/etl_pipeline_sample.py
[2025-07-02T05:16:22.081+0000] {processor.py:830} INFO - Processing file /opt/airflow/dags/etl_pipeline_sample.py for tasks to queue
[2025-07-02T05:16:22.084+0000] {logging_mixin.py:188} INFO - [2025-07-02T05:16:22.083+0000] {dagbag.py:540} INFO - Filling up the DagBag from /opt/airflow/dags/etl_pipeline_sample.py
[2025-07-02T05:16:22.124+0000] {processor.py:840} INFO - DAG(s) 'etl_pipeline_sample' retrieved from /opt/airflow/dags/etl_pipeline_sample.py
[2025-07-02T05:16:22.175+0000] {logging_mixin.py:188} INFO - [2025-07-02T05:16:22.174+0000] {dag.py:3047} INFO - Sync 1 DAGs
[2025-07-02T05:16:22.197+0000] {logging_mixin.py:188} INFO - [2025-07-02T05:16:22.197+0000] {dag.py:3834} INFO - Setting next_dagrun for etl_pipeline_sample to None, run_after=None
[2025-07-02T05:16:22.243+0000] {processor.py:183} INFO - Processing /opt/airflow/dags/etl_pipeline_sample.py took 0.171 seconds
[2025-07-02T05:16:52.807+0000] {processor.py:161} INFO - Started process (PID=83) to work on /opt/airflow/dags/etl_pipeline_sample.py
[2025-07-02T05:16:52.811+0000] {processor.py:830} INFO - Processing file /opt/airflow/dags/etl_pipeline_sample.py for tasks to queue
[2025-07-02T05:16:52.819+0000] {logging_mixin.py:188} INFO - [2025-07-02T05:16:52.816+0000] {dagbag.py:540} INFO - Filling up the DagBag from /opt/airflow/dags/etl_pipeline_sample.py
[2025-07-02T05:16:53.013+0000] {processor.py:840} INFO - DAG(s) 'etl_pipeline_sample' retrieved from /opt/airflow/dags/etl_pipeline_sample.py
[2025-07-02T05:16:53.117+0000] {logging_mixin.py:188} INFO - [2025-07-02T05:16:53.116+0000] {dag.py:3047} INFO - Sync 1 DAGs
[2025-07-02T05:16:53.148+0000] {logging_mixin.py:188} INFO - [2025-07-02T05:16:53.148+0000] {dag.py:3834} INFO - Setting next_dagrun for etl_pipeline_sample to None, run_after=None
[2025-07-02T05:16:53.217+0000] {processor.py:183} INFO - Processing /opt/airflow/dags/etl_pipeline_sample.py took 0.423 seconds
[2025-07-02T05:17:23.724+0000] {processor.py:161} INFO - Started process (PID=86) to work on /opt/airflow/dags/etl_pipeline_sample.py
[2025-07-02T05:17:23.738+0000] {processor.py:830} INFO - Processing file /opt/airflow/dags/etl_pipeline_sample.py for tasks to queue
[2025-07-02T05:17:23.756+0000] {logging_mixin.py:188} INFO - [2025-07-02T05:17:23.748+0000] {dagbag.py:540} INFO - Filling up the DagBag from /opt/airflow/dags/etl_pipeline_sample.py
[2025-07-02T05:17:23.829+0000] {processor.py:840} INFO - DAG(s) 'etl_pipeline_sample' retrieved from /opt/airflow/dags/etl_pipeline_sample.py
[2025-07-02T05:17:23.898+0000] {logging_mixin.py:188} INFO - [2025-07-02T05:17:23.897+0000] {dag.py:3047} INFO - Sync 1 DAGs
[2025-07-02T05:17:23.949+0000] {logging_mixin.py:188} INFO - [2025-07-02T05:17:23.948+0000] {dag.py:3834} INFO - Setting next_dagrun for etl_pipeline_sample to None, run_after=None
[2025-07-02T05:17:24.053+0000] {processor.py:183} INFO - Processing /opt/airflow/dags/etl_pipeline_sample.py took 0.340 seconds
[2025-07-02T05:17:54.940+0000] {processor.py:161} INFO - Started process (PID=89) to work on /opt/airflow/dags/etl_pipeline_sample.py
[2025-07-02T05:17:54.942+0000] {processor.py:830} INFO - Processing file /opt/airflow/dags/etl_pipeline_sample.py for tasks to queue
[2025-07-02T05:17:54.946+0000] {logging_mixin.py:188} INFO - [2025-07-02T05:17:54.945+0000] {dagbag.py:540} INFO - Filling up the DagBag from /opt/airflow/dags/etl_pipeline_sample.py
[2025-07-02T05:17:55.003+0000] {processor.py:840} INFO - DAG(s) 'etl_pipeline_sample' retrieved from /opt/airflow/dags/etl_pipeline_sample.py
[2025-07-02T05:17:55.045+0000] {logging_mixin.py:188} INFO - [2025-07-02T05:17:55.044+0000] {dag.py:3047} INFO - Sync 1 DAGs
[2025-07-02T05:17:55.058+0000] {logging_mixin.py:188} INFO - [2025-07-02T05:17:55.058+0000] {dag.py:3834} INFO - Setting next_dagrun for etl_pipeline_sample to None, run_after=None
[2025-07-02T05:17:55.102+0000] {processor.py:183} INFO - Processing /opt/airflow/dags/etl_pipeline_sample.py took 0.167 seconds
[2025-07-02T05:18:25.681+0000] {processor.py:161} INFO - Started process (PID=92) to work on /opt/airflow/dags/etl_pipeline_sample.py
[2025-07-02T05:18:25.683+0000] {processor.py:830} INFO - Processing file /opt/airflow/dags/etl_pipeline_sample.py for tasks to queue
[2025-07-02T05:18:25.686+0000] {logging_mixin.py:188} INFO - [2025-07-02T05:18:25.686+0000] {dagbag.py:540} INFO - Filling up the DagBag from /opt/airflow/dags/etl_pipeline_sample.py
[2025-07-02T05:18:25.752+0000] {processor.py:840} INFO - DAG(s) 'etl_pipeline_sample' retrieved from /opt/airflow/dags/etl_pipeline_sample.py
[2025-07-02T05:18:25.788+0000] {logging_mixin.py:188} INFO - [2025-07-02T05:18:25.788+0000] {dag.py:3047} INFO - Sync 1 DAGs
[2025-07-02T05:18:25.803+0000] {logging_mixin.py:188} INFO - [2025-07-02T05:18:25.803+0000] {dag.py:3834} INFO - Setting next_dagrun for etl_pipeline_sample to None, run_after=None
[2025-07-02T05:18:25.834+0000] {processor.py:183} INFO - Processing /opt/airflow/dags/etl_pipeline_sample.py took 0.157 seconds
[2025-07-02T05:18:56.496+0000] {processor.py:161} INFO - Started process (PID=95) to work on /opt/airflow/dags/etl_pipeline_sample.py
[2025-07-02T05:18:56.498+0000] {processor.py:830} INFO - Processing file /opt/airflow/dags/etl_pipeline_sample.py for tasks to queue
[2025-07-02T05:18:56.503+0000] {logging_mixin.py:188} INFO - [2025-07-02T05:18:56.502+0000] {dagbag.py:540} INFO - Filling up the DagBag from /opt/airflow/dags/etl_pipeline_sample.py
[2025-07-02T05:18:56.587+0000] {processor.py:840} INFO - DAG(s) 'etl_pipeline_sample' retrieved from /opt/airflow/dags/etl_pipeline_sample.py
[2025-07-02T05:18:56.656+0000] {logging_mixin.py:188} INFO - [2025-07-02T05:18:56.655+0000] {dag.py:3047} INFO - Sync 1 DAGs
[2025-07-02T05:18:56.679+0000] {logging_mixin.py:188} INFO - [2025-07-02T05:18:56.679+0000] {dag.py:3834} INFO - Setting next_dagrun for etl_pipeline_sample to None, run_after=None
[2025-07-02T05:18:56.769+0000] {processor.py:183} INFO - Processing /opt/airflow/dags/etl_pipeline_sample.py took 0.280 seconds
[2025-07-02T05:19:27.590+0000] {processor.py:161} INFO - Started process (PID=98) to work on /opt/airflow/dags/etl_pipeline_sample.py
[2025-07-02T05:19:27.592+0000] {processor.py:830} INFO - Processing file /opt/airflow/dags/etl_pipeline_sample.py for tasks to queue
[2025-07-02T05:19:27.595+0000] {logging_mixin.py:188} INFO - [2025-07-02T05:19:27.595+0000] {dagbag.py:540} INFO - Filling up the DagBag from /opt/airflow/dags/etl_pipeline_sample.py
[2025-07-02T05:19:27.656+0000] {processor.py:840} INFO - DAG(s) 'etl_pipeline_sample' retrieved from /opt/airflow/dags/etl_pipeline_sample.py
[2025-07-02T05:19:27.713+0000] {logging_mixin.py:188} INFO - [2025-07-02T05:19:27.713+0000] {dag.py:3047} INFO - Sync 1 DAGs
[2025-07-02T05:19:27.737+0000] {logging_mixin.py:188} INFO - [2025-07-02T05:19:27.736+0000] {dag.py:3834} INFO - Setting next_dagrun for etl_pipeline_sample to None, run_after=None
[2025-07-02T05:19:27.815+0000] {processor.py:183} INFO - Processing /opt/airflow/dags/etl_pipeline_sample.py took 0.231 seconds
[2025-07-02T05:19:58.306+0000] {processor.py:161} INFO - Started process (PID=101) to work on /opt/airflow/dags/etl_pipeline_sample.py
[2025-07-02T05:19:58.309+0000] {processor.py:830} INFO - Processing file /opt/airflow/dags/etl_pipeline_sample.py for tasks to queue
[2025-07-02T05:19:58.314+0000] {logging_mixin.py:188} INFO - [2025-07-02T05:19:58.313+0000] {dagbag.py:540} INFO - Filling up the DagBag from /opt/airflow/dags/etl_pipeline_sample.py
[2025-07-02T05:19:58.392+0000] {processor.py:840} INFO - DAG(s) 'etl_pipeline_sample' retrieved from /opt/airflow/dags/etl_pipeline_sample.py
[2025-07-02T05:19:58.491+0000] {logging_mixin.py:188} INFO - [2025-07-02T05:19:58.490+0000] {dag.py:3047} INFO - Sync 1 DAGs
[2025-07-02T05:19:58.517+0000] {logging_mixin.py:188} INFO - [2025-07-02T05:19:58.517+0000] {dag.py:3834} INFO - Setting next_dagrun for etl_pipeline_sample to None, run_after=None
[2025-07-02T05:19:58.612+0000] {processor.py:183} INFO - Processing /opt/airflow/dags/etl_pipeline_sample.py took 0.314 seconds
[2025-07-02T05:20:28.984+0000] {processor.py:161} INFO - Started process (PID=104) to work on /opt/airflow/dags/etl_pipeline_sample.py
[2025-07-02T05:20:28.987+0000] {processor.py:830} INFO - Processing file /opt/airflow/dags/etl_pipeline_sample.py for tasks to queue
[2025-07-02T05:20:28.991+0000] {logging_mixin.py:188} INFO - [2025-07-02T05:20:28.990+0000] {dagbag.py:540} INFO - Filling up the DagBag from /opt/airflow/dags/etl_pipeline_sample.py
[2025-07-02T05:20:29.049+0000] {processor.py:840} INFO - DAG(s) 'etl_pipeline_sample' retrieved from /opt/airflow/dags/etl_pipeline_sample.py
[2025-07-02T05:20:29.092+0000] {logging_mixin.py:188} INFO - [2025-07-02T05:20:29.092+0000] {dag.py:3047} INFO - Sync 1 DAGs
[2025-07-02T05:20:29.107+0000] {logging_mixin.py:188} INFO - [2025-07-02T05:20:29.107+0000] {dag.py:3834} INFO - Setting next_dagrun for etl_pipeline_sample to None, run_after=None
[2025-07-02T05:20:29.177+0000] {processor.py:183} INFO - Processing /opt/airflow/dags/etl_pipeline_sample.py took 0.198 seconds
[2025-07-02T05:20:59.538+0000] {processor.py:161} INFO - Started process (PID=107) to work on /opt/airflow/dags/etl_pipeline_sample.py
[2025-07-02T05:20:59.543+0000] {processor.py:830} INFO - Processing file /opt/airflow/dags/etl_pipeline_sample.py for tasks to queue
[2025-07-02T05:20:59.552+0000] {logging_mixin.py:188} INFO - [2025-07-02T05:20:59.551+0000] {dagbag.py:540} INFO - Filling up the DagBag from /opt/airflow/dags/etl_pipeline_sample.py
[2025-07-02T05:20:59.647+0000] {processor.py:840} INFO - DAG(s) 'etl_pipeline_sample' retrieved from /opt/airflow/dags/etl_pipeline_sample.py
[2025-07-02T05:20:59.750+0000] {logging_mixin.py:188} INFO - [2025-07-02T05:20:59.749+0000] {dag.py:3047} INFO - Sync 1 DAGs
[2025-07-02T05:20:59.783+0000] {logging_mixin.py:188} INFO - [2025-07-02T05:20:59.781+0000] {dag.py:3834} INFO - Setting next_dagrun for etl_pipeline_sample to None, run_after=None
[2025-07-02T05:20:59.853+0000] {processor.py:183} INFO - Processing /opt/airflow/dags/etl_pipeline_sample.py took 0.325 seconds
[2025-07-02T05:21:30.851+0000] {processor.py:161} INFO - Started process (PID=110) to work on /opt/airflow/dags/etl_pipeline_sample.py
[2025-07-02T05:21:30.854+0000] {processor.py:830} INFO - Processing file /opt/airflow/dags/etl_pipeline_sample.py for tasks to queue
[2025-07-02T05:21:30.859+0000] {logging_mixin.py:188} INFO - [2025-07-02T05:21:30.859+0000] {dagbag.py:540} INFO - Filling up the DagBag from /opt/airflow/dags/etl_pipeline_sample.py
[2025-07-02T05:21:30.942+0000] {processor.py:840} INFO - DAG(s) 'etl_pipeline_sample' retrieved from /opt/airflow/dags/etl_pipeline_sample.py
[2025-07-02T05:21:31.011+0000] {logging_mixin.py:188} INFO - [2025-07-02T05:21:31.010+0000] {dag.py:3047} INFO - Sync 1 DAGs
[2025-07-02T05:21:31.047+0000] {logging_mixin.py:188} INFO - [2025-07-02T05:21:31.047+0000] {dag.py:3834} INFO - Setting next_dagrun for etl_pipeline_sample to None, run_after=None
[2025-07-02T05:21:31.106+0000] {processor.py:183} INFO - Processing /opt/airflow/dags/etl_pipeline_sample.py took 0.263 seconds
[2025-07-02T05:22:01.761+0000] {processor.py:161} INFO - Started process (PID=113) to work on /opt/airflow/dags/etl_pipeline_sample.py
[2025-07-02T05:22:01.763+0000] {processor.py:830} INFO - Processing file /opt/airflow/dags/etl_pipeline_sample.py for tasks to queue
[2025-07-02T05:22:01.768+0000] {logging_mixin.py:188} INFO - [2025-07-02T05:22:01.767+0000] {dagbag.py:540} INFO - Filling up the DagBag from /opt/airflow/dags/etl_pipeline_sample.py
[2025-07-02T05:22:01.862+0000] {processor.py:840} INFO - DAG(s) 'etl_pipeline_sample' retrieved from /opt/airflow/dags/etl_pipeline_sample.py
[2025-07-02T05:22:01.925+0000] {logging_mixin.py:188} INFO - [2025-07-02T05:22:01.925+0000] {dag.py:3047} INFO - Sync 1 DAGs
[2025-07-02T05:22:01.952+0000] {logging_mixin.py:188} INFO - [2025-07-02T05:22:01.951+0000] {dag.py:3834} INFO - Setting next_dagrun for etl_pipeline_sample to None, run_after=None
[2025-07-02T05:22:01.998+0000] {processor.py:183} INFO - Processing /opt/airflow/dags/etl_pipeline_sample.py took 0.243 seconds
[2025-07-02T05:22:32.628+0000] {processor.py:161} INFO - Started process (PID=116) to work on /opt/airflow/dags/etl_pipeline_sample.py
[2025-07-02T05:22:32.630+0000] {processor.py:830} INFO - Processing file /opt/airflow/dags/etl_pipeline_sample.py for tasks to queue
[2025-07-02T05:22:32.634+0000] {logging_mixin.py:188} INFO - [2025-07-02T05:22:32.634+0000] {dagbag.py:540} INFO - Filling up the DagBag from /opt/airflow/dags/etl_pipeline_sample.py
[2025-07-02T05:22:32.701+0000] {processor.py:840} INFO - DAG(s) 'etl_pipeline_sample' retrieved from /opt/airflow/dags/etl_pipeline_sample.py
[2025-07-02T05:22:32.739+0000] {logging_mixin.py:188} INFO - [2025-07-02T05:22:32.738+0000] {dag.py:3047} INFO - Sync 1 DAGs
[2025-07-02T05:22:32.752+0000] {logging_mixin.py:188} INFO - [2025-07-02T05:22:32.752+0000] {dag.py:3834} INFO - Setting next_dagrun for etl_pipeline_sample to None, run_after=None
[2025-07-02T05:22:32.830+0000] {processor.py:183} INFO - Processing /opt/airflow/dags/etl_pipeline_sample.py took 0.207 seconds
[2025-07-02T05:23:03.220+0000] {processor.py:161} INFO - Started process (PID=119) to work on /opt/airflow/dags/etl_pipeline_sample.py
[2025-07-02T05:23:03.221+0000] {processor.py:830} INFO - Processing file /opt/airflow/dags/etl_pipeline_sample.py for tasks to queue
[2025-07-02T05:23:03.224+0000] {logging_mixin.py:188} INFO - [2025-07-02T05:23:03.224+0000] {dagbag.py:540} INFO - Filling up the DagBag from /opt/airflow/dags/etl_pipeline_sample.py
[2025-07-02T05:23:03.304+0000] {processor.py:840} INFO - DAG(s) 'etl_pipeline_sample' retrieved from /opt/airflow/dags/etl_pipeline_sample.py
[2025-07-02T05:23:03.339+0000] {logging_mixin.py:188} INFO - [2025-07-02T05:23:03.339+0000] {dag.py:3047} INFO - Sync 1 DAGs
[2025-07-02T05:23:03.354+0000] {logging_mixin.py:188} INFO - [2025-07-02T05:23:03.354+0000] {dag.py:3834} INFO - Setting next_dagrun for etl_pipeline_sample to None, run_after=None
[2025-07-02T05:23:03.393+0000] {processor.py:183} INFO - Processing /opt/airflow/dags/etl_pipeline_sample.py took 0.178 seconds
[2025-07-02T05:23:34.105+0000] {processor.py:161} INFO - Started process (PID=122) to work on /opt/airflow/dags/etl_pipeline_sample.py
[2025-07-02T05:23:34.107+0000] {processor.py:830} INFO - Processing file /opt/airflow/dags/etl_pipeline_sample.py for tasks to queue
[2025-07-02T05:23:34.110+0000] {logging_mixin.py:188} INFO - [2025-07-02T05:23:34.110+0000] {dagbag.py:540} INFO - Filling up the DagBag from /opt/airflow/dags/etl_pipeline_sample.py
[2025-07-02T05:23:34.168+0000] {processor.py:840} INFO - DAG(s) 'etl_pipeline_sample' retrieved from /opt/airflow/dags/etl_pipeline_sample.py
[2025-07-02T05:23:34.200+0000] {logging_mixin.py:188} INFO - [2025-07-02T05:23:34.200+0000] {dag.py:3047} INFO - Sync 1 DAGs
[2025-07-02T05:23:34.215+0000] {logging_mixin.py:188} INFO - [2025-07-02T05:23:34.215+0000] {dag.py:3834} INFO - Setting next_dagrun for etl_pipeline_sample to None, run_after=None
[2025-07-02T05:23:34.243+0000] {processor.py:183} INFO - Processing /opt/airflow/dags/etl_pipeline_sample.py took 0.142 seconds
[2025-07-02T05:24:04.552+0000] {processor.py:161} INFO - Started process (PID=125) to work on /opt/airflow/dags/etl_pipeline_sample.py
[2025-07-02T05:24:04.554+0000] {processor.py:830} INFO - Processing file /opt/airflow/dags/etl_pipeline_sample.py for tasks to queue
[2025-07-02T05:24:04.558+0000] {logging_mixin.py:188} INFO - [2025-07-02T05:24:04.558+0000] {dagbag.py:540} INFO - Filling up the DagBag from /opt/airflow/dags/etl_pipeline_sample.py
[2025-07-02T05:24:04.618+0000] {processor.py:840} INFO - DAG(s) 'etl_pipeline_sample' retrieved from /opt/airflow/dags/etl_pipeline_sample.py
[2025-07-02T05:24:04.652+0000] {logging_mixin.py:188} INFO - [2025-07-02T05:24:04.651+0000] {dag.py:3047} INFO - Sync 1 DAGs
[2025-07-02T05:24:04.668+0000] {logging_mixin.py:188} INFO - [2025-07-02T05:24:04.668+0000] {dag.py:3834} INFO - Setting next_dagrun for etl_pipeline_sample to None, run_after=None
[2025-07-02T05:24:04.749+0000] {processor.py:183} INFO - Processing /opt/airflow/dags/etl_pipeline_sample.py took 0.201 seconds
[2025-07-02T05:24:35.300+0000] {processor.py:161} INFO - Started process (PID=128) to work on /opt/airflow/dags/etl_pipeline_sample.py
[2025-07-02T05:24:35.302+0000] {processor.py:830} INFO - Processing file /opt/airflow/dags/etl_pipeline_sample.py for tasks to queue
[2025-07-02T05:24:35.304+0000] {logging_mixin.py:188} INFO - [2025-07-02T05:24:35.303+0000] {dagbag.py:540} INFO - Filling up the DagBag from /opt/airflow/dags/etl_pipeline_sample.py
[2025-07-02T05:24:35.335+0000] {processor.py:840} INFO - DAG(s) 'etl_pipeline_sample' retrieved from /opt/airflow/dags/etl_pipeline_sample.py
[2025-07-02T05:24:35.371+0000] {logging_mixin.py:188} INFO - [2025-07-02T05:24:35.370+0000] {dag.py:3047} INFO - Sync 1 DAGs
[2025-07-02T05:24:35.384+0000] {logging_mixin.py:188} INFO - [2025-07-02T05:24:35.383+0000] {dag.py:3834} INFO - Setting next_dagrun for etl_pipeline_sample to None, run_after=None
[2025-07-02T05:24:35.414+0000] {processor.py:183} INFO - Processing /opt/airflow/dags/etl_pipeline_sample.py took 0.118 seconds
[2025-07-02T05:25:05.963+0000] {processor.py:161} INFO - Started process (PID=132) to work on /opt/airflow/dags/etl_pipeline_sample.py
[2025-07-02T05:25:05.964+0000] {processor.py:830} INFO - Processing file /opt/airflow/dags/etl_pipeline_sample.py for tasks to queue
[2025-07-02T05:25:05.967+0000] {logging_mixin.py:188} INFO - [2025-07-02T05:25:05.966+0000] {dagbag.py:540} INFO - Filling up the DagBag from /opt/airflow/dags/etl_pipeline_sample.py
[2025-07-02T05:25:06.004+0000] {processor.py:840} INFO - DAG(s) 'etl_pipeline_sample' retrieved from /opt/airflow/dags/etl_pipeline_sample.py
[2025-07-02T05:25:06.041+0000] {logging_mixin.py:188} INFO - [2025-07-02T05:25:06.041+0000] {dag.py:3047} INFO - Sync 1 DAGs
[2025-07-02T05:25:06.072+0000] {logging_mixin.py:188} INFO - [2025-07-02T05:25:06.071+0000] {dag.py:3834} INFO - Setting next_dagrun for etl_pipeline_sample to None, run_after=None
[2025-07-02T05:25:06.157+0000] {processor.py:183} INFO - Processing /opt/airflow/dags/etl_pipeline_sample.py took 0.198 seconds
[2025-07-02T05:25:42.601+0000] {processor.py:161} INFO - Started process (PID=39) to work on /opt/airflow/dags/etl_pipeline_sample.py
[2025-07-02T05:25:42.605+0000] {processor.py:830} INFO - Processing file /opt/airflow/dags/etl_pipeline_sample.py for tasks to queue
[2025-07-02T05:25:42.610+0000] {logging_mixin.py:188} INFO - [2025-07-02T05:25:42.609+0000] {dagbag.py:540} INFO - Filling up the DagBag from /opt/airflow/dags/etl_pipeline_sample.py
[2025-07-02T05:25:42.675+0000] {processor.py:840} INFO - DAG(s) 'etl_pipeline_sample' retrieved from /opt/airflow/dags/etl_pipeline_sample.py
[2025-07-02T05:25:42.732+0000] {logging_mixin.py:188} INFO - [2025-07-02T05:25:42.731+0000] {dag.py:3047} INFO - Sync 1 DAGs
[2025-07-02T05:25:42.758+0000] {logging_mixin.py:188} INFO - [2025-07-02T05:25:42.757+0000] {dag.py:3834} INFO - Setting next_dagrun for etl_pipeline_sample to None, run_after=None
[2025-07-02T05:25:42.838+0000] {processor.py:183} INFO - Processing /opt/airflow/dags/etl_pipeline_sample.py took 0.245 seconds
[2025-07-02T05:26:13.701+0000] {processor.py:161} INFO - Started process (PID=42) to work on /opt/airflow/dags/etl_pipeline_sample.py
[2025-07-02T05:26:13.704+0000] {processor.py:830} INFO - Processing file /opt/airflow/dags/etl_pipeline_sample.py for tasks to queue
[2025-07-02T05:26:13.710+0000] {logging_mixin.py:188} INFO - [2025-07-02T05:26:13.709+0000] {dagbag.py:540} INFO - Filling up the DagBag from /opt/airflow/dags/etl_pipeline_sample.py
[2025-07-02T05:26:13.769+0000] {processor.py:840} INFO - DAG(s) 'etl_pipeline_sample' retrieved from /opt/airflow/dags/etl_pipeline_sample.py
[2025-07-02T05:26:13.809+0000] {logging_mixin.py:188} INFO - [2025-07-02T05:26:13.809+0000] {dag.py:3047} INFO - Sync 1 DAGs
[2025-07-02T05:26:13.824+0000] {logging_mixin.py:188} INFO - [2025-07-02T05:26:13.824+0000] {dag.py:3834} INFO - Setting next_dagrun for etl_pipeline_sample to None, run_after=None
[2025-07-02T05:26:13.858+0000] {processor.py:183} INFO - Processing /opt/airflow/dags/etl_pipeline_sample.py took 0.164 seconds
[2025-07-02T05:26:44.272+0000] {processor.py:161} INFO - Started process (PID=45) to work on /opt/airflow/dags/etl_pipeline_sample.py
[2025-07-02T05:26:44.274+0000] {processor.py:830} INFO - Processing file /opt/airflow/dags/etl_pipeline_sample.py for tasks to queue
[2025-07-02T05:26:44.278+0000] {logging_mixin.py:188} INFO - [2025-07-02T05:26:44.277+0000] {dagbag.py:540} INFO - Filling up the DagBag from /opt/airflow/dags/etl_pipeline_sample.py
[2025-07-02T05:26:44.371+0000] {processor.py:840} INFO - DAG(s) 'etl_pipeline_sample' retrieved from /opt/airflow/dags/etl_pipeline_sample.py
[2025-07-02T05:26:44.407+0000] {logging_mixin.py:188} INFO - [2025-07-02T05:26:44.406+0000] {dag.py:3047} INFO - Sync 1 DAGs
[2025-07-02T05:26:44.419+0000] {logging_mixin.py:188} INFO - [2025-07-02T05:26:44.419+0000] {dag.py:3834} INFO - Setting next_dagrun for etl_pipeline_sample to None, run_after=None
[2025-07-02T05:26:44.482+0000] {processor.py:183} INFO - Processing /opt/airflow/dags/etl_pipeline_sample.py took 0.215 seconds
[2025-07-02T05:27:14.626+0000] {processor.py:161} INFO - Started process (PID=47) to work on /opt/airflow/dags/etl_pipeline_sample.py
[2025-07-02T05:27:14.630+0000] {processor.py:830} INFO - Processing file /opt/airflow/dags/etl_pipeline_sample.py for tasks to queue
[2025-07-02T05:27:14.633+0000] {logging_mixin.py:188} INFO - [2025-07-02T05:27:14.632+0000] {dagbag.py:540} INFO - Filling up the DagBag from /opt/airflow/dags/etl_pipeline_sample.py
[2025-07-02T05:27:14.666+0000] {processor.py:840} INFO - DAG(s) 'etl_pipeline_sample' retrieved from /opt/airflow/dags/etl_pipeline_sample.py
[2025-07-02T05:27:14.697+0000] {logging_mixin.py:188} INFO - [2025-07-02T05:27:14.696+0000] {dag.py:3047} INFO - Sync 1 DAGs
[2025-07-02T05:27:14.709+0000] {logging_mixin.py:188} INFO - [2025-07-02T05:27:14.709+0000] {dag.py:3834} INFO - Setting next_dagrun for etl_pipeline_sample to None, run_after=None
[2025-07-02T05:27:14.738+0000] {processor.py:183} INFO - Processing /opt/airflow/dags/etl_pipeline_sample.py took 0.118 seconds
[2025-07-02T05:27:45.212+0000] {processor.py:161} INFO - Started process (PID=50) to work on /opt/airflow/dags/etl_pipeline_sample.py
[2025-07-02T05:27:45.215+0000] {processor.py:830} INFO - Processing file /opt/airflow/dags/etl_pipeline_sample.py for tasks to queue
[2025-07-02T05:27:45.222+0000] {logging_mixin.py:188} INFO - [2025-07-02T05:27:45.221+0000] {dagbag.py:540} INFO - Filling up the DagBag from /opt/airflow/dags/etl_pipeline_sample.py
[2025-07-02T05:27:45.282+0000] {processor.py:840} INFO - DAG(s) 'etl_pipeline_sample' retrieved from /opt/airflow/dags/etl_pipeline_sample.py
[2025-07-02T05:27:45.328+0000] {logging_mixin.py:188} INFO - [2025-07-02T05:27:45.328+0000] {dag.py:3047} INFO - Sync 1 DAGs
[2025-07-02T05:27:45.349+0000] {logging_mixin.py:188} INFO - [2025-07-02T05:27:45.349+0000] {dag.py:3834} INFO - Setting next_dagrun for etl_pipeline_sample to None, run_after=None
[2025-07-02T05:27:45.395+0000] {processor.py:183} INFO - Processing /opt/airflow/dags/etl_pipeline_sample.py took 0.191 seconds
[2025-07-02T05:28:15.637+0000] {processor.py:161} INFO - Started process (PID=53) to work on /opt/airflow/dags/etl_pipeline_sample.py
[2025-07-02T05:28:15.638+0000] {processor.py:830} INFO - Processing file /opt/airflow/dags/etl_pipeline_sample.py for tasks to queue
[2025-07-02T05:28:15.641+0000] {logging_mixin.py:188} INFO - [2025-07-02T05:28:15.641+0000] {dagbag.py:540} INFO - Filling up the DagBag from /opt/airflow/dags/etl_pipeline_sample.py
[2025-07-02T05:28:15.685+0000] {processor.py:840} INFO - DAG(s) 'etl_pipeline_sample' retrieved from /opt/airflow/dags/etl_pipeline_sample.py
[2025-07-02T05:28:15.713+0000] {logging_mixin.py:188} INFO - [2025-07-02T05:28:15.713+0000] {dag.py:3047} INFO - Sync 1 DAGs
[2025-07-02T05:28:15.726+0000] {logging_mixin.py:188} INFO - [2025-07-02T05:28:15.725+0000] {dag.py:3834} INFO - Setting next_dagrun for etl_pipeline_sample to None, run_after=None
[2025-07-02T05:28:15.751+0000] {processor.py:183} INFO - Processing /opt/airflow/dags/etl_pipeline_sample.py took 0.118 seconds
[2025-07-02T05:28:46.344+0000] {processor.py:161} INFO - Started process (PID=56) to work on /opt/airflow/dags/etl_pipeline_sample.py
[2025-07-02T05:28:46.347+0000] {processor.py:830} INFO - Processing file /opt/airflow/dags/etl_pipeline_sample.py for tasks to queue
[2025-07-02T05:28:46.350+0000] {logging_mixin.py:188} INFO - [2025-07-02T05:28:46.350+0000] {dagbag.py:540} INFO - Filling up the DagBag from /opt/airflow/dags/etl_pipeline_sample.py
[2025-07-02T05:28:46.377+0000] {processor.py:840} INFO - DAG(s) 'etl_pipeline_sample' retrieved from /opt/airflow/dags/etl_pipeline_sample.py
[2025-07-02T05:28:46.405+0000] {logging_mixin.py:188} INFO - [2025-07-02T05:28:46.405+0000] {dag.py:3047} INFO - Sync 1 DAGs
[2025-07-02T05:28:46.421+0000] {logging_mixin.py:188} INFO - [2025-07-02T05:28:46.420+0000] {dag.py:3834} INFO - Setting next_dagrun for etl_pipeline_sample to None, run_after=None
[2025-07-02T05:28:46.449+0000] {processor.py:183} INFO - Processing /opt/airflow/dags/etl_pipeline_sample.py took 0.109 seconds
[2025-07-02T05:29:17.051+0000] {processor.py:161} INFO - Started process (PID=59) to work on /opt/airflow/dags/etl_pipeline_sample.py
[2025-07-02T05:29:17.053+0000] {processor.py:830} INFO - Processing file /opt/airflow/dags/etl_pipeline_sample.py for tasks to queue
[2025-07-02T05:29:17.056+0000] {logging_mixin.py:188} INFO - [2025-07-02T05:29:17.056+0000] {dagbag.py:540} INFO - Filling up the DagBag from /opt/airflow/dags/etl_pipeline_sample.py
[2025-07-02T05:29:17.115+0000] {processor.py:840} INFO - DAG(s) 'etl_pipeline_sample' retrieved from /opt/airflow/dags/etl_pipeline_sample.py
[2025-07-02T05:29:17.152+0000] {logging_mixin.py:188} INFO - [2025-07-02T05:29:17.152+0000] {dag.py:3047} INFO - Sync 1 DAGs
[2025-07-02T05:29:17.168+0000] {logging_mixin.py:188} INFO - [2025-07-02T05:29:17.167+0000] {dag.py:3834} INFO - Setting next_dagrun for etl_pipeline_sample to None, run_after=None
[2025-07-02T05:29:17.229+0000] {processor.py:183} INFO - Processing /opt/airflow/dags/etl_pipeline_sample.py took 0.183 seconds
[2025-07-02T05:29:47.687+0000] {processor.py:161} INFO - Started process (PID=62) to work on /opt/airflow/dags/etl_pipeline_sample.py
[2025-07-02T05:29:47.689+0000] {processor.py:830} INFO - Processing file /opt/airflow/dags/etl_pipeline_sample.py for tasks to queue
[2025-07-02T05:29:47.691+0000] {logging_mixin.py:188} INFO - [2025-07-02T05:29:47.690+0000] {dagbag.py:540} INFO - Filling up the DagBag from /opt/airflow/dags/etl_pipeline_sample.py
[2025-07-02T05:29:47.724+0000] {processor.py:840} INFO - DAG(s) 'etl_pipeline_sample' retrieved from /opt/airflow/dags/etl_pipeline_sample.py
[2025-07-02T05:29:47.755+0000] {logging_mixin.py:188} INFO - [2025-07-02T05:29:47.755+0000] {dag.py:3047} INFO - Sync 1 DAGs
[2025-07-02T05:29:47.767+0000] {logging_mixin.py:188} INFO - [2025-07-02T05:29:47.767+0000] {dag.py:3834} INFO - Setting next_dagrun for etl_pipeline_sample to None, run_after=None
[2025-07-02T05:29:47.791+0000] {processor.py:183} INFO - Processing /opt/airflow/dags/etl_pipeline_sample.py took 0.108 seconds
[2025-07-02T05:30:16.802+0000] {processor.py:161} INFO - Started process (PID=39) to work on /opt/airflow/dags/etl_pipeline_sample.py
[2025-07-02T05:30:16.805+0000] {processor.py:830} INFO - Processing file /opt/airflow/dags/etl_pipeline_sample.py for tasks to queue
[2025-07-02T05:30:16.808+0000] {logging_mixin.py:188} INFO - [2025-07-02T05:30:16.808+0000] {dagbag.py:540} INFO - Filling up the DagBag from /opt/airflow/dags/etl_pipeline_sample.py
[2025-07-02T05:30:16.864+0000] {processor.py:840} INFO - DAG(s) 'etl_pipeline_sample' retrieved from /opt/airflow/dags/etl_pipeline_sample.py
[2025-07-02T05:30:16.912+0000] {logging_mixin.py:188} INFO - [2025-07-02T05:30:16.911+0000] {dag.py:3047} INFO - Sync 1 DAGs
[2025-07-02T05:30:16.942+0000] {logging_mixin.py:188} INFO - [2025-07-02T05:30:16.942+0000] {dag.py:3834} INFO - Setting next_dagrun for etl_pipeline_sample to None, run_after=None
[2025-07-02T05:30:17.031+0000] {processor.py:183} INFO - Processing /opt/airflow/dags/etl_pipeline_sample.py took 0.233 seconds
[2025-07-02T05:30:47.276+0000] {processor.py:161} INFO - Started process (PID=42) to work on /opt/airflow/dags/etl_pipeline_sample.py
[2025-07-02T05:30:47.277+0000] {processor.py:830} INFO - Processing file /opt/airflow/dags/etl_pipeline_sample.py for tasks to queue
[2025-07-02T05:30:47.280+0000] {logging_mixin.py:188} INFO - [2025-07-02T05:30:47.279+0000] {dagbag.py:540} INFO - Filling up the DagBag from /opt/airflow/dags/etl_pipeline_sample.py
[2025-07-02T05:30:47.315+0000] {processor.py:840} INFO - DAG(s) 'etl_pipeline_sample' retrieved from /opt/airflow/dags/etl_pipeline_sample.py
[2025-07-02T05:30:47.343+0000] {logging_mixin.py:188} INFO - [2025-07-02T05:30:47.343+0000] {dag.py:3047} INFO - Sync 1 DAGs
[2025-07-02T05:30:47.356+0000] {logging_mixin.py:188} INFO - [2025-07-02T05:30:47.355+0000] {dag.py:3834} INFO - Setting next_dagrun for etl_pipeline_sample to None, run_after=None
[2025-07-02T05:30:47.419+0000] {processor.py:183} INFO - Processing /opt/airflow/dags/etl_pipeline_sample.py took 0.149 seconds
[2025-07-02T05:31:17.859+0000] {processor.py:161} INFO - Started process (PID=44) to work on /opt/airflow/dags/etl_pipeline_sample.py
[2025-07-02T05:31:17.861+0000] {processor.py:830} INFO - Processing file /opt/airflow/dags/etl_pipeline_sample.py for tasks to queue
[2025-07-02T05:31:17.864+0000] {logging_mixin.py:188} INFO - [2025-07-02T05:31:17.863+0000] {dagbag.py:540} INFO - Filling up the DagBag from /opt/airflow/dags/etl_pipeline_sample.py
[2025-07-02T05:31:17.898+0000] {processor.py:840} INFO - DAG(s) 'etl_pipeline_sample' retrieved from /opt/airflow/dags/etl_pipeline_sample.py
[2025-07-02T05:31:17.925+0000] {logging_mixin.py:188} INFO - [2025-07-02T05:31:17.925+0000] {dag.py:3047} INFO - Sync 1 DAGs
[2025-07-02T05:31:17.936+0000] {logging_mixin.py:188} INFO - [2025-07-02T05:31:17.936+0000] {dag.py:3834} INFO - Setting next_dagrun for etl_pipeline_sample to None, run_after=None
[2025-07-02T05:31:18.014+0000] {processor.py:183} INFO - Processing /opt/airflow/dags/etl_pipeline_sample.py took 0.158 seconds
[2025-07-02T05:31:48.466+0000] {processor.py:161} INFO - Started process (PID=47) to work on /opt/airflow/dags/etl_pipeline_sample.py
[2025-07-02T05:31:48.469+0000] {processor.py:830} INFO - Processing file /opt/airflow/dags/etl_pipeline_sample.py for tasks to queue
[2025-07-02T05:31:48.476+0000] {logging_mixin.py:188} INFO - [2025-07-02T05:31:48.475+0000] {dagbag.py:540} INFO - Filling up the DagBag from /opt/airflow/dags/etl_pipeline_sample.py
[2025-07-02T05:31:48.545+0000] {processor.py:840} INFO - DAG(s) 'etl_pipeline_sample' retrieved from /opt/airflow/dags/etl_pipeline_sample.py
[2025-07-02T05:31:48.587+0000] {logging_mixin.py:188} INFO - [2025-07-02T05:31:48.587+0000] {dag.py:3047} INFO - Sync 1 DAGs
[2025-07-02T05:31:48.603+0000] {logging_mixin.py:188} INFO - [2025-07-02T05:31:48.603+0000] {dag.py:3834} INFO - Setting next_dagrun for etl_pipeline_sample to None, run_after=None
[2025-07-02T05:31:48.643+0000] {processor.py:183} INFO - Processing /opt/airflow/dags/etl_pipeline_sample.py took 0.184 seconds
[2025-07-02T05:32:19.200+0000] {processor.py:161} INFO - Started process (PID=50) to work on /opt/airflow/dags/etl_pipeline_sample.py
[2025-07-02T05:32:19.202+0000] {processor.py:830} INFO - Processing file /opt/airflow/dags/etl_pipeline_sample.py for tasks to queue
[2025-07-02T05:32:19.205+0000] {logging_mixin.py:188} INFO - [2025-07-02T05:32:19.205+0000] {dagbag.py:540} INFO - Filling up the DagBag from /opt/airflow/dags/etl_pipeline_sample.py
[2025-07-02T05:32:19.258+0000] {processor.py:840} INFO - DAG(s) 'etl_pipeline_sample' retrieved from /opt/airflow/dags/etl_pipeline_sample.py
[2025-07-02T05:32:19.295+0000] {logging_mixin.py:188} INFO - [2025-07-02T05:32:19.295+0000] {dag.py:3047} INFO - Sync 1 DAGs
[2025-07-02T05:32:19.313+0000] {logging_mixin.py:188} INFO - [2025-07-02T05:32:19.312+0000] {dag.py:3834} INFO - Setting next_dagrun for etl_pipeline_sample to None, run_after=None
[2025-07-02T05:32:19.349+0000] {processor.py:183} INFO - Processing /opt/airflow/dags/etl_pipeline_sample.py took 0.153 seconds
[2025-07-02T05:32:49.738+0000] {processor.py:161} INFO - Started process (PID=53) to work on /opt/airflow/dags/etl_pipeline_sample.py
[2025-07-02T05:32:49.740+0000] {processor.py:830} INFO - Processing file /opt/airflow/dags/etl_pipeline_sample.py for tasks to queue
[2025-07-02T05:32:49.742+0000] {logging_mixin.py:188} INFO - [2025-07-02T05:32:49.742+0000] {dagbag.py:540} INFO - Filling up the DagBag from /opt/airflow/dags/etl_pipeline_sample.py
[2025-07-02T05:32:49.804+0000] {processor.py:840} INFO - DAG(s) 'etl_pipeline_sample' retrieved from /opt/airflow/dags/etl_pipeline_sample.py
[2025-07-02T05:32:49.838+0000] {logging_mixin.py:188} INFO - [2025-07-02T05:32:49.837+0000] {dag.py:3047} INFO - Sync 1 DAGs
[2025-07-02T05:32:49.853+0000] {logging_mixin.py:188} INFO - [2025-07-02T05:32:49.852+0000] {dag.py:3834} INFO - Setting next_dagrun for etl_pipeline_sample to None, run_after=None
[2025-07-02T05:32:49.905+0000] {processor.py:183} INFO - Processing /opt/airflow/dags/etl_pipeline_sample.py took 0.170 seconds
[2025-07-02T05:33:20.557+0000] {processor.py:161} INFO - Started process (PID=56) to work on /opt/airflow/dags/etl_pipeline_sample.py
[2025-07-02T05:33:20.559+0000] {processor.py:830} INFO - Processing file /opt/airflow/dags/etl_pipeline_sample.py for tasks to queue
[2025-07-02T05:33:20.562+0000] {logging_mixin.py:188} INFO - [2025-07-02T05:33:20.562+0000] {dagbag.py:540} INFO - Filling up the DagBag from /opt/airflow/dags/etl_pipeline_sample.py
[2025-07-02T05:33:20.621+0000] {processor.py:840} INFO - DAG(s) 'etl_pipeline_sample' retrieved from /opt/airflow/dags/etl_pipeline_sample.py
[2025-07-02T05:33:20.656+0000] {logging_mixin.py:188} INFO - [2025-07-02T05:33:20.655+0000] {dag.py:3047} INFO - Sync 1 DAGs
[2025-07-02T05:33:20.673+0000] {logging_mixin.py:188} INFO - [2025-07-02T05:33:20.672+0000] {dag.py:3834} INFO - Setting next_dagrun for etl_pipeline_sample to None, run_after=None
[2025-07-02T05:33:20.700+0000] {processor.py:183} INFO - Processing /opt/airflow/dags/etl_pipeline_sample.py took 0.148 seconds
[2025-07-02T05:33:50.937+0000] {processor.py:161} INFO - Started process (PID=39) to work on /opt/airflow/dags/etl_pipeline_sample.py
[2025-07-02T05:33:50.939+0000] {processor.py:830} INFO - Processing file /opt/airflow/dags/etl_pipeline_sample.py for tasks to queue
[2025-07-02T05:33:50.943+0000] {logging_mixin.py:188} INFO - [2025-07-02T05:33:50.943+0000] {dagbag.py:540} INFO - Filling up the DagBag from /opt/airflow/dags/etl_pipeline_sample.py
[2025-07-02T05:33:51.003+0000] {processor.py:840} INFO - DAG(s) 'etl_pipeline_sample' retrieved from /opt/airflow/dags/etl_pipeline_sample.py
[2025-07-02T05:33:51.080+0000] {logging_mixin.py:188} INFO - [2025-07-02T05:33:51.079+0000] {dag.py:3047} INFO - Sync 1 DAGs
[2025-07-02T05:33:51.114+0000] {logging_mixin.py:188} INFO - [2025-07-02T05:33:51.113+0000] {dag.py:3834} INFO - Setting next_dagrun for etl_pipeline_sample to None, run_after=None
[2025-07-02T05:33:51.217+0000] {processor.py:183} INFO - Processing /opt/airflow/dags/etl_pipeline_sample.py took 0.286 seconds
[2025-07-02T05:34:22.342+0000] {processor.py:161} INFO - Started process (PID=42) to work on /opt/airflow/dags/etl_pipeline_sample.py
[2025-07-02T05:34:22.344+0000] {processor.py:830} INFO - Processing file /opt/airflow/dags/etl_pipeline_sample.py for tasks to queue
[2025-07-02T05:34:22.350+0000] {logging_mixin.py:188} INFO - [2025-07-02T05:34:22.349+0000] {dagbag.py:540} INFO - Filling up the DagBag from /opt/airflow/dags/etl_pipeline_sample.py
[2025-07-02T05:34:22.407+0000] {processor.py:840} INFO - DAG(s) 'etl_pipeline_sample' retrieved from /opt/airflow/dags/etl_pipeline_sample.py
[2025-07-02T05:34:22.476+0000] {logging_mixin.py:188} INFO - [2025-07-02T05:34:22.476+0000] {dag.py:3047} INFO - Sync 1 DAGs
[2025-07-02T05:34:22.504+0000] {logging_mixin.py:188} INFO - [2025-07-02T05:34:22.502+0000] {dag.py:3834} INFO - Setting next_dagrun for etl_pipeline_sample to None, run_after=None
[2025-07-02T05:34:22.631+0000] {processor.py:183} INFO - Processing /opt/airflow/dags/etl_pipeline_sample.py took 0.294 seconds
[2025-07-02T05:34:52.921+0000] {processor.py:161} INFO - Started process (PID=44) to work on /opt/airflow/dags/etl_pipeline_sample.py
[2025-07-02T05:34:52.932+0000] {processor.py:830} INFO - Processing file /opt/airflow/dags/etl_pipeline_sample.py for tasks to queue
[2025-07-02T05:34:52.935+0000] {logging_mixin.py:188} INFO - [2025-07-02T05:34:52.934+0000] {dagbag.py:540} INFO - Filling up the DagBag from /opt/airflow/dags/etl_pipeline_sample.py
[2025-07-02T05:34:52.991+0000] {processor.py:840} INFO - DAG(s) 'etl_pipeline_sample' retrieved from /opt/airflow/dags/etl_pipeline_sample.py
[2025-07-02T05:34:53.030+0000] {logging_mixin.py:188} INFO - [2025-07-02T05:34:53.030+0000] {dag.py:3047} INFO - Sync 1 DAGs
[2025-07-02T05:34:53.046+0000] {logging_mixin.py:188} INFO - [2025-07-02T05:34:53.046+0000] {dag.py:3834} INFO - Setting next_dagrun for etl_pipeline_sample to None, run_after=None
[2025-07-02T05:34:53.081+0000] {processor.py:183} INFO - Processing /opt/airflow/dags/etl_pipeline_sample.py took 0.164 seconds
[2025-07-02T05:35:23.503+0000] {processor.py:161} INFO - Started process (PID=47) to work on /opt/airflow/dags/etl_pipeline_sample.py
[2025-07-02T05:35:23.506+0000] {processor.py:830} INFO - Processing file /opt/airflow/dags/etl_pipeline_sample.py for tasks to queue
[2025-07-02T05:35:23.511+0000] {logging_mixin.py:188} INFO - [2025-07-02T05:35:23.510+0000] {dagbag.py:540} INFO - Filling up the DagBag from /opt/airflow/dags/etl_pipeline_sample.py
[2025-07-02T05:35:23.580+0000] {processor.py:840} INFO - DAG(s) 'etl_pipeline_sample' retrieved from /opt/airflow/dags/etl_pipeline_sample.py
[2025-07-02T05:35:23.671+0000] {logging_mixin.py:188} INFO - [2025-07-02T05:35:23.670+0000] {dag.py:3047} INFO - Sync 1 DAGs
[2025-07-02T05:35:23.710+0000] {logging_mixin.py:188} INFO - [2025-07-02T05:35:23.709+0000] {dag.py:3834} INFO - Setting next_dagrun for etl_pipeline_sample to None, run_after=None
[2025-07-02T05:35:23.780+0000] {processor.py:183} INFO - Processing /opt/airflow/dags/etl_pipeline_sample.py took 0.283 seconds
[2025-07-02T05:35:54.707+0000] {processor.py:161} INFO - Started process (PID=50) to work on /opt/airflow/dags/etl_pipeline_sample.py
[2025-07-02T05:35:54.710+0000] {processor.py:830} INFO - Processing file /opt/airflow/dags/etl_pipeline_sample.py for tasks to queue
[2025-07-02T05:35:54.714+0000] {logging_mixin.py:188} INFO - [2025-07-02T05:35:54.713+0000] {dagbag.py:540} INFO - Filling up the DagBag from /opt/airflow/dags/etl_pipeline_sample.py
[2025-07-02T05:35:54.775+0000] {processor.py:840} INFO - DAG(s) 'etl_pipeline_sample' retrieved from /opt/airflow/dags/etl_pipeline_sample.py
[2025-07-02T05:35:54.810+0000] {logging_mixin.py:188} INFO - [2025-07-02T05:35:54.810+0000] {dag.py:3047} INFO - Sync 1 DAGs
[2025-07-02T05:35:54.825+0000] {logging_mixin.py:188} INFO - [2025-07-02T05:35:54.825+0000] {dag.py:3834} INFO - Setting next_dagrun for etl_pipeline_sample to None, run_after=None
[2025-07-02T05:35:54.897+0000] {processor.py:183} INFO - Processing /opt/airflow/dags/etl_pipeline_sample.py took 0.197 seconds
[2025-07-02T05:36:25.527+0000] {processor.py:161} INFO - Started process (PID=53) to work on /opt/airflow/dags/etl_pipeline_sample.py
[2025-07-02T05:36:25.528+0000] {processor.py:830} INFO - Processing file /opt/airflow/dags/etl_pipeline_sample.py for tasks to queue
[2025-07-02T05:36:25.530+0000] {logging_mixin.py:188} INFO - [2025-07-02T05:36:25.530+0000] {dagbag.py:540} INFO - Filling up the DagBag from /opt/airflow/dags/etl_pipeline_sample.py
[2025-07-02T05:36:25.560+0000] {processor.py:840} INFO - DAG(s) 'etl_pipeline_sample' retrieved from /opt/airflow/dags/etl_pipeline_sample.py
[2025-07-02T05:36:25.588+0000] {logging_mixin.py:188} INFO - [2025-07-02T05:36:25.588+0000] {dag.py:3047} INFO - Sync 1 DAGs
[2025-07-02T05:36:25.600+0000] {logging_mixin.py:188} INFO - [2025-07-02T05:36:25.600+0000] {dag.py:3834} INFO - Setting next_dagrun for etl_pipeline_sample to None, run_after=None
[2025-07-02T05:36:25.667+0000] {processor.py:183} INFO - Processing /opt/airflow/dags/etl_pipeline_sample.py took 0.144 seconds
[2025-07-02T05:36:56.139+0000] {processor.py:161} INFO - Started process (PID=56) to work on /opt/airflow/dags/etl_pipeline_sample.py
[2025-07-02T05:36:56.141+0000] {processor.py:830} INFO - Processing file /opt/airflow/dags/etl_pipeline_sample.py for tasks to queue
[2025-07-02T05:36:56.144+0000] {logging_mixin.py:188} INFO - [2025-07-02T05:36:56.143+0000] {dagbag.py:540} INFO - Filling up the DagBag from /opt/airflow/dags/etl_pipeline_sample.py
[2025-07-02T05:36:56.248+0000] {processor.py:840} INFO - DAG(s) 'etl_pipeline_sample' retrieved from /opt/airflow/dags/etl_pipeline_sample.py
[2025-07-02T05:36:56.278+0000] {logging_mixin.py:188} INFO - [2025-07-02T05:36:56.278+0000] {dag.py:3047} INFO - Sync 1 DAGs
[2025-07-02T05:36:56.291+0000] {logging_mixin.py:188} INFO - [2025-07-02T05:36:56.291+0000] {dag.py:3834} INFO - Setting next_dagrun for etl_pipeline_sample to None, run_after=None
[2025-07-02T05:36:56.360+0000] {processor.py:183} INFO - Processing /opt/airflow/dags/etl_pipeline_sample.py took 0.225 seconds
[2025-07-02T05:37:26.508+0000] {processor.py:161} INFO - Started process (PID=59) to work on /opt/airflow/dags/etl_pipeline_sample.py
[2025-07-02T05:37:26.510+0000] {processor.py:830} INFO - Processing file /opt/airflow/dags/etl_pipeline_sample.py for tasks to queue
[2025-07-02T05:37:26.512+0000] {logging_mixin.py:188} INFO - [2025-07-02T05:37:26.512+0000] {dagbag.py:540} INFO - Filling up the DagBag from /opt/airflow/dags/etl_pipeline_sample.py
[2025-07-02T05:37:26.546+0000] {processor.py:840} INFO - DAG(s) 'etl_pipeline_sample' retrieved from /opt/airflow/dags/etl_pipeline_sample.py
[2025-07-02T05:37:26.573+0000] {logging_mixin.py:188} INFO - [2025-07-02T05:37:26.573+0000] {dag.py:3047} INFO - Sync 1 DAGs
[2025-07-02T05:37:26.588+0000] {logging_mixin.py:188} INFO - [2025-07-02T05:37:26.587+0000] {dag.py:3834} INFO - Setting next_dagrun for etl_pipeline_sample to None, run_after=None
[2025-07-02T05:37:26.672+0000] {processor.py:183} INFO - Processing /opt/airflow/dags/etl_pipeline_sample.py took 0.168 seconds
[2025-07-02T05:37:57.443+0000] {processor.py:161} INFO - Started process (PID=62) to work on /opt/airflow/dags/etl_pipeline_sample.py
[2025-07-02T05:37:57.444+0000] {processor.py:830} INFO - Processing file /opt/airflow/dags/etl_pipeline_sample.py for tasks to queue
[2025-07-02T05:37:57.446+0000] {logging_mixin.py:188} INFO - [2025-07-02T05:37:57.446+0000] {dagbag.py:540} INFO - Filling up the DagBag from /opt/airflow/dags/etl_pipeline_sample.py
[2025-07-02T05:37:57.478+0000] {processor.py:840} INFO - DAG(s) 'etl_pipeline_sample' retrieved from /opt/airflow/dags/etl_pipeline_sample.py
[2025-07-02T05:37:57.508+0000] {logging_mixin.py:188} INFO - [2025-07-02T05:37:57.508+0000] {dag.py:3047} INFO - Sync 1 DAGs
[2025-07-02T05:37:57.523+0000] {logging_mixin.py:188} INFO - [2025-07-02T05:37:57.523+0000] {dag.py:3834} INFO - Setting next_dagrun for etl_pipeline_sample to None, run_after=None
[2025-07-02T05:37:57.595+0000] {processor.py:183} INFO - Processing /opt/airflow/dags/etl_pipeline_sample.py took 0.157 seconds
[2025-07-02T05:38:28.083+0000] {processor.py:161} INFO - Started process (PID=65) to work on /opt/airflow/dags/etl_pipeline_sample.py
[2025-07-02T05:38:28.084+0000] {processor.py:830} INFO - Processing file /opt/airflow/dags/etl_pipeline_sample.py for tasks to queue
[2025-07-02T05:38:28.086+0000] {logging_mixin.py:188} INFO - [2025-07-02T05:38:28.086+0000] {dagbag.py:540} INFO - Filling up the DagBag from /opt/airflow/dags/etl_pipeline_sample.py
[2025-07-02T05:38:28.114+0000] {processor.py:840} INFO - DAG(s) 'etl_pipeline_sample' retrieved from /opt/airflow/dags/etl_pipeline_sample.py
[2025-07-02T05:38:28.141+0000] {logging_mixin.py:188} INFO - [2025-07-02T05:38:28.141+0000] {dag.py:3047} INFO - Sync 1 DAGs
[2025-07-02T05:38:28.156+0000] {logging_mixin.py:188} INFO - [2025-07-02T05:38:28.156+0000] {dag.py:3834} INFO - Setting next_dagrun for etl_pipeline_sample to None, run_after=None
[2025-07-02T05:38:28.229+0000] {processor.py:183} INFO - Processing /opt/airflow/dags/etl_pipeline_sample.py took 0.150 seconds
[2025-07-02T05:44:13.651+0000] {processor.py:161} INFO - Started process (PID=69) to work on /opt/airflow/dags/etl_pipeline_sample.py
[2025-07-02T05:44:13.655+0000] {processor.py:830} INFO - Processing file /opt/airflow/dags/etl_pipeline_sample.py for tasks to queue
[2025-07-02T05:44:13.661+0000] {logging_mixin.py:188} INFO - [2025-07-02T05:44:13.660+0000] {dagbag.py:540} INFO - Filling up the DagBag from /opt/airflow/dags/etl_pipeline_sample.py
[2025-07-02T05:44:13.753+0000] {processor.py:840} INFO - DAG(s) 'etl_pipeline_sample' retrieved from /opt/airflow/dags/etl_pipeline_sample.py
[2025-07-02T05:44:13.859+0000] {logging_mixin.py:188} INFO - [2025-07-02T05:44:13.858+0000] {dag.py:3047} INFO - Sync 1 DAGs
[2025-07-02T05:44:13.900+0000] {logging_mixin.py:188} INFO - [2025-07-02T05:44:13.899+0000] {dag.py:3834} INFO - Setting next_dagrun for etl_pipeline_sample to None, run_after=None
[2025-07-02T05:44:13.976+0000] {processor.py:183} INFO - Processing /opt/airflow/dags/etl_pipeline_sample.py took 0.338 seconds
[2025-07-02T05:44:44.747+0000] {processor.py:161} INFO - Started process (PID=72) to work on /opt/airflow/dags/etl_pipeline_sample.py
[2025-07-02T05:44:44.749+0000] {processor.py:830} INFO - Processing file /opt/airflow/dags/etl_pipeline_sample.py for tasks to queue
[2025-07-02T05:44:44.752+0000] {logging_mixin.py:188} INFO - [2025-07-02T05:44:44.751+0000] {dagbag.py:540} INFO - Filling up the DagBag from /opt/airflow/dags/etl_pipeline_sample.py
[2025-07-02T05:44:44.796+0000] {processor.py:840} INFO - DAG(s) 'etl_pipeline_sample' retrieved from /opt/airflow/dags/etl_pipeline_sample.py
[2025-07-02T05:44:44.834+0000] {logging_mixin.py:188} INFO - [2025-07-02T05:44:44.834+0000] {dag.py:3047} INFO - Sync 1 DAGs
[2025-07-02T05:44:44.848+0000] {logging_mixin.py:188} INFO - [2025-07-02T05:44:44.848+0000] {dag.py:3834} INFO - Setting next_dagrun for etl_pipeline_sample to None, run_after=None
[2025-07-02T05:44:44.920+0000] {processor.py:183} INFO - Processing /opt/airflow/dags/etl_pipeline_sample.py took 0.177 seconds
[2025-07-02T05:45:15.235+0000] {processor.py:161} INFO - Started process (PID=74) to work on /opt/airflow/dags/etl_pipeline_sample.py
[2025-07-02T05:45:15.237+0000] {processor.py:830} INFO - Processing file /opt/airflow/dags/etl_pipeline_sample.py for tasks to queue
[2025-07-02T05:45:15.248+0000] {logging_mixin.py:188} INFO - [2025-07-02T05:45:15.247+0000] {dagbag.py:540} INFO - Filling up the DagBag from /opt/airflow/dags/etl_pipeline_sample.py
[2025-07-02T05:45:15.368+0000] {processor.py:840} INFO - DAG(s) 'etl_pipeline_sample' retrieved from /opt/airflow/dags/etl_pipeline_sample.py
[2025-07-02T05:45:15.400+0000] {logging_mixin.py:188} INFO - [2025-07-02T05:45:15.400+0000] {dag.py:3047} INFO - Sync 1 DAGs
[2025-07-02T05:45:15.416+0000] {logging_mixin.py:188} INFO - [2025-07-02T05:45:15.415+0000] {dag.py:3834} INFO - Setting next_dagrun for etl_pipeline_sample to None, run_after=None
[2025-07-02T05:45:15.488+0000] {processor.py:183} INFO - Processing /opt/airflow/dags/etl_pipeline_sample.py took 0.259 seconds
[2025-07-02T05:45:45.667+0000] {processor.py:161} INFO - Started process (PID=77) to work on /opt/airflow/dags/etl_pipeline_sample.py
[2025-07-02T05:45:45.669+0000] {processor.py:830} INFO - Processing file /opt/airflow/dags/etl_pipeline_sample.py for tasks to queue
[2025-07-02T05:45:45.674+0000] {logging_mixin.py:188} INFO - [2025-07-02T05:45:45.674+0000] {dagbag.py:540} INFO - Filling up the DagBag from /opt/airflow/dags/etl_pipeline_sample.py
[2025-07-02T05:45:45.699+0000] {processor.py:840} INFO - DAG(s) 'etl_pipeline_sample' retrieved from /opt/airflow/dags/etl_pipeline_sample.py
[2025-07-02T05:45:45.730+0000] {logging_mixin.py:188} INFO - [2025-07-02T05:45:45.730+0000] {dag.py:3047} INFO - Sync 1 DAGs
[2025-07-02T05:45:45.744+0000] {logging_mixin.py:188} INFO - [2025-07-02T05:45:45.744+0000] {dag.py:3834} INFO - Setting next_dagrun for etl_pipeline_sample to None, run_after=None
[2025-07-02T05:45:45.816+0000] {processor.py:183} INFO - Processing /opt/airflow/dags/etl_pipeline_sample.py took 0.157 seconds
[2025-07-02T05:46:15.923+0000] {processor.py:161} INFO - Started process (PID=80) to work on /opt/airflow/dags/etl_pipeline_sample.py
[2025-07-02T05:46:15.925+0000] {processor.py:830} INFO - Processing file /opt/airflow/dags/etl_pipeline_sample.py for tasks to queue
[2025-07-02T05:46:15.927+0000] {logging_mixin.py:188} INFO - [2025-07-02T05:46:15.926+0000] {dagbag.py:540} INFO - Filling up the DagBag from /opt/airflow/dags/etl_pipeline_sample.py
[2025-07-02T05:46:15.948+0000] {processor.py:840} INFO - DAG(s) 'etl_pipeline_sample' retrieved from /opt/airflow/dags/etl_pipeline_sample.py
[2025-07-02T05:46:15.971+0000] {logging_mixin.py:188} INFO - [2025-07-02T05:46:15.971+0000] {dag.py:3047} INFO - Sync 1 DAGs
[2025-07-02T05:46:15.983+0000] {logging_mixin.py:188} INFO - [2025-07-02T05:46:15.983+0000] {dag.py:3834} INFO - Setting next_dagrun for etl_pipeline_sample to None, run_after=None
[2025-07-02T05:46:16.051+0000] {processor.py:183} INFO - Processing /opt/airflow/dags/etl_pipeline_sample.py took 0.132 seconds
[2025-07-02T05:46:46.348+0000] {processor.py:161} INFO - Started process (PID=83) to work on /opt/airflow/dags/etl_pipeline_sample.py
[2025-07-02T05:46:46.349+0000] {processor.py:830} INFO - Processing file /opt/airflow/dags/etl_pipeline_sample.py for tasks to queue
[2025-07-02T05:46:46.352+0000] {logging_mixin.py:188} INFO - [2025-07-02T05:46:46.351+0000] {dagbag.py:540} INFO - Filling up the DagBag from /opt/airflow/dags/etl_pipeline_sample.py
[2025-07-02T05:46:46.392+0000] {processor.py:840} INFO - DAG(s) 'etl_pipeline_sample' retrieved from /opt/airflow/dags/etl_pipeline_sample.py
[2025-07-02T05:46:46.427+0000] {logging_mixin.py:188} INFO - [2025-07-02T05:46:46.427+0000] {dag.py:3047} INFO - Sync 1 DAGs
[2025-07-02T05:46:46.440+0000] {logging_mixin.py:188} INFO - [2025-07-02T05:46:46.440+0000] {dag.py:3834} INFO - Setting next_dagrun for etl_pipeline_sample to None, run_after=None
[2025-07-02T05:46:46.518+0000] {processor.py:183} INFO - Processing /opt/airflow/dags/etl_pipeline_sample.py took 0.174 seconds
[2025-07-02T05:47:17.096+0000] {processor.py:161} INFO - Started process (PID=86) to work on /opt/airflow/dags/etl_pipeline_sample.py
[2025-07-02T05:47:17.099+0000] {processor.py:830} INFO - Processing file /opt/airflow/dags/etl_pipeline_sample.py for tasks to queue
[2025-07-02T05:47:17.101+0000] {logging_mixin.py:188} INFO - [2025-07-02T05:47:17.101+0000] {dagbag.py:540} INFO - Filling up the DagBag from /opt/airflow/dags/etl_pipeline_sample.py
[2025-07-02T05:47:17.142+0000] {processor.py:840} INFO - DAG(s) 'etl_pipeline_sample' retrieved from /opt/airflow/dags/etl_pipeline_sample.py
[2025-07-02T05:47:17.174+0000] {logging_mixin.py:188} INFO - [2025-07-02T05:47:17.174+0000] {dag.py:3047} INFO - Sync 1 DAGs
[2025-07-02T05:47:17.187+0000] {logging_mixin.py:188} INFO - [2025-07-02T05:47:17.186+0000] {dag.py:3834} INFO - Setting next_dagrun for etl_pipeline_sample to None, run_after=None
[2025-07-02T05:47:17.258+0000] {processor.py:183} INFO - Processing /opt/airflow/dags/etl_pipeline_sample.py took 0.166 seconds
[2025-07-02T05:59:06.747+0000] {processor.py:161} INFO - Started process (PID=90) to work on /opt/airflow/dags/etl_pipeline_sample.py
[2025-07-02T05:59:06.753+0000] {processor.py:830} INFO - Processing file /opt/airflow/dags/etl_pipeline_sample.py for tasks to queue
[2025-07-02T05:59:06.759+0000] {logging_mixin.py:188} INFO - [2025-07-02T05:59:06.758+0000] {dagbag.py:540} INFO - Filling up the DagBag from /opt/airflow/dags/etl_pipeline_sample.py
[2025-07-02T05:59:06.829+0000] {processor.py:840} INFO - DAG(s) 'etl_pipeline_sample' retrieved from /opt/airflow/dags/etl_pipeline_sample.py
[2025-07-02T05:59:06.941+0000] {logging_mixin.py:188} INFO - [2025-07-02T05:59:06.940+0000] {dag.py:3047} INFO - Sync 1 DAGs
[2025-07-02T05:59:07.003+0000] {logging_mixin.py:188} INFO - [2025-07-02T05:59:07.002+0000] {dag.py:3834} INFO - Setting next_dagrun for etl_pipeline_sample to None, run_after=None
[2025-07-02T05:59:07.128+0000] {processor.py:183} INFO - Processing /opt/airflow/dags/etl_pipeline_sample.py took 0.397 seconds
[2025-07-02T05:59:37.244+0000] {processor.py:161} INFO - Started process (PID=92) to work on /opt/airflow/dags/etl_pipeline_sample.py
[2025-07-02T05:59:37.246+0000] {processor.py:830} INFO - Processing file /opt/airflow/dags/etl_pipeline_sample.py for tasks to queue
[2025-07-02T05:59:37.248+0000] {logging_mixin.py:188} INFO - [2025-07-02T05:59:37.248+0000] {dagbag.py:540} INFO - Filling up the DagBag from /opt/airflow/dags/etl_pipeline_sample.py
[2025-07-02T05:59:37.280+0000] {processor.py:840} INFO - DAG(s) 'etl_pipeline_sample' retrieved from /opt/airflow/dags/etl_pipeline_sample.py
[2025-07-02T05:59:37.315+0000] {logging_mixin.py:188} INFO - [2025-07-02T05:59:37.314+0000] {dag.py:3047} INFO - Sync 1 DAGs
[2025-07-02T05:59:37.328+0000] {logging_mixin.py:188} INFO - [2025-07-02T05:59:37.328+0000] {dag.py:3834} INFO - Setting next_dagrun for etl_pipeline_sample to None, run_after=None
[2025-07-02T05:59:37.357+0000] {processor.py:183} INFO - Processing /opt/airflow/dags/etl_pipeline_sample.py took 0.118 seconds
[2025-07-02T06:00:08.076+0000] {processor.py:161} INFO - Started process (PID=95) to work on /opt/airflow/dags/etl_pipeline_sample.py
[2025-07-02T06:00:08.078+0000] {processor.py:830} INFO - Processing file /opt/airflow/dags/etl_pipeline_sample.py for tasks to queue
[2025-07-02T06:00:08.081+0000] {logging_mixin.py:188} INFO - [2025-07-02T06:00:08.080+0000] {dagbag.py:540} INFO - Filling up the DagBag from /opt/airflow/dags/etl_pipeline_sample.py
[2025-07-02T06:00:08.159+0000] {processor.py:840} INFO - DAG(s) 'etl_pipeline_sample' retrieved from /opt/airflow/dags/etl_pipeline_sample.py
[2025-07-02T06:00:08.209+0000] {logging_mixin.py:188} INFO - [2025-07-02T06:00:08.208+0000] {dag.py:3047} INFO - Sync 1 DAGs
[2025-07-02T06:00:08.231+0000] {logging_mixin.py:188} INFO - [2025-07-02T06:00:08.230+0000] {dag.py:3834} INFO - Setting next_dagrun for etl_pipeline_sample to None, run_after=None
[2025-07-02T06:00:08.297+0000] {processor.py:183} INFO - Processing /opt/airflow/dags/etl_pipeline_sample.py took 0.226 seconds
[2025-07-02T06:00:38.835+0000] {processor.py:161} INFO - Started process (PID=98) to work on /opt/airflow/dags/etl_pipeline_sample.py
[2025-07-02T06:00:38.836+0000] {processor.py:830} INFO - Processing file /opt/airflow/dags/etl_pipeline_sample.py for tasks to queue
[2025-07-02T06:00:38.839+0000] {logging_mixin.py:188} INFO - [2025-07-02T06:00:38.839+0000] {dagbag.py:540} INFO - Filling up the DagBag from /opt/airflow/dags/etl_pipeline_sample.py
[2025-07-02T06:00:38.872+0000] {processor.py:840} INFO - DAG(s) 'etl_pipeline_sample' retrieved from /opt/airflow/dags/etl_pipeline_sample.py
[2025-07-02T06:00:38.904+0000] {logging_mixin.py:188} INFO - [2025-07-02T06:00:38.903+0000] {dag.py:3047} INFO - Sync 1 DAGs
[2025-07-02T06:00:38.917+0000] {logging_mixin.py:188} INFO - [2025-07-02T06:00:38.917+0000] {dag.py:3834} INFO - Setting next_dagrun for etl_pipeline_sample to None, run_after=None
[2025-07-02T06:00:38.944+0000] {processor.py:183} INFO - Processing /opt/airflow/dags/etl_pipeline_sample.py took 0.114 seconds
[2025-07-02T06:01:09.258+0000] {processor.py:161} INFO - Started process (PID=101) to work on /opt/airflow/dags/etl_pipeline_sample.py
[2025-07-02T06:01:09.260+0000] {processor.py:830} INFO - Processing file /opt/airflow/dags/etl_pipeline_sample.py for tasks to queue
[2025-07-02T06:01:09.262+0000] {logging_mixin.py:188} INFO - [2025-07-02T06:01:09.262+0000] {dagbag.py:540} INFO - Filling up the DagBag from /opt/airflow/dags/etl_pipeline_sample.py
[2025-07-02T06:01:09.292+0000] {processor.py:840} INFO - DAG(s) 'etl_pipeline_sample' retrieved from /opt/airflow/dags/etl_pipeline_sample.py
[2025-07-02T06:01:09.322+0000] {logging_mixin.py:188} INFO - [2025-07-02T06:01:09.321+0000] {dag.py:3047} INFO - Sync 1 DAGs
[2025-07-02T06:01:09.338+0000] {logging_mixin.py:188} INFO - [2025-07-02T06:01:09.337+0000] {dag.py:3834} INFO - Setting next_dagrun for etl_pipeline_sample to None, run_after=None
[2025-07-02T06:01:09.361+0000] {processor.py:183} INFO - Processing /opt/airflow/dags/etl_pipeline_sample.py took 0.107 seconds
[2025-07-02T06:01:40.263+0000] {processor.py:161} INFO - Started process (PID=104) to work on /opt/airflow/dags/etl_pipeline_sample.py
[2025-07-02T06:01:40.264+0000] {processor.py:830} INFO - Processing file /opt/airflow/dags/etl_pipeline_sample.py for tasks to queue
[2025-07-02T06:01:40.266+0000] {logging_mixin.py:188} INFO - [2025-07-02T06:01:40.266+0000] {dagbag.py:540} INFO - Filling up the DagBag from /opt/airflow/dags/etl_pipeline_sample.py
[2025-07-02T06:01:40.306+0000] {processor.py:840} INFO - DAG(s) 'etl_pipeline_sample' retrieved from /opt/airflow/dags/etl_pipeline_sample.py
[2025-07-02T06:01:40.357+0000] {logging_mixin.py:188} INFO - [2025-07-02T06:01:40.356+0000] {dag.py:3047} INFO - Sync 1 DAGs
[2025-07-02T06:01:40.375+0000] {logging_mixin.py:188} INFO - [2025-07-02T06:01:40.374+0000] {dag.py:3834} INFO - Setting next_dagrun for etl_pipeline_sample to None, run_after=None
[2025-07-02T06:01:40.448+0000] {processor.py:183} INFO - Processing /opt/airflow/dags/etl_pipeline_sample.py took 0.190 seconds
[2025-07-02T06:02:10.975+0000] {processor.py:161} INFO - Started process (PID=107) to work on /opt/airflow/dags/etl_pipeline_sample.py
[2025-07-02T06:02:10.976+0000] {processor.py:830} INFO - Processing file /opt/airflow/dags/etl_pipeline_sample.py for tasks to queue
[2025-07-02T06:02:10.979+0000] {logging_mixin.py:188} INFO - [2025-07-02T06:02:10.978+0000] {dagbag.py:540} INFO - Filling up the DagBag from /opt/airflow/dags/etl_pipeline_sample.py
[2025-07-02T06:02:11.005+0000] {processor.py:840} INFO - DAG(s) 'etl_pipeline_sample' retrieved from /opt/airflow/dags/etl_pipeline_sample.py
[2025-07-02T06:02:11.036+0000] {logging_mixin.py:188} INFO - [2025-07-02T06:02:11.036+0000] {dag.py:3047} INFO - Sync 1 DAGs
[2025-07-02T06:02:11.051+0000] {logging_mixin.py:188} INFO - [2025-07-02T06:02:11.050+0000] {dag.py:3834} INFO - Setting next_dagrun for etl_pipeline_sample to None, run_after=None
[2025-07-02T06:02:11.122+0000] {processor.py:183} INFO - Processing /opt/airflow/dags/etl_pipeline_sample.py took 0.151 seconds
[2025-07-02T06:02:41.657+0000] {processor.py:161} INFO - Started process (PID=110) to work on /opt/airflow/dags/etl_pipeline_sample.py
[2025-07-02T06:02:41.663+0000] {processor.py:830} INFO - Processing file /opt/airflow/dags/etl_pipeline_sample.py for tasks to queue
[2025-07-02T06:02:41.666+0000] {logging_mixin.py:188} INFO - [2025-07-02T06:02:41.665+0000] {dagbag.py:540} INFO - Filling up the DagBag from /opt/airflow/dags/etl_pipeline_sample.py
[2025-07-02T06:02:41.696+0000] {processor.py:840} INFO - DAG(s) 'etl_pipeline_sample' retrieved from /opt/airflow/dags/etl_pipeline_sample.py
[2025-07-02T06:02:41.724+0000] {logging_mixin.py:188} INFO - [2025-07-02T06:02:41.724+0000] {dag.py:3047} INFO - Sync 1 DAGs
[2025-07-02T06:02:41.738+0000] {logging_mixin.py:188} INFO - [2025-07-02T06:02:41.738+0000] {dag.py:3834} INFO - Setting next_dagrun for etl_pipeline_sample to None, run_after=None
[2025-07-02T06:02:41.811+0000] {processor.py:183} INFO - Processing /opt/airflow/dags/etl_pipeline_sample.py took 0.158 seconds
[2025-07-02T06:03:12.641+0000] {processor.py:161} INFO - Started process (PID=113) to work on /opt/airflow/dags/etl_pipeline_sample.py
[2025-07-02T06:03:12.642+0000] {processor.py:830} INFO - Processing file /opt/airflow/dags/etl_pipeline_sample.py for tasks to queue
[2025-07-02T06:03:12.645+0000] {logging_mixin.py:188} INFO - [2025-07-02T06:03:12.645+0000] {dagbag.py:540} INFO - Filling up the DagBag from /opt/airflow/dags/etl_pipeline_sample.py
[2025-07-02T06:03:12.675+0000] {processor.py:840} INFO - DAG(s) 'etl_pipeline_sample' retrieved from /opt/airflow/dags/etl_pipeline_sample.py
[2025-07-02T06:03:12.718+0000] {logging_mixin.py:188} INFO - [2025-07-02T06:03:12.718+0000] {dag.py:3047} INFO - Sync 1 DAGs
[2025-07-02T06:03:12.735+0000] {logging_mixin.py:188} INFO - [2025-07-02T06:03:12.735+0000] {dag.py:3834} INFO - Setting next_dagrun for etl_pipeline_sample to None, run_after=None
[2025-07-02T06:03:12.765+0000] {processor.py:183} INFO - Processing /opt/airflow/dags/etl_pipeline_sample.py took 0.128 seconds
[2025-07-02T06:03:43.179+0000] {processor.py:161} INFO - Started process (PID=116) to work on /opt/airflow/dags/etl_pipeline_sample.py
[2025-07-02T06:03:43.181+0000] {processor.py:830} INFO - Processing file /opt/airflow/dags/etl_pipeline_sample.py for tasks to queue
[2025-07-02T06:03:43.184+0000] {logging_mixin.py:188} INFO - [2025-07-02T06:03:43.184+0000] {dagbag.py:540} INFO - Filling up the DagBag from /opt/airflow/dags/etl_pipeline_sample.py
[2025-07-02T06:03:43.287+0000] {processor.py:840} INFO - DAG(s) 'etl_pipeline_sample' retrieved from /opt/airflow/dags/etl_pipeline_sample.py
[2025-07-02T06:03:43.323+0000] {logging_mixin.py:188} INFO - [2025-07-02T06:03:43.323+0000] {dag.py:3047} INFO - Sync 1 DAGs
[2025-07-02T06:03:43.345+0000] {logging_mixin.py:188} INFO - [2025-07-02T06:03:43.344+0000] {dag.py:3834} INFO - Setting next_dagrun for etl_pipeline_sample to None, run_after=None
[2025-07-02T06:03:43.383+0000] {processor.py:183} INFO - Processing /opt/airflow/dags/etl_pipeline_sample.py took 0.210 seconds
[2025-07-02T06:04:13.650+0000] {processor.py:161} INFO - Started process (PID=119) to work on /opt/airflow/dags/etl_pipeline_sample.py
[2025-07-02T06:04:13.653+0000] {processor.py:830} INFO - Processing file /opt/airflow/dags/etl_pipeline_sample.py for tasks to queue
[2025-07-02T06:04:13.658+0000] {logging_mixin.py:188} INFO - [2025-07-02T06:04:13.657+0000] {dagbag.py:540} INFO - Filling up the DagBag from /opt/airflow/dags/etl_pipeline_sample.py
[2025-07-02T06:04:13.734+0000] {processor.py:840} INFO - DAG(s) 'etl_pipeline_sample' retrieved from /opt/airflow/dags/etl_pipeline_sample.py
[2025-07-02T06:04:13.798+0000] {logging_mixin.py:188} INFO - [2025-07-02T06:04:13.797+0000] {dag.py:3047} INFO - Sync 1 DAGs
[2025-07-02T06:04:13.824+0000] {logging_mixin.py:188} INFO - [2025-07-02T06:04:13.823+0000] {dag.py:3834} INFO - Setting next_dagrun for etl_pipeline_sample to None, run_after=None
[2025-07-02T06:04:13.887+0000] {processor.py:183} INFO - Processing /opt/airflow/dags/etl_pipeline_sample.py took 0.245 seconds
[2025-07-02T06:04:44.108+0000] {processor.py:161} INFO - Started process (PID=122) to work on /opt/airflow/dags/etl_pipeline_sample.py
[2025-07-02T06:04:44.111+0000] {processor.py:830} INFO - Processing file /opt/airflow/dags/etl_pipeline_sample.py for tasks to queue
[2025-07-02T06:04:44.118+0000] {logging_mixin.py:188} INFO - [2025-07-02T06:04:44.117+0000] {dagbag.py:540} INFO - Filling up the DagBag from /opt/airflow/dags/etl_pipeline_sample.py
[2025-07-02T06:04:44.199+0000] {processor.py:840} INFO - DAG(s) 'etl_pipeline_sample' retrieved from /opt/airflow/dags/etl_pipeline_sample.py
[2025-07-02T06:04:44.278+0000] {logging_mixin.py:188} INFO - [2025-07-02T06:04:44.277+0000] {dag.py:3047} INFO - Sync 1 DAGs
[2025-07-02T06:04:44.324+0000] {logging_mixin.py:188} INFO - [2025-07-02T06:04:44.324+0000] {dag.py:3834} INFO - Setting next_dagrun for etl_pipeline_sample to None, run_after=None
[2025-07-02T06:04:44.425+0000] {processor.py:183} INFO - Processing /opt/airflow/dags/etl_pipeline_sample.py took 0.325 seconds
[2025-07-02T06:05:14.861+0000] {processor.py:161} INFO - Started process (PID=125) to work on /opt/airflow/dags/etl_pipeline_sample.py
[2025-07-02T06:05:14.866+0000] {processor.py:830} INFO - Processing file /opt/airflow/dags/etl_pipeline_sample.py for tasks to queue
[2025-07-02T06:05:14.875+0000] {logging_mixin.py:188} INFO - [2025-07-02T06:05:14.874+0000] {dagbag.py:540} INFO - Filling up the DagBag from /opt/airflow/dags/etl_pipeline_sample.py
[2025-07-02T06:05:14.961+0000] {processor.py:840} INFO - DAG(s) 'etl_pipeline_sample' retrieved from /opt/airflow/dags/etl_pipeline_sample.py
[2025-07-02T06:05:15.001+0000] {logging_mixin.py:188} INFO - [2025-07-02T06:05:15.001+0000] {dag.py:3047} INFO - Sync 1 DAGs
[2025-07-02T06:05:15.016+0000] {logging_mixin.py:188} INFO - [2025-07-02T06:05:15.016+0000] {dag.py:3834} INFO - Setting next_dagrun for etl_pipeline_sample to None, run_after=None
[2025-07-02T06:05:15.042+0000] {processor.py:183} INFO - Processing /opt/airflow/dags/etl_pipeline_sample.py took 0.192 seconds
[2025-07-02T06:05:45.624+0000] {processor.py:161} INFO - Started process (PID=128) to work on /opt/airflow/dags/etl_pipeline_sample.py
[2025-07-02T06:05:45.630+0000] {processor.py:830} INFO - Processing file /opt/airflow/dags/etl_pipeline_sample.py for tasks to queue
[2025-07-02T06:05:45.638+0000] {logging_mixin.py:188} INFO - [2025-07-02T06:05:45.637+0000] {dagbag.py:540} INFO - Filling up the DagBag from /opt/airflow/dags/etl_pipeline_sample.py
[2025-07-02T06:05:45.727+0000] {processor.py:840} INFO - DAG(s) 'etl_pipeline_sample' retrieved from /opt/airflow/dags/etl_pipeline_sample.py
[2025-07-02T06:05:45.800+0000] {logging_mixin.py:188} INFO - [2025-07-02T06:05:45.799+0000] {dag.py:3047} INFO - Sync 1 DAGs
[2025-07-02T06:05:45.823+0000] {logging_mixin.py:188} INFO - [2025-07-02T06:05:45.823+0000] {dag.py:3834} INFO - Setting next_dagrun for etl_pipeline_sample to None, run_after=None
[2025-07-02T06:05:45.888+0000] {processor.py:183} INFO - Processing /opt/airflow/dags/etl_pipeline_sample.py took 0.281 seconds
[2025-07-02T06:06:16.410+0000] {processor.py:161} INFO - Started process (PID=131) to work on /opt/airflow/dags/etl_pipeline_sample.py
[2025-07-02T06:06:16.412+0000] {processor.py:830} INFO - Processing file /opt/airflow/dags/etl_pipeline_sample.py for tasks to queue
[2025-07-02T06:06:16.417+0000] {logging_mixin.py:188} INFO - [2025-07-02T06:06:16.416+0000] {dagbag.py:540} INFO - Filling up the DagBag from /opt/airflow/dags/etl_pipeline_sample.py
[2025-07-02T06:06:16.665+0000] {processor.py:840} INFO - DAG(s) 'etl_pipeline_sample' retrieved from /opt/airflow/dags/etl_pipeline_sample.py
[2025-07-02T06:06:16.709+0000] {logging_mixin.py:188} INFO - [2025-07-02T06:06:16.708+0000] {dag.py:3047} INFO - Sync 1 DAGs
[2025-07-02T06:06:16.726+0000] {logging_mixin.py:188} INFO - [2025-07-02T06:06:16.725+0000] {dag.py:3834} INFO - Setting next_dagrun for etl_pipeline_sample to None, run_after=None
[2025-07-02T06:06:16.775+0000] {processor.py:183} INFO - Processing /opt/airflow/dags/etl_pipeline_sample.py took 0.372 seconds
[2025-07-02T06:06:47.453+0000] {processor.py:161} INFO - Started process (PID=134) to work on /opt/airflow/dags/etl_pipeline_sample.py
[2025-07-02T06:06:47.455+0000] {processor.py:830} INFO - Processing file /opt/airflow/dags/etl_pipeline_sample.py for tasks to queue
[2025-07-02T06:06:47.457+0000] {logging_mixin.py:188} INFO - [2025-07-02T06:06:47.457+0000] {dagbag.py:540} INFO - Filling up the DagBag from /opt/airflow/dags/etl_pipeline_sample.py
[2025-07-02T06:06:47.512+0000] {processor.py:840} INFO - DAG(s) 'etl_pipeline_sample' retrieved from /opt/airflow/dags/etl_pipeline_sample.py
[2025-07-02T06:06:47.544+0000] {logging_mixin.py:188} INFO - [2025-07-02T06:06:47.543+0000] {dag.py:3047} INFO - Sync 1 DAGs
[2025-07-02T06:06:47.556+0000] {logging_mixin.py:188} INFO - [2025-07-02T06:06:47.556+0000] {dag.py:3834} INFO - Setting next_dagrun for etl_pipeline_sample to None, run_after=None
[2025-07-02T06:06:47.583+0000] {processor.py:183} INFO - Processing /opt/airflow/dags/etl_pipeline_sample.py took 0.134 seconds
[2025-07-02T06:07:17.709+0000] {processor.py:161} INFO - Started process (PID=137) to work on /opt/airflow/dags/etl_pipeline_sample.py
[2025-07-02T06:07:17.710+0000] {processor.py:830} INFO - Processing file /opt/airflow/dags/etl_pipeline_sample.py for tasks to queue
[2025-07-02T06:07:17.713+0000] {logging_mixin.py:188} INFO - [2025-07-02T06:07:17.713+0000] {dagbag.py:540} INFO - Filling up the DagBag from /opt/airflow/dags/etl_pipeline_sample.py
[2025-07-02T06:07:17.753+0000] {processor.py:840} INFO - DAG(s) 'etl_pipeline_sample' retrieved from /opt/airflow/dags/etl_pipeline_sample.py
[2025-07-02T06:07:17.793+0000] {logging_mixin.py:188} INFO - [2025-07-02T06:07:17.793+0000] {dag.py:3047} INFO - Sync 1 DAGs
[2025-07-02T06:07:17.823+0000] {logging_mixin.py:188} INFO - [2025-07-02T06:07:17.822+0000] {dag.py:3834} INFO - Setting next_dagrun for etl_pipeline_sample to None, run_after=None
[2025-07-02T06:07:17.899+0000] {processor.py:183} INFO - Processing /opt/airflow/dags/etl_pipeline_sample.py took 0.195 seconds
[2025-07-02T06:07:48.343+0000] {processor.py:161} INFO - Started process (PID=140) to work on /opt/airflow/dags/etl_pipeline_sample.py
[2025-07-02T06:07:48.345+0000] {processor.py:830} INFO - Processing file /opt/airflow/dags/etl_pipeline_sample.py for tasks to queue
[2025-07-02T06:07:48.350+0000] {logging_mixin.py:188} INFO - [2025-07-02T06:07:48.349+0000] {dagbag.py:540} INFO - Filling up the DagBag from /opt/airflow/dags/etl_pipeline_sample.py
[2025-07-02T06:07:48.416+0000] {processor.py:840} INFO - DAG(s) 'etl_pipeline_sample' retrieved from /opt/airflow/dags/etl_pipeline_sample.py
[2025-07-02T06:07:48.450+0000] {logging_mixin.py:188} INFO - [2025-07-02T06:07:48.449+0000] {dag.py:3047} INFO - Sync 1 DAGs
[2025-07-02T06:07:48.464+0000] {logging_mixin.py:188} INFO - [2025-07-02T06:07:48.464+0000] {dag.py:3834} INFO - Setting next_dagrun for etl_pipeline_sample to None, run_after=None
[2025-07-02T06:07:48.573+0000] {processor.py:183} INFO - Processing /opt/airflow/dags/etl_pipeline_sample.py took 0.235 seconds
[2025-07-02T06:08:18.735+0000] {processor.py:161} INFO - Started process (PID=143) to work on /opt/airflow/dags/etl_pipeline_sample.py
[2025-07-02T06:08:18.737+0000] {processor.py:830} INFO - Processing file /opt/airflow/dags/etl_pipeline_sample.py for tasks to queue
[2025-07-02T06:08:18.739+0000] {logging_mixin.py:188} INFO - [2025-07-02T06:08:18.739+0000] {dagbag.py:540} INFO - Filling up the DagBag from /opt/airflow/dags/etl_pipeline_sample.py
[2025-07-02T06:08:18.777+0000] {processor.py:840} INFO - DAG(s) 'etl_pipeline_sample' retrieved from /opt/airflow/dags/etl_pipeline_sample.py
[2025-07-02T06:08:18.805+0000] {logging_mixin.py:188} INFO - [2025-07-02T06:08:18.804+0000] {dag.py:3047} INFO - Sync 1 DAGs
[2025-07-02T06:08:18.821+0000] {logging_mixin.py:188} INFO - [2025-07-02T06:08:18.821+0000] {dag.py:3834} INFO - Setting next_dagrun for etl_pipeline_sample to None, run_after=None
[2025-07-02T06:08:18.889+0000] {processor.py:183} INFO - Processing /opt/airflow/dags/etl_pipeline_sample.py took 0.158 seconds
[2025-07-02T06:08:49.431+0000] {processor.py:161} INFO - Started process (PID=146) to work on /opt/airflow/dags/etl_pipeline_sample.py
[2025-07-02T06:08:49.432+0000] {processor.py:830} INFO - Processing file /opt/airflow/dags/etl_pipeline_sample.py for tasks to queue
[2025-07-02T06:08:49.436+0000] {logging_mixin.py:188} INFO - [2025-07-02T06:08:49.435+0000] {dagbag.py:540} INFO - Filling up the DagBag from /opt/airflow/dags/etl_pipeline_sample.py
[2025-07-02T06:08:49.478+0000] {processor.py:840} INFO - DAG(s) 'etl_pipeline_sample' retrieved from /opt/airflow/dags/etl_pipeline_sample.py
[2025-07-02T06:08:49.517+0000] {logging_mixin.py:188} INFO - [2025-07-02T06:08:49.517+0000] {dag.py:3047} INFO - Sync 1 DAGs
[2025-07-02T06:08:49.536+0000] {logging_mixin.py:188} INFO - [2025-07-02T06:08:49.536+0000] {dag.py:3834} INFO - Setting next_dagrun for etl_pipeline_sample to None, run_after=None
[2025-07-02T06:08:49.595+0000] {processor.py:183} INFO - Processing /opt/airflow/dags/etl_pipeline_sample.py took 0.169 seconds
[2025-07-02T06:09:20.265+0000] {processor.py:161} INFO - Started process (PID=149) to work on /opt/airflow/dags/etl_pipeline_sample.py
[2025-07-02T06:09:20.267+0000] {processor.py:830} INFO - Processing file /opt/airflow/dags/etl_pipeline_sample.py for tasks to queue
[2025-07-02T06:09:20.270+0000] {logging_mixin.py:188} INFO - [2025-07-02T06:09:20.269+0000] {dagbag.py:540} INFO - Filling up the DagBag from /opt/airflow/dags/etl_pipeline_sample.py
[2025-07-02T06:09:20.300+0000] {processor.py:840} INFO - DAG(s) 'etl_pipeline_sample' retrieved from /opt/airflow/dags/etl_pipeline_sample.py
[2025-07-02T06:09:20.328+0000] {logging_mixin.py:188} INFO - [2025-07-02T06:09:20.328+0000] {dag.py:3047} INFO - Sync 1 DAGs
[2025-07-02T06:09:20.342+0000] {logging_mixin.py:188} INFO - [2025-07-02T06:09:20.342+0000] {dag.py:3834} INFO - Setting next_dagrun for etl_pipeline_sample to None, run_after=None
[2025-07-02T06:09:20.459+0000] {processor.py:183} INFO - Processing /opt/airflow/dags/etl_pipeline_sample.py took 0.198 seconds
[2025-07-02T06:09:51.015+0000] {processor.py:161} INFO - Started process (PID=152) to work on /opt/airflow/dags/etl_pipeline_sample.py
[2025-07-02T06:09:51.017+0000] {processor.py:830} INFO - Processing file /opt/airflow/dags/etl_pipeline_sample.py for tasks to queue
[2025-07-02T06:09:51.019+0000] {logging_mixin.py:188} INFO - [2025-07-02T06:09:51.019+0000] {dagbag.py:540} INFO - Filling up the DagBag from /opt/airflow/dags/etl_pipeline_sample.py
[2025-07-02T06:09:51.054+0000] {processor.py:840} INFO - DAG(s) 'etl_pipeline_sample' retrieved from /opt/airflow/dags/etl_pipeline_sample.py
[2025-07-02T06:09:51.084+0000] {logging_mixin.py:188} INFO - [2025-07-02T06:09:51.084+0000] {dag.py:3047} INFO - Sync 1 DAGs
[2025-07-02T06:09:51.112+0000] {logging_mixin.py:188} INFO - [2025-07-02T06:09:51.112+0000] {dag.py:3834} INFO - Setting next_dagrun for etl_pipeline_sample to None, run_after=None
[2025-07-02T06:09:51.211+0000] {processor.py:183} INFO - Processing /opt/airflow/dags/etl_pipeline_sample.py took 0.201 seconds
[2025-07-02T06:10:21.463+0000] {processor.py:161} INFO - Started process (PID=155) to work on /opt/airflow/dags/etl_pipeline_sample.py
[2025-07-02T06:10:21.465+0000] {processor.py:830} INFO - Processing file /opt/airflow/dags/etl_pipeline_sample.py for tasks to queue
[2025-07-02T06:10:21.470+0000] {logging_mixin.py:188} INFO - [2025-07-02T06:10:21.469+0000] {dagbag.py:540} INFO - Filling up the DagBag from /opt/airflow/dags/etl_pipeline_sample.py
[2025-07-02T06:10:21.536+0000] {processor.py:840} INFO - DAG(s) 'etl_pipeline_sample' retrieved from /opt/airflow/dags/etl_pipeline_sample.py
[2025-07-02T06:10:21.614+0000] {logging_mixin.py:188} INFO - [2025-07-02T06:10:21.613+0000] {dag.py:3047} INFO - Sync 1 DAGs
[2025-07-02T06:10:21.642+0000] {logging_mixin.py:188} INFO - [2025-07-02T06:10:21.642+0000] {dag.py:3834} INFO - Setting next_dagrun for etl_pipeline_sample to None, run_after=None
[2025-07-02T06:10:21.727+0000] {processor.py:183} INFO - Processing /opt/airflow/dags/etl_pipeline_sample.py took 0.272 seconds
[2025-07-02T06:10:52.127+0000] {processor.py:161} INFO - Started process (PID=158) to work on /opt/airflow/dags/etl_pipeline_sample.py
[2025-07-02T06:10:52.130+0000] {processor.py:830} INFO - Processing file /opt/airflow/dags/etl_pipeline_sample.py for tasks to queue
[2025-07-02T06:10:52.137+0000] {logging_mixin.py:188} INFO - [2025-07-02T06:10:52.136+0000] {dagbag.py:540} INFO - Filling up the DagBag from /opt/airflow/dags/etl_pipeline_sample.py
[2025-07-02T06:10:52.205+0000] {processor.py:840} INFO - DAG(s) 'etl_pipeline_sample' retrieved from /opt/airflow/dags/etl_pipeline_sample.py
[2025-07-02T06:10:52.257+0000] {logging_mixin.py:188} INFO - [2025-07-02T06:10:52.256+0000] {dag.py:3047} INFO - Sync 1 DAGs
[2025-07-02T06:10:52.299+0000] {logging_mixin.py:188} INFO - [2025-07-02T06:10:52.298+0000] {dag.py:3834} INFO - Setting next_dagrun for etl_pipeline_sample to None, run_after=None
[2025-07-02T06:10:52.371+0000] {processor.py:183} INFO - Processing /opt/airflow/dags/etl_pipeline_sample.py took 0.252 seconds
[2025-07-02T06:11:23.121+0000] {processor.py:161} INFO - Started process (PID=161) to work on /opt/airflow/dags/etl_pipeline_sample.py
[2025-07-02T06:11:23.124+0000] {processor.py:830} INFO - Processing file /opt/airflow/dags/etl_pipeline_sample.py for tasks to queue
[2025-07-02T06:11:23.128+0000] {logging_mixin.py:188} INFO - [2025-07-02T06:11:23.128+0000] {dagbag.py:540} INFO - Filling up the DagBag from /opt/airflow/dags/etl_pipeline_sample.py
[2025-07-02T06:11:23.196+0000] {processor.py:840} INFO - DAG(s) 'etl_pipeline_sample' retrieved from /opt/airflow/dags/etl_pipeline_sample.py
[2025-07-02T06:11:23.243+0000] {logging_mixin.py:188} INFO - [2025-07-02T06:11:23.242+0000] {dag.py:3047} INFO - Sync 1 DAGs
[2025-07-02T06:11:23.259+0000] {logging_mixin.py:188} INFO - [2025-07-02T06:11:23.259+0000] {dag.py:3834} INFO - Setting next_dagrun for etl_pipeline_sample to None, run_after=None
[2025-07-02T06:11:23.301+0000] {processor.py:183} INFO - Processing /opt/airflow/dags/etl_pipeline_sample.py took 0.191 seconds
[2025-07-02T06:11:53.536+0000] {processor.py:161} INFO - Started process (PID=164) to work on /opt/airflow/dags/etl_pipeline_sample.py
[2025-07-02T06:11:53.538+0000] {processor.py:830} INFO - Processing file /opt/airflow/dags/etl_pipeline_sample.py for tasks to queue
[2025-07-02T06:11:53.540+0000] {logging_mixin.py:188} INFO - [2025-07-02T06:11:53.540+0000] {dagbag.py:540} INFO - Filling up the DagBag from /opt/airflow/dags/etl_pipeline_sample.py
[2025-07-02T06:11:53.579+0000] {processor.py:840} INFO - DAG(s) 'etl_pipeline_sample' retrieved from /opt/airflow/dags/etl_pipeline_sample.py
[2025-07-02T06:11:53.611+0000] {logging_mixin.py:188} INFO - [2025-07-02T06:11:53.611+0000] {dag.py:3047} INFO - Sync 1 DAGs
[2025-07-02T06:11:53.623+0000] {logging_mixin.py:188} INFO - [2025-07-02T06:11:53.623+0000] {dag.py:3834} INFO - Setting next_dagrun for etl_pipeline_sample to None, run_after=None
[2025-07-02T06:11:53.651+0000] {processor.py:183} INFO - Processing /opt/airflow/dags/etl_pipeline_sample.py took 0.119 seconds
[2025-07-02T06:12:23.807+0000] {processor.py:161} INFO - Started process (PID=167) to work on /opt/airflow/dags/etl_pipeline_sample.py
[2025-07-02T06:12:23.810+0000] {processor.py:830} INFO - Processing file /opt/airflow/dags/etl_pipeline_sample.py for tasks to queue
[2025-07-02T06:12:23.813+0000] {logging_mixin.py:188} INFO - [2025-07-02T06:12:23.813+0000] {dagbag.py:540} INFO - Filling up the DagBag from /opt/airflow/dags/etl_pipeline_sample.py
[2025-07-02T06:12:23.852+0000] {processor.py:840} INFO - DAG(s) 'etl_pipeline_sample' retrieved from /opt/airflow/dags/etl_pipeline_sample.py
[2025-07-02T06:12:23.881+0000] {logging_mixin.py:188} INFO - [2025-07-02T06:12:23.881+0000] {dag.py:3047} INFO - Sync 1 DAGs
[2025-07-02T06:12:23.895+0000] {logging_mixin.py:188} INFO - [2025-07-02T06:12:23.894+0000] {dag.py:3834} INFO - Setting next_dagrun for etl_pipeline_sample to None, run_after=None
[2025-07-02T06:12:23.933+0000] {processor.py:183} INFO - Processing /opt/airflow/dags/etl_pipeline_sample.py took 0.130 seconds
