[2025-06-26T06:30:44.804+0000] {taskinstance.py:1979} INFO - Dependencies all met for dep_context=non-requeueable deps ti=<TaskInstance: django_etl_monitor.run_etl_from_django manual__2025-06-26T06:30:42.757617+00:00 [queued]>
[2025-06-26T06:30:44.817+0000] {taskinstance.py:1979} INFO - Dependencies all met for dep_context=requeueable deps ti=<TaskInstance: django_etl_monitor.run_etl_from_django manual__2025-06-26T06:30:42.757617+00:00 [queued]>
[2025-06-26T06:30:44.819+0000] {taskinstance.py:2193} INFO - Starting attempt 1 of 1
[2025-06-26T06:30:44.844+0000] {taskinstance.py:2214} INFO - Executing <Task(PythonOperator): run_etl_from_django> on 2025-06-26 06:30:42.757617+00:00
[2025-06-26T06:30:44.851+0000] {standard_task_runner.py:60} INFO - Started process 68 to run task
[2025-06-26T06:30:44.856+0000] {standard_task_runner.py:87} INFO - Running: ['***', 'tasks', 'run', 'django_etl_monitor', 'run_etl_from_django', 'manual__2025-06-26T06:30:42.757617+00:00', '--job-id', '145', '--raw', '--subdir', 'DAGS_FOLDER/django_etl_monitor.py', '--cfg-path', '/tmp/tmpa4wsqgj_']
[2025-06-26T06:30:44.860+0000] {standard_task_runner.py:88} INFO - Job 145: Subtask run_etl_from_django
[2025-06-26T06:30:44.948+0000] {task_command.py:423} INFO - Running <TaskInstance: django_etl_monitor.run_etl_from_django manual__2025-06-26T06:30:42.757617+00:00 [running]> on host e384131eec2a
[2025-06-26T06:30:45.049+0000] {taskinstance.py:2510} INFO - Exporting env vars: AIRFLOW_CTX_DAG_OWNER='***' AIRFLOW_CTX_DAG_ID='django_etl_monitor' AIRFLOW_CTX_TASK_ID='run_etl_from_django' AIRFLOW_CTX_EXECUTION_DATE='2025-06-26T06:30:42.757617+00:00' AIRFLOW_CTX_TRY_NUMBER='1' AIRFLOW_CTX_DAG_RUN_ID='manual__2025-06-26T06:30:42.757617+00:00'
[2025-06-26T06:30:45.051+0000] {logging_mixin.py:188} INFO - [Airflow DAG] Received conf: {'job_id': 96, 'name': 'One-to-One Load', 'source_table': 'xyz', 'target_table': 'target1', 'transformation_rule': '{"nodes": [{"id": "1", "type": "custom", "data": {"label": "xyz", "type": "input"}, "position": {"x": 0, "y": 100}, "width": 201, "height": 42, "selected": false, "dragging": false}, {"id": "2", "type": "custom", "data": {"label": "target1", "type": "output"}, "position": {"x": 500.93893095169767, "y": 100}, "width": 201, "height": 42, "selected": true, "positionAbsolute": {"x": 500.93893095169767, "y": 100}, "dragging": false}, {"id": "3", "type": "custom", "data": {"label": "Rollup", "type": "rollup", "groupBy": ["name"], "aggregations": {}}, "position": {"x": 252, "y": 82.800048828125}, "width": 201, "height": 82, "selected": false, "positionAbsolute": {"x": 252, "y": 82.800048828125}, "dragging": false}], "edges": [{"source": "1", "sourceHandle": null, "target": "3", "targetHandle": null, "id": "1-3"}, {"source": "3", "sourceHandle": null, "target": "2", "targetHandle": null, "id": "3-2"}]}'}
[2025-06-26T06:30:45.162+0000] {logging_mixin.py:188} INFO - --- DataFrame to be written to target table ---
[2025-06-26T06:30:45.172+0000] {logging_mixin.py:188} INFO -       name
0    ALICE
1  sahithi
[2025-06-26T06:30:45.175+0000] {logging_mixin.py:188} INFO - name    object
dtype: object
[2025-06-26T06:30:45.176+0000] {logging_mixin.py:188} INFO - Rows to write: 2
[2025-06-26T06:30:45.359+0000] {logging_mixin.py:188} INFO - ✅ ETL complete: 2 rows written to target1
[2025-06-26T06:30:45.361+0000] {python.py:202} INFO - Done. Returned value was: None
[2025-06-26T06:30:45.594+0000] {taskinstance.py:1149} INFO - Marking task as SUCCESS. dag_id=django_etl_monitor, task_id=run_etl_from_django, execution_date=20250626T063042, start_date=20250626T063044, end_date=20250626T063045
[2025-06-26T06:30:45.635+0000] {local_task_job_runner.py:234} INFO - Task exited with return code 0
[2025-06-26T06:30:45.659+0000] {taskinstance.py:3309} INFO - 0 downstream tasks scheduled from follow-on schedule check
