[2025-06-26T06:53:20.228+0000] {taskinstance.py:1979} INFO - Dependencies all met for dep_context=non-requeueable deps ti=<TaskInstance: django_etl_monitor.run_etl_from_django manual__2025-06-26T06:53:18.375186+00:00 [queued]>
[2025-06-26T06:53:20.243+0000] {taskinstance.py:1979} INFO - Dependencies all met for dep_context=requeueable deps ti=<TaskInstance: django_etl_monitor.run_etl_from_django manual__2025-06-26T06:53:18.375186+00:00 [queued]>
[2025-06-26T06:53:20.244+0000] {taskinstance.py:2193} INFO - Starting attempt 1 of 1
[2025-06-26T06:53:20.275+0000] {taskinstance.py:2214} INFO - Executing <Task(PythonOperator): run_etl_from_django> on 2025-06-26 06:53:18.375186+00:00
[2025-06-26T06:53:20.283+0000] {standard_task_runner.py:60} INFO - Started process 74 to run task
[2025-06-26T06:53:20.289+0000] {standard_task_runner.py:87} INFO - Running: ['***', 'tasks', 'run', 'django_etl_monitor', 'run_etl_from_django', 'manual__2025-06-26T06:53:18.375186+00:00', '--job-id', '147', '--raw', '--subdir', 'DAGS_FOLDER/django_etl_monitor.py', '--cfg-path', '/tmp/tmpz9iun1ib']
[2025-06-26T06:53:20.293+0000] {standard_task_runner.py:88} INFO - Job 147: Subtask run_etl_from_django
[2025-06-26T06:53:20.367+0000] {task_command.py:423} INFO - Running <TaskInstance: django_etl_monitor.run_etl_from_django manual__2025-06-26T06:53:18.375186+00:00 [running]> on host e384131eec2a
[2025-06-26T06:53:20.489+0000] {taskinstance.py:2510} INFO - Exporting env vars: AIRFLOW_CTX_DAG_OWNER='***' AIRFLOW_CTX_DAG_ID='django_etl_monitor' AIRFLOW_CTX_TASK_ID='run_etl_from_django' AIRFLOW_CTX_EXECUTION_DATE='2025-06-26T06:53:18.375186+00:00' AIRFLOW_CTX_TRY_NUMBER='1' AIRFLOW_CTX_DAG_RUN_ID='manual__2025-06-26T06:53:18.375186+00:00'
[2025-06-26T06:53:20.492+0000] {logging_mixin.py:188} INFO - [Airflow DAG] Received conf: {'job_id': 98, 'name': 'One-to-One Load', 'source_table': 'source_data', 'target_table': 'xxx', 'transformation_rule': '{"nodes": [{"id": "1", "type": "custom", "data": {"label": "source_data", "type": "input"}, "position": {"x": 0, "y": 100}, "width": 201, "height": 42, "selected": false, "dragging": false}, {"id": "2", "type": "custom", "data": {"label": "xxx", "type": "output"}, "position": {"x": 500, "y": 100}, "width": 201, "height": 42, "selected": false, "dragging": false}, {"id": "3", "type": "custom", "data": {"label": "Joiner", "type": "joiner", "joinTable": "xyz", "joinCondition": "source_date.id=xyz.id", "joinType": "inner"}, "position": {"x": 228, "y": 87.19999999999959}, "width": 211, "height": 99, "selected": false, "positionAbsolute": {"x": 228, "y": 87.19999999999959}, "dragging": false}], "edges": [{"source": "1", "sourceHandle": null, "target": "3", "targetHandle": null, "id": "1-3"}, {"source": "3", "sourceHandle": null, "target": "2", "targetHandle": null, "id": "3-2"}]}'}
[2025-06-26T06:53:20.644+0000] {logging_mixin.py:188} INFO - --- DataFrame to be written to target table ---
[2025-06-26T06:53:20.652+0000] {logging_mixin.py:188} INFO -    id     name  age
0   1    ALICE   30
1   2  sahithi   30
[2025-06-26T06:53:20.654+0000] {logging_mixin.py:188} INFO - id       int64
name    object
age      int64
dtype: object
[2025-06-26T06:53:20.655+0000] {logging_mixin.py:188} INFO - Rows to write: 2
[2025-06-26T06:53:20.846+0000] {logging_mixin.py:188} INFO - ✅ ETL complete: 2 rows written to xxx
[2025-06-26T06:53:20.848+0000] {python.py:202} INFO - Done. Returned value was: None
[2025-06-26T06:53:21.124+0000] {taskinstance.py:1149} INFO - Marking task as SUCCESS. dag_id=django_etl_monitor, task_id=run_etl_from_django, execution_date=20250626T065318, start_date=20250626T065320, end_date=20250626T065321
[2025-06-26T06:53:21.188+0000] {local_task_job_runner.py:234} INFO - Task exited with return code 0
[2025-06-26T06:53:21.217+0000] {taskinstance.py:3309} INFO - 0 downstream tasks scheduled from follow-on schedule check
