[2025-06-26T06:21:26.249+0000] {taskinstance.py:1979} INFO - Dependencies all met for dep_context=non-requeueable deps ti=<TaskInstance: django_etl_monitor.run_etl_from_django manual__2025-06-26T06:21:23.920146+00:00 [queued]>
[2025-06-26T06:21:26.271+0000] {taskinstance.py:1979} INFO - Dependencies all met for dep_context=requeueable deps ti=<TaskInstance: django_etl_monitor.run_etl_from_django manual__2025-06-26T06:21:23.920146+00:00 [queued]>
[2025-06-26T06:21:26.273+0000] {taskinstance.py:2193} INFO - Starting attempt 1 of 1
[2025-06-26T06:21:26.303+0000] {taskinstance.py:2214} INFO - Executing <Task(PythonOperator): run_etl_from_django> on 2025-06-26 06:21:23.920146+00:00
[2025-06-26T06:21:26.312+0000] {standard_task_runner.py:60} INFO - Started process 65 to run task
[2025-06-26T06:21:26.317+0000] {standard_task_runner.py:87} INFO - Running: ['***', 'tasks', 'run', 'django_etl_monitor', 'run_etl_from_django', 'manual__2025-06-26T06:21:23.920146+00:00', '--job-id', '144', '--raw', '--subdir', 'DAGS_FOLDER/django_etl_monitor.py', '--cfg-path', '/tmp/tmprft97abk']
[2025-06-26T06:21:26.322+0000] {standard_task_runner.py:88} INFO - Job 144: Subtask run_etl_from_django
[2025-06-26T06:21:26.425+0000] {task_command.py:423} INFO - Running <TaskInstance: django_etl_monitor.run_etl_from_django manual__2025-06-26T06:21:23.920146+00:00 [running]> on host e384131eec2a
[2025-06-26T06:21:26.576+0000] {taskinstance.py:2510} INFO - Exporting env vars: AIRFLOW_CTX_DAG_OWNER='***' AIRFLOW_CTX_DAG_ID='django_etl_monitor' AIRFLOW_CTX_TASK_ID='run_etl_from_django' AIRFLOW_CTX_EXECUTION_DATE='2025-06-26T06:21:23.920146+00:00' AIRFLOW_CTX_TRY_NUMBER='1' AIRFLOW_CTX_DAG_RUN_ID='manual__2025-06-26T06:21:23.920146+00:00'
[2025-06-26T06:21:26.584+0000] {logging_mixin.py:188} INFO - [Airflow DAG] Received conf: {'job_id': 95, 'name': 'One-to-One Load', 'source_table': 'source_data', 'target_table': 'xyz', 'transformation_rule': '{"nodes": [{"id": "1", "type": "custom", "data": {"label": "source_data", "type": "input"}, "position": {"x": 0, "y": 100}, "width": 201, "height": 42, "selected": true, "dragging": false}, {"id": "2", "type": "custom", "data": {"label": "xyz", "type": "output"}, "position": {"x": 500, "y": 100}, "width": 201, "height": 42, "selected": false, "dragging": false}], "edges": [{"source": "1", "sourceHandle": null, "target": "2", "targetHandle": null, "id": "1-2"}]}'}
[2025-06-26T06:21:26.831+0000] {logging_mixin.py:188} INFO - --- DataFrame to be written to target table ---
[2025-06-26T06:21:26.854+0000] {logging_mixin.py:188} INFO -    id     name  age
0   1    ALICE   30
1   2  sahithi   30
[2025-06-26T06:21:26.857+0000] {logging_mixin.py:188} INFO - id       int64
name    object
age      int64
dtype: object
[2025-06-26T06:21:26.858+0000] {logging_mixin.py:188} INFO - Rows to write: 2
[2025-06-26T06:21:26.977+0000] {logging_mixin.py:188} INFO - ✅ ETL complete: 2 rows written to xyz
[2025-06-26T06:21:26.979+0000] {python.py:202} INFO - Done. Returned value was: None
[2025-06-26T06:21:27.699+0000] {taskinstance.py:1149} INFO - Marking task as SUCCESS. dag_id=django_etl_monitor, task_id=run_etl_from_django, execution_date=20250626T062123, start_date=20250626T062126, end_date=20250626T062127
[2025-06-26T06:21:27.780+0000] {local_task_job_runner.py:234} INFO - Task exited with return code 0
[2025-06-26T06:21:27.817+0000] {taskinstance.py:3309} INFO - 0 downstream tasks scheduled from follow-on schedule check
