[2025-06-25T11:50:48.460+0000] {taskinstance.py:1979} INFO - Dependencies all met for dep_context=non-requeueable deps ti=<TaskInstance: django_etl_monitor.run_etl_from_django manual__2025-06-25T11:50:46.637921+00:00 [queued]>
[2025-06-25T11:50:48.474+0000] {taskinstance.py:1979} INFO - Dependencies all met for dep_context=requeueable deps ti=<TaskInstance: django_etl_monitor.run_etl_from_django manual__2025-06-25T11:50:46.637921+00:00 [queued]>
[2025-06-25T11:50:48.476+0000] {taskinstance.py:2193} INFO - Starting attempt 1 of 1
[2025-06-25T11:50:48.502+0000] {taskinstance.py:2214} INFO - Executing <Task(PythonOperator): run_etl_from_django> on 2025-06-25 11:50:46.637921+00:00
[2025-06-25T11:50:48.509+0000] {standard_task_runner.py:60} INFO - Started process 99 to run task
[2025-06-25T11:50:48.513+0000] {standard_task_runner.py:87} INFO - Running: ['***', 'tasks', 'run', 'django_etl_monitor', 'run_etl_from_django', 'manual__2025-06-25T11:50:46.637921+00:00', '--job-id', '137', '--raw', '--subdir', 'DAGS_FOLDER/django_etl_monitor.py', '--cfg-path', '/tmp/tmpirvojai4']
[2025-06-25T11:50:48.517+0000] {standard_task_runner.py:88} INFO - Job 137: Subtask run_etl_from_django
[2025-06-25T11:50:48.638+0000] {task_command.py:423} INFO - Running <TaskInstance: django_etl_monitor.run_etl_from_django manual__2025-06-25T11:50:46.637921+00:00 [running]> on host e384131eec2a
[2025-06-25T11:50:48.967+0000] {taskinstance.py:2510} INFO - Exporting env vars: AIRFLOW_CTX_DAG_OWNER='***' AIRFLOW_CTX_DAG_ID='django_etl_monitor' AIRFLOW_CTX_TASK_ID='run_etl_from_django' AIRFLOW_CTX_EXECUTION_DATE='2025-06-25T11:50:46.637921+00:00' AIRFLOW_CTX_TRY_NUMBER='1' AIRFLOW_CTX_DAG_RUN_ID='manual__2025-06-25T11:50:46.637921+00:00'
[2025-06-25T11:50:48.970+0000] {logging_mixin.py:188} INFO - [Airflow DAG] Received conf: {'job_id': 90, 'name': 'Filter + Expression Load', 'source_table': 'source_data', 'target_table': 'test_basic_f4', 'transformation_rule': '{"nodes": [{"id": "1", "type": "custom", "data": {"label": "source_data", "type": "input"}, "position": {"x": 0, "y": 100}, "width": 201, "height": 42, "selected": false, "dragging": false}, {"id": "2", "type": "custom", "data": {"label": "test_basic_f4", "type": "output"}, "position": {"x": 908.6434048899173, "y": 69.89523418950384}, "width": 201, "height": 42, "selected": true, "dragging": false, "positionAbsolute": {"x": 908.6434048899173, "y": 69.89523418950384}}, {"id": "3", "type": "custom", "data": {"label": "Filter", "type": "filter", "condition": "age>20"}, "position": {"x": 246.4139375048311, "y": 92.91781529164284}, "width": 201, "height": 70, "selected": false, "positionAbsolute": {"x": 246.4139375048311, "y": 92.91781529164284}, "dragging": false}, {"id": "4", "type": "custom", "data": {"label": "Expression", "type": "expression", "expressions": [{"column": "name", "expression": "upper(name)"}]}, "position": {"x": 486.88074802287065, "y": 76.15139454906456}, "width": 201, "height": 96, "selected": false, "positionAbsolute": {"x": 486.88074802287065, "y": 76.15139454906456}, "dragging": false}, {"id": "5", "type": "custom", "data": {"label": "Rollup", "type": "rollup", "groupBy": ["name"], "aggregations": {}}, "position": {"x": 698.5318675651206, "y": 70.13458392215286}, "width": 201, "height": 82, "selected": false, "positionAbsolute": {"x": 698.5318675651206, "y": 70.13458392215286}, "dragging": false}], "edges": [{"source": "1", "sourceHandle": null, "target": "3", "targetHandle": null, "id": "1-3"}, {"source": "3", "sourceHandle": null, "target": "4", "targetHandle": null, "id": "3-4"}, {"source": "4", "sourceHandle": null, "target": "5", "targetHandle": null, "id": "4-5"}, {"source": "5", "sourceHandle": null, "target": "2", "targetHandle": null, "id": "5-2"}]}'}
[2025-06-25T11:50:49.227+0000] {logging_mixin.py:188} INFO - --- DataFrame to be written to target table ---
[2025-06-25T11:50:49.239+0000] {logging_mixin.py:188} INFO -    id     name  age
0   1    ALICE   30
1   2  SAHITHI   30
[2025-06-25T11:50:49.241+0000] {logging_mixin.py:188} INFO - id       int64
name    object
age      int64
dtype: object
[2025-06-25T11:50:49.243+0000] {logging_mixin.py:188} INFO - Rows to write: 2
[2025-06-25T11:50:49.391+0000] {logging_mixin.py:188} INFO - ✅ ETL complete: 2 rows written to test_basic_f4
[2025-06-25T11:50:49.392+0000] {python.py:202} INFO - Done. Returned value was: None
[2025-06-25T11:50:49.591+0000] {taskinstance.py:1149} INFO - Marking task as SUCCESS. dag_id=django_etl_monitor, task_id=run_etl_from_django, execution_date=20250625T115046, start_date=20250625T115048, end_date=20250625T115049
[2025-06-25T11:50:49.656+0000] {local_task_job_runner.py:234} INFO - Task exited with return code 0
[2025-06-25T11:50:49.688+0000] {taskinstance.py:3309} INFO - 0 downstream tasks scheduled from follow-on schedule check
